2026-01-05T11:54:39.042Z CLI info [main]     Server listening on port: 5400
2026-01-05T11:54:40.182Z CLI info     Config : {"userName":"[REDACTED]","accessKey":"[REDACTED]","projectName":"BrowserStack Samples","buildName":"browserstack build","buildIdentifier":"#${BUILD_NUMBER}","framework":"testng","platforms":[{"os":"Windows","osVersion":"11","browserName":"Chrome","browserVersion":"latest"},{"os":"Windows","osVersion":"11","browserName":"Edge","browserVersion":"latest"},{"os":"Windows","osVersion":"11","browserName":"Firefox","browserVersion":"latest","browserstackLocal":true},{"os":"OS X","osVersion":"Big Sur","browserName":"Chrome","browserVersion":"latest"},{"os":"Windows","osVersion":"10","browserName":"Edge","browserVersion":"latest"},{"deviceName":"Samsung Galaxy S22 Ultra","browserName":"chrome","osVersion":"12.0","buildName":"browserstack-build-1","projectName":"BrowserStack Sample"}],"parallelsPerPlatform":1,"source":"testng:sample-master:v1.1","browserstackLocal":true,"debug":false,"networkLogs":false,"consoleLogs":"errors","testObservability":true}
2026-01-05T11:54:40.199Z CLI info     Should start debug utility: undefined
2026-01-05T11:54:40.203Z CLI info [testhub:module]  [theekshanipramod_ixK9dR]   [3fdea979-730b-49c8-a6da-79317baee1e1]  Starting testhub from 24676:0
2026-01-05T11:54:40.204Z CLI info  [theekshanipramod_ixK9dR]   [3fdea979-730b-49c8-a6da-79317baee1e1]  [PRODUCTION] Making POST request to https://sdk.browserstack.com
2026-01-05T11:54:41.589Z CLI info [testhub:module]  [theekshanipramod_ixK9dR]   [3fdea979-730b-49c8-a6da-79317baee1e1]  startBuild: response=zrpjloza0aourrt7rubtkpntaxvxfxuk7tuepdvf
2026-01-05T11:54:41.592Z CLI info  [theekshanipramod_ixK9dR]  [zrpjloza0aourrt7rubtkpntaxvxfxuk7tuepdvf]  [3fdea979-730b-49c8-a6da-79317baee1e1]  [PRODUCTION] Making POST request to https://api.browserstack.com
2026-01-05T11:54:54.523Z CLI info  [theekshanipramod_ixK9dR]  [zrpjloza0aourrt7rubtkpntaxvxfxuk7tuepdvf]  [3fdea979-730b-49c8-a6da-79317baee1e1]  [PRODUCTION] Making GET request to https://hub.browserstack.com
2026-01-05T11:54:55.416Z CLI info  [theekshanipramod_ixK9dR]  [zrpjloza0aourrt7rubtkpntaxvxfxuk7tuepdvf]  [3fdea979-730b-49c8-a6da-79317baee1e1]  [PRODUCTION] Making GET request to https://hub-aps.browserstack.com
2026-01-05T11:54:56.171Z CLI info  [theekshanipramod_ixK9dR]  [zrpjloza0aourrt7rubtkpntaxvxfxuk7tuepdvf]  [3fdea979-730b-49c8-a6da-79317baee1e1]  [PRODUCTION] Making GET request to https://hub-euw.browserstack.com
2026-01-05T11:54:57.176Z CLI info  [theekshanipramod_ixK9dR]  [zrpjloza0aourrt7rubtkpntaxvxfxuk7tuepdvf]  [3fdea979-730b-49c8-a6da-79317baee1e1]  [PRODUCTION] Making GET request to https://hub-apse.browserstack.com
2026-01-05T11:55:03.465Z CLI info [testhub:request-queue-handler]  [theekshanipramod_ixK9dR]  [zrpjloza0aourrt7rubtkpntaxvxfxuk7tuepdvf]  [3fdea979-730b-49c8-a6da-79317baee1e1]  Added the event {
  event_type: 'HookRunStarted',
  hook_run: {
    type: 'hook',
    hook_type: 'BEFORE_METHOD',
    framework: 'TestNG',
    uuid: '866bf8ae-633f-483e-ac5c-5ed737287a28',
    name: 'setUp',
    result: 'pending',
    test_run_id: '4308df46-4b05-4032-985a-fedd043d9289',
    body: { lang: 'java', code: null },
    scope: 'Cross-Platform.com.browserstack.BStackDemoTest',
    custom_metadata: {},
    tags: [],
    scopes: [ 'Cross-Platform', 'com.browserstack.BStackDemoTest' ],
    file_name: 'testng-browserstack-master\\src\\test\\java\\com\\browserstack\\BStackDemoTest.java',
    vc_filepath: 'testng-browserstack-master\\src\\test\\java\\com\\browserstack\\BStackDemoTest.java',
    location: 'testng-browserstack-master\\src\\test\\java\\com\\browserstack\\BStackDemoTest.java',
    started_at: '2026-01-05T11:55:03.438Z'
  },
  logs: []
} to 24676:0
2026-01-05T11:55:03.467Z CLI info [testhub:request-queue-handler]  [theekshanipramod_ixK9dR]  [zrpjloza0aourrt7rubtkpntaxvxfxuk7tuepdvf]  [3fdea979-730b-49c8-a6da-79317baee1e1]  Added the event {
  event_type: 'HookRunStarted',
  hook_run: {
    type: 'hook',
    hook_type: 'BEFORE_METHOD',
    framework: 'TestNG',
    uuid: 'bc1dffe3-b74e-463d-a114-b0936a692368',
    name: 'setUp',
    result: 'pending',
    test_run_id: '6821a0fa-79d3-4293-afe3-48d3378e31a4',
    body: { lang: 'java', code: null },
    scope: 'Cross-Platform.com.browserstack.BStackDemoTest',
    custom_metadata: {},
    tags: [],
    scopes: [ 'Cross-Platform', 'com.browserstack.BStackDemoTest' ],
    file_name: 'testng-browserstack-master\\src\\test\\java\\com\\browserstack\\BStackDemoTest.java',
    vc_filepath: 'testng-browserstack-master\\src\\test\\java\\com\\browserstack\\BStackDemoTest.java',
    location: 'testng-browserstack-master\\src\\test\\java\\com\\browserstack\\BStackDemoTest.java',
    started_at: '2026-01-05T11:55:03.437Z'
  },
  logs: []
} to 24676:0
2026-01-05T11:55:03.470Z CLI info [testhub:request-queue-handler]  [theekshanipramod_ixK9dR]  [zrpjloza0aourrt7rubtkpntaxvxfxuk7tuepdvf]  [3fdea979-730b-49c8-a6da-79317baee1e1]  Added the event {
  event_type: 'HookRunStarted',
  hook_run: {
    type: 'hook',
    hook_type: 'BEFORE_METHOD',
    framework: 'TestNG',
    uuid: '33759e58-6bcc-4250-b9e4-e7830cecea9a',
    name: 'setUp',
    result: 'pending',
    test_run_id: '2523deea-21ed-4370-b672-b439a9080d5b',
    body: { lang: 'java', code: null },
    scope: 'Cross-Platform.com.browserstack.BStackDemoTest',
    custom_metadata: {},
    tags: [],
    scopes: [ 'Cross-Platform', 'com.browserstack.BStackDemoTest' ],
    file_name: 'testng-browserstack-master\\src\\test\\java\\com\\browserstack\\BStackDemoTest.java',
    vc_filepath: 'testng-browserstack-master\\src\\test\\java\\com\\browserstack\\BStackDemoTest.java',
    location: 'testng-browserstack-master\\src\\test\\java\\com\\browserstack\\BStackDemoTest.java',
    started_at: '2026-01-05T11:55:03.438Z'
  },
  logs: []
} to 24676:0
2026-01-05T11:55:03.471Z CLI info [testhub:request-queue-handler]  [theekshanipramod_ixK9dR]  [zrpjloza0aourrt7rubtkpntaxvxfxuk7tuepdvf]  [3fdea979-730b-49c8-a6da-79317baee1e1]  Added the event {
  event_type: 'HookRunStarted',
  hook_run: {
    type: 'hook',
    hook_type: 'BEFORE_METHOD',
    framework: 'TestNG',
    uuid: '0c1367a2-165c-4630-91cc-136e91c34c9e',
    name: 'setUp',
    result: 'pending',
    test_run_id: 'bf3224c5-2a05-4b3c-9a92-41da2bac77ac',
    body: { lang: 'java', code: null },
    scope: 'Cross-Platform.com.browserstack.BStackDemoTest',
    custom_metadata: {},
    tags: [],
    scopes: [ 'Cross-Platform', 'com.browserstack.BStackDemoTest' ],
    file_name: 'testng-browserstack-master\\src\\test\\java\\com\\browserstack\\BStackDemoTest.java',
    vc_filepath: 'testng-browserstack-master\\src\\test\\java\\com\\browserstack\\BStackDemoTest.java',
    location: 'testng-browserstack-master\\src\\test\\java\\com\\browserstack\\BStackDemoTest.java',
    started_at: '2026-01-05T11:55:03.437Z'
  },
  logs: []
} to 24676:0
2026-01-05T11:55:03.472Z CLI info [testhub:request-queue-handler]  [theekshanipramod_ixK9dR]  [zrpjloza0aourrt7rubtkpntaxvxfxuk7tuepdvf]  [3fdea979-730b-49c8-a6da-79317baee1e1]  Added the event {
  event_type: 'HookRunStarted',
  hook_run: {
    type: 'hook',
    hook_type: 'BEFORE_METHOD',
    framework: 'TestNG',
    uuid: 'c47de2a0-71a6-4ace-b495-9ec8d405e65c',
    name: 'setUp',
    result: 'pending',
    test_run_id: '75812f13-f6f0-4a18-b92e-c2f7ae47ec26',
    body: { lang: 'java', code: null },
    scope: 'Cross-Platform.com.browserstack.BStackDemoTest',
    custom_metadata: {},
    tags: [],
    scopes: [ 'Cross-Platform', 'com.browserstack.BStackDemoTest' ],
    file_name: 'testng-browserstack-master\\src\\test\\java\\com\\browserstack\\BStackDemoTest.java',
    vc_filepath: 'testng-browserstack-master\\src\\test\\java\\com\\browserstack\\BStackDemoTest.java',
    location: 'testng-browserstack-master\\src\\test\\java\\com\\browserstack\\BStackDemoTest.java',
    started_at: '2026-01-05T11:55:03.438Z'
  },
  logs: []
} to 24676:0
2026-01-05T11:55:03.473Z CLI info [testhub:request-queue-handler]  [theekshanipramod_ixK9dR]  [zrpjloza0aourrt7rubtkpntaxvxfxuk7tuepdvf]  [3fdea979-730b-49c8-a6da-79317baee1e1]  Added the event {
  event_type: 'HookRunStarted',
  hook_run: {
    type: 'hook',
    hook_type: 'BEFORE_METHOD',
    framework: 'TestNG',
    uuid: 'dd1a7b7c-fbcf-4030-bab4-2e2799689625',
    name: 'setUp',
    result: 'pending',
    test_run_id: '5251a219-c31e-43e0-87a7-db13c4067b66',
    body: { lang: 'java', code: null },
    scope: 'Cross-Platform.com.browserstack.BStackDemoTest',
    custom_metadata: {},
    tags: [],
    scopes: [ 'Cross-Platform', 'com.browserstack.BStackDemoTest' ],
    file_name: 'testng-browserstack-master\\src\\test\\java\\com\\browserstack\\BStackDemoTest.java',
    vc_filepath: 'testng-browserstack-master\\src\\test\\java\\com\\browserstack\\BStackDemoTest.java',
    location: 'testng-browserstack-master\\src\\test\\java\\com\\browserstack\\BStackDemoTest.java',
    started_at: '2026-01-05T11:55:03.438Z'
  },
  logs: []
} to 24676:0
2026-01-05T11:55:03.653Z CLI info [testhub:request-queue-handler]  [theekshanipramod_ixK9dR]  [zrpjloza0aourrt7rubtkpntaxvxfxuk7tuepdvf]  [3fdea979-730b-49c8-a6da-79317baee1e1]  Processing batch event [
  {
    event_type: 'HookRunStarted',
    hook_run: {
      type: 'hook',
      hook_type: 'BEFORE_METHOD',
      framework: 'TestNG',
      uuid: '866bf8ae-633f-483e-ac5c-5ed737287a28',
      name: 'setUp',
      result: 'pending',
      test_run_id: '4308df46-4b05-4032-985a-fedd043d9289',
      body: [Object],
      scope: 'Cross-Platform.com.browserstack.BStackDemoTest',
      custom_metadata: {},
      tags: [],
      scopes: [Array],
      file_name: 'testng-browserstack-master\\src\\test\\java\\com\\browserstack\\BStackDemoTest.java',
      vc_filepath: 'testng-browserstack-master\\src\\test\\java\\com\\browserstack\\BStackDemoTest.java',
      location: 'testng-browserstack-master\\src\\test\\java\\com\\browserstack\\BStackDemoTest.java',
      started_at: '2026-01-05T11:55:03.438Z'
    },
    logs: []
  },
  {
    event_type: 'HookRunStarted',
    hook_run: {
      type: 'hook',
      hook_type: 'BEFORE_METHOD',
      framework: 'TestNG',
      uuid: 'bc1dffe3-b74e-463d-a114-b0936a692368',
      name: 'setUp',
      result: 'pending',
      test_run_id: '6821a0fa-79d3-4293-afe3-48d3378e31a4',
      body: [Object],
      scope: 'Cross-Platform.com.browserstack.BStackDemoTest',
      custom_metadata: {},
      tags: [],
      scopes: [Array],
      file_name: 'testng-browserstack-master\\src\\test\\java\\com\\browserstack\\BStackDemoTest.java',
      vc_filepath: 'testng-browserstack-master\\src\\test\\java\\com\\browserstack\\BStackDemoTest.java',
      location: 'testng-browserstack-master\\src\\test\\java\\com\\browserstack\\BStackDemoTest.java',
      started_at: '2026-01-05T11:55:03.437Z'
    },
    logs: []
  },
  {
    event_type: 'HookRunStarted',
    hook_run: {
      type: 'hook',
      hook_type: 'BEFORE_METHOD',
      framework: 'TestNG',
      uuid: '33759e58-6bcc-4250-b9e4-e7830cecea9a',
      name: 'setUp',
      result: 'pending',
      test_run_id: '2523deea-21ed-4370-b672-b439a9080d5b',
      body: [Object],
      scope: 'Cross-Platform.com.browserstack.BStackDemoTest',
      custom_metadata: {},
      tags: [],
      scopes: [Array],
      file_name: 'testng-browserstack-master\\src\\test\\java\\com\\browserstack\\BStackDemoTest.java',
      vc_filepath: 'testng-browserstack-master\\src\\test\\java\\com\\browserstack\\BStackDemoTest.java',
      location: 'testng-browserstack-master\\src\\test\\java\\com\\browserstack\\BStackDemoTest.java',
      started_at: '2026-01-05T11:55:03.438Z'
    },
    logs: []
  },
  {
    event_type: 'HookRunStarted',
    hook_run: {
      type: 'hook',
      hook_type: 'BEFORE_METHOD',
      framework: 'TestNG',
      uuid: '0c1367a2-165c-4630-91cc-136e91c34c9e',
      name: 'setUp',
      result: 'pending',
      test_run_id: 'bf3224c5-2a05-4b3c-9a92-41da2bac77ac',
      body: [Object],
      scope: 'Cross-Platform.com.browserstack.BStackDemoTest',
      custom_metadata: {},
      tags: [],
      scopes: [Array],
      file_name: 'testng-browserstack-master\\src\\test\\java\\com\\browserstack\\BStackDemoTest.java',
      vc_filepath: 'testng-browserstack-master\\src\\test\\java\\com\\browserstack\\BStackDemoTest.java',
      location: 'testng-browserstack-master\\src\\test\\java\\com\\browserstack\\BStackDemoTest.java',
      started_at: '2026-01-05T11:55:03.437Z'
    },
    logs: []
  },
  {
    event_type: 'HookRunStarted',
    hook_run: {
      type: 'hook',
      hook_type: 'BEFORE_METHOD',
      framework: 'TestNG',
      uuid: 'c47de2a0-71a6-4ace-b495-9ec8d405e65c',
      name: 'setUp',
      result: 'pending',
      test_run_id: '75812f13-f6f0-4a18-b92e-c2f7ae47ec26',
      body: [Object],
      scope: 'Cross-Platform.com.browserstack.BStackDemoTest',
      custom_metadata: {},
      tags: [],
      scopes: [Array],
      file_name: 'testng-browserstack-master\\src\\test\\java\\com\\browserstack\\BStackDemoTest.java',
      vc_filepath: 'testng-browserstack-master\\src\\test\\java\\com\\browserstack\\BStackDemoTest.java',
      location: 'testng-browserstack-master\\src\\test\\java\\com\\browserstack\\BStackDemoTest.java',
      started_at: '2026-01-05T11:55:03.438Z'
    },
    logs: []
  },
  {
    event_type: 'HookRunStarted',
    hook_run: {
      type: 'hook',
      hook_type: 'BEFORE_METHOD',
      framework: 'TestNG',
      uuid: 'dd1a7b7c-fbcf-4030-bab4-2e2799689625',
      name: 'setUp',
      result: 'pending',
      test_run_id: '5251a219-c31e-43e0-87a7-db13c4067b66',
      body: [Object],
      scope: 'Cross-Platform.com.browserstack.BStackDemoTest',
      custom_metadata: {},
      tags: [],
      scopes: [Array],
      file_name: 'testng-browserstack-master\\src\\test\\java\\com\\browserstack\\BStackDemoTest.java',
      vc_filepath: 'testng-browserstack-master\\src\\test\\java\\com\\browserstack\\BStackDemoTest.java',
      location: 'testng-browserstack-master\\src\\test\\java\\com\\browserstack\\BStackDemoTest.java',
      started_at: '2026-01-05T11:55:03.438Z'
    },
    logs: []
  }
] to 24676:0
2026-01-05T11:55:03.655Z CLI info  [theekshanipramod_ixK9dR]  [zrpjloza0aourrt7rubtkpntaxvxfxuk7tuepdvf]  [3fdea979-730b-49c8-a6da-79317baee1e1]  [PRODUCTION] Making POST request to https://collector-observability.browserstack.com
2026-01-05T12:00:21.295Z CLI info [testhub:request-queue-handler]  [theekshanipramod_ixK9dR]  [zrpjloza0aourrt7rubtkpntaxvxfxuk7tuepdvf]  [3fdea979-730b-49c8-a6da-79317baee1e1]  Added the event {
  event_type: 'HookRunFinished',
  hook_run: {
    type: 'hook',
    hook_type: 'BEFORE_METHOD',
    framework: 'TestNG',
    uuid: '866bf8ae-633f-483e-ac5c-5ed737287a28',
    name: 'setUp',
    result: 'failed',
    test_run_id: '4308df46-4b05-4032-985a-fedd043d9289',
    body: { lang: 'java', code: null },
    scope: 'Cross-Platform.com.browserstack.BStackDemoTest',
    custom_metadata: {},
    tags: [],
    scopes: [ 'Cross-Platform', 'com.browserstack.BStackDemoTest' ],
    file_name: 'testng-browserstack-master\\src\\test\\java\\com\\browserstack\\BStackDemoTest.java',
    vc_filepath: 'testng-browserstack-master\\src\\test\\java\\com\\browserstack\\BStackDemoTest.java',
    location: 'testng-browserstack-master\\src\\test\\java\\com\\browserstack\\BStackDemoTest.java',
    started_at: '2026-01-05T11:55:03.438Z',
    finished_at: '2026-01-05T12:00:21.285Z'
  },
  logs: []
} to 24676:0
2026-01-05T12:00:21.378Z CLI info [testhub:request-queue-handler]  [theekshanipramod_ixK9dR]  [zrpjloza0aourrt7rubtkpntaxvxfxuk7tuepdvf]  [3fdea979-730b-49c8-a6da-79317baee1e1]  Added the event {
  event_type: 'TestRunStarted',
  test_run: {
    type: 'test',
    framework: 'TestNG',
    uuid: 'b85610fe-4804-48fd-b61f-f170c267a18c',
    name: 'addProductToCart',
    body: {
      lang: 'java',
      code: 'public void com.browserstack.BStackDemoTest.addProductToCart() throws java.lang.Exception'
    },
    identifier: 'addProductToCart',
    scope: 'Cross-Platform.com.browserstack.BStackDemoTest',
    scopes: [ 'Cross-Platform', 'com.browserstack.BStackDemoTest' ],
    file_name: 'src\\test\\java\\com\\browserstack\\BStackDemoTest.java',
    vc_filepath: 'src\\test\\java\\com\\browserstack\\BStackDemoTest.java',
    location: 'src\\test\\java\\com\\browserstack\\BStackDemoTest.java',
    meta: {},
    result: 'pending',
    duration_in_ms: null,
    started_at: '2026-01-05T12:00:21.369Z',
    failure: undefined,
    failure_type: undefined,
    failure_reason: undefined,
    retry_of: null,
    custom_metadata: {},
    tags: [],
    customRerunParam: { rerun_name: 'BStackDemo-1' },
    hooks: [],
    product_map: {
      observability: true,
      accessibility: false,
      percy: false,
      automate: true,
      app_automate: false,
      lts: false
    }
  },
  logs: []
} to 24676:0
2026-01-05T12:00:21.393Z CLI warn [TEST REPORTING AND ANALYTICS:java:testng]  [theekshanipramod_ixK9dR]  [zrpjloza0aourrt7rubtkpntaxvxfxuk7tuepdvf]  [3fdea979-730b-49c8-a6da-79317baee1e1]  TestRunFinished: event={"test_hook_last_started":"BEFORE_METHOD","test_failure_type":"UnhandledError","test_rerun_name":"BStackDemo-1","test_result_at":"2026-01-05T17:30:21.383944200","test_scope":"Cross-Platform.com.browserstack.BStackDemoTest","test_framework_name":"TestNG","test_tags":"","test_started_at":"2026-01-05T17:30:21.369946500","platform_index":0,"test_failure":[{"backtrace":["org.openqa.selenium.remote.NoSuchDriverException: Unable to obtain: Capabilities {browserName: chrome, goog:chromeOptions: {args: [start-maximized], extensions: []}}, error Command failed with code: 65, executed: [--browser, chrome, --output, json]","request or response body error: operation timed out","Build info: version: '4.16.1', revision: '9b4c83354e'","System info: os.name: 'Windows 11', os.arch: 'amd64', os.version: '10.0', java.version: '17.0.16'","Driver info: driver.version: ChromeDriver\r","\tat org.openqa.selenium.remote.service.DriverFinder.getPath(DriverFinder.java:25)\r","\tat org.openqa.selenium.remote.service.DriverFinder.getPath(DriverFinder.java:13)\r","\tat org.openqa.selenium.chrome.ChromeDriver.generateExecutor(ChromeDriver.java:100)\r","\tat org.openqa.selenium.chrome.ChromeDriver.<init>(ChromeDriver.java:89)\r","\tat org.openqa.selenium.chrome.ChromeDriver.<init>(ChromeDriver.java:84)\r","\tat org.openqa.selenium.chrome.ChromeDriver.<init>(ChromeDriver.java:73)\r","\tat com.browserstack.SeleniumTest.setUp(SeleniumTest.java:17)\r","\tat java.base/jdk.internal.reflect.NativeMethodAccessorImpl.invoke0(Native Method)\r","\tat java.base/jdk.internal.reflect.NativeMethodAccessorImpl.invoke(NativeMethodAccessorImpl.java:77)\r","\tat java.base/jdk.internal.reflect.DelegatingMethodAccessorImpl.invoke(DelegatingMethodAccessorImpl.java:43)\r","\tat java.base/java.lang.reflect.Method.invoke(Method.java:569)\r","\tat org.testng.internal.invokers.MethodInvocationHelper.invokeMethod(MethodInvocationHelper.java:139)\r","\tat org.testng.internal.invokers.MethodInvocationHelper.invokeMethodConsideringTimeout(MethodInvocationHelper.java:69)\r","\tat org.testng.internal.invokers.ConfigInvoker.invokeConfigurationMethod(ConfigInvoker.java:393)\r","\tat org.testng.internal.invokers.ConfigInvoker.invokeConfigurations(ConfigInvoker.java:326)\r","\tat org.testng.internal.invokers.TestInvoker.runConfigMethods(TestInvoker.java:810)\r","\tat org.testng.internal.invokers.TestInvoker.invokeMethod(TestInvoker.java:578)\r","\tat org.testng.internal.invokers.TestInvoker.invokeTestMethod(TestInvoker.java:228)\r","\tat org.testng.internal.invokers.MethodRunner.runInSequence(MethodRunner.java:63)\r","\tat org.testng.internal.invokers.TestInvoker$MethodInvocationAgent.invoke(TestInvoker.java:961)\r","\tat org.testng.internal.invokers.TestInvoker.invokeTestMethods(TestInvoker.java:201)\r","\tat org.testng.internal.invokers.TestMethodWorker.invokeTestMethods(TestMethodWorker.java:148)\r","\tat org.testng.internal.invokers.TestMethodWorker.run(TestMethodWorker.java:128)\r","\tat java.base/java.util.ArrayList.forEach(ArrayList.java:1511)\r","\tat org.testng.TestRunner.privateRun(TestRunner.java:819)\r","\tat org.testng.TestRunner.run(TestRunner.java:619)\r","\tat org.testng.SuiteRunner.runTest(SuiteRunner.java:443)\r","\tat org.testng.SuiteRunner$SuiteWorker.run(SuiteRunner.java:481)\r","\tat org.testng.internal.thread.ThreadUtil.lambda$execute$0(ThreadUtil.java:58)\r","\tat java.base/java.util.concurrent.FutureTask.run(FutureTask.java:264)\r","\tat java.base/java.util.concurrent.ThreadPoolExecutor.runWorker(ThreadPoolExecutor.java:1136)\r","\tat java.base/java.util.concurrent.ThreadPoolExecutor$Worker.run(ThreadPoolExecutor.java:635)\r","\tat java.base/java.lang.Thread.run(Thread.java:840)\r","Caused by: org.openqa.selenium.WebDriverException: Command failed with code: 65, executed: [--browser, chrome, --output, json]","request or response body error: operation timed out","Build info: version: '4.16.1', revision: '9b4c83354e'","System info: os.name: 'Windows 11', os.arch: 'amd64', os.version: '10.0', java.version: '17.0.16'","Driver info: driver.version: ChromeDriver\r","\tat org.openqa.selenium.manager.SeleniumManager.runCommand(SeleniumManager.java:157)\r","\tat org.openqa.selenium.manager.SeleniumManager.getDriverPath(SeleniumManager.java:299)\r","\tat org.openqa.selenium.remote.service.DriverFinder.getPath(DriverFinder.java:22)\r","\t... 32 more\r"]}],"test_framework_version":"7.9.0","test_logs":[],"test_scopes":["Cross-Platform","com.browserstack.BStackDemoTest"],"test_code":"public void com.browserstack.BStackDemoTest.addProductToCart() throws java.lang.Exception","test_id":"BStackDemo-1@1","test_uuid":"b85610fe-4804-48fd-b61f-f170c267a18c","test_ended_at":"2026-01-05T17:30:21.385948500","automate_session_name":"BStackDemo-11","test_hook_last_finished":"BEFORE_METHOD","test_session_name":"com.browserstack.BStackDemoTest-addProductToCart","test_hook_state":"sdk:hook:ad7292d6","custom_metadata":{},"test_failure_reason":"org.openqa.selenium.remote.NoSuchDriverException: Unable to obtain: Capabilities {browserName: chrome, goog:chromeOptions: {args: [start-maximized], extensions: []}}, error Command failed with code: 65, executed: [--browser, chrome, --output, json]\nrequest or response body error: operation timed out\nBuild info: version: '4.16.1', revision: '9b4c83354e'\nSystem info: os.name: 'Windows 11', os.arch: 'amd64', os.version: '10.0', java.version: '17.0.16'\nDriver info: driver.version: ChromeDriver","test_location":"src\\test\\java\\com\\browserstack\\BStackDemoTest.java","test_hooks_started":{"BEFORE_METHOD":[]},"test_file_path":"src\\test\\java\\com\\browserstack\\BStackDemoTest.java","test_result":"skipped","test_hooks_finished":{"BEFORE_METHOD":[{"hook_name":"setUp","hook_result":"failed","test_file_path":"testng-browserstack-master\\src\\test\\java\\com\\browserstack\\BStackDemoTest.java","event_started_at":"2026-01-05T17:25:03.438710500","hook_id":"866bf8ae-633f-483e-ac5c-5ed737287a28","hook_logs":[],"logs":[],"key":"BEFORE_METHOD","custom_metadata":{},"event_ended_at":"2026-01-05T17:30:21.285726400","test_location":"testng-browserstack-master\\src\\test\\java\\com\\browserstack\\BStackDemoTest.java"}]},"hook_id":"866bf8ae-633f-483e-ac5c-5ed737287a28","test_meta":{},"isBrowserstackAutomationSession":true,"test_name":"addProductToCart","logs":[]}
2026-01-05T12:00:21.395Z CLI info [testhub:request-queue-handler]  [theekshanipramod_ixK9dR]  [zrpjloza0aourrt7rubtkpntaxvxfxuk7tuepdvf]  [3fdea979-730b-49c8-a6da-79317baee1e1]  Added the event {
  event_type: 'TestRunFinished',
  test_run: {
    type: 'test',
    framework: 'TestNG',
    uuid: 'b85610fe-4804-48fd-b61f-f170c267a18c',
    name: 'addProductToCart',
    body: {
      lang: 'java',
      code: 'public void com.browserstack.BStackDemoTest.addProductToCart() throws java.lang.Exception'
    },
    identifier: 'addProductToCart',
    scope: 'Cross-Platform.com.browserstack.BStackDemoTest',
    scopes: [ 'Cross-Platform', 'com.browserstack.BStackDemoTest' ],
    file_name: 'src\\test\\java\\com\\browserstack\\BStackDemoTest.java',
    vc_filepath: 'src\\test\\java\\com\\browserstack\\BStackDemoTest.java',
    location: 'src\\test\\java\\com\\browserstack\\BStackDemoTest.java',
    meta: {},
    result: 'skipped',
    duration_in_ms: 16,
    started_at: '2026-01-05T12:00:21.369Z',
    finished_at: '2026-01-05T12:00:21.385Z',
    failure: [ [Object] ],
    failure_type: 'UnhandledError',
    failure_reason: 'org.openqa.selenium.remote.NoSuchDriverException: Unable to obtain: Capabilities {browserName: chrome, goog:chromeOptions: {args: [start-maximized], extensions: []}}, error Command failed with code: 65, executed: [--browser, chrome, --output, json]\n' +
      'request or response body error: operation timed out\n' +
      "Build info: version: '4.16.1', revision: '9b4c83354e'\n" +
      "System info: os.name: 'Windows 11', os.arch: 'amd64', os.version: '10.0', java.version: '17.0.16'\n" +
      'Driver info: driver.version: ChromeDriver',
    retry_of: null,
    custom_metadata: {},
    tags: [],
    customRerunParam: { rerun_name: 'BStackDemo-1' },
    hooks: [ '866bf8ae-633f-483e-ac5c-5ed737287a28' ],
    product_map: {
      observability: true,
      accessibility: false,
      percy: false,
      automate: true,
      app_automate: false,
      lts: false
    }
  },
  logs: []
} to 24676:0
2026-01-05T12:00:21.458Z CLI info [testhub:request-queue-handler]  [theekshanipramod_ixK9dR]  [zrpjloza0aourrt7rubtkpntaxvxfxuk7tuepdvf]  [3fdea979-730b-49c8-a6da-79317baee1e1]  Added the event {
  event_type: 'HookRunStarted',
  hook_run: {
    type: 'hook',
    hook_type: 'AFTER_METHOD',
    framework: 'TestNG',
    uuid: '56c1d004-9f48-4af7-9cf1-7f4d8235233c',
    name: 'tearDown',
    result: 'pending',
    test_run_id: 'b85610fe-4804-48fd-b61f-f170c267a18c',
    body: { lang: 'java', code: null },
    scope: 'Cross-Platform.com.browserstack.BStackDemoTest',
    custom_metadata: {},
    tags: [],
    scopes: [ 'Cross-Platform', 'com.browserstack.BStackDemoTest' ],
    file_name: 'testng-browserstack-master\\src\\test\\java\\com\\browserstack\\BStackDemoTest.java',
    vc_filepath: 'testng-browserstack-master\\src\\test\\java\\com\\browserstack\\BStackDemoTest.java',
    location: 'testng-browserstack-master\\src\\test\\java\\com\\browserstack\\BStackDemoTest.java',
    started_at: '2026-01-05T12:00:21.451Z'
  },
  logs: []
} to 24676:0
2026-01-05T12:00:21.533Z CLI info [testhub:request-queue-handler]  [theekshanipramod_ixK9dR]  [zrpjloza0aourrt7rubtkpntaxvxfxuk7tuepdvf]  [3fdea979-730b-49c8-a6da-79317baee1e1]  Added the event {
  event_type: 'HookRunFinished',
  hook_run: {
    type: 'hook',
    hook_type: 'AFTER_METHOD',
    framework: 'TestNG',
    uuid: '56c1d004-9f48-4af7-9cf1-7f4d8235233c',
    name: 'tearDown',
    result: 'failed',
    test_run_id: 'b85610fe-4804-48fd-b61f-f170c267a18c',
    body: { lang: 'java', code: null },
    scope: 'Cross-Platform.com.browserstack.BStackDemoTest',
    custom_metadata: {},
    tags: [],
    scopes: [ 'Cross-Platform', 'com.browserstack.BStackDemoTest' ],
    file_name: 'testng-browserstack-master\\src\\test\\java\\com\\browserstack\\BStackDemoTest.java',
    vc_filepath: 'testng-browserstack-master\\src\\test\\java\\com\\browserstack\\BStackDemoTest.java',
    location: 'testng-browserstack-master\\src\\test\\java\\com\\browserstack\\BStackDemoTest.java',
    started_at: '2026-01-05T12:00:21.451Z',
    finished_at: '2026-01-05T12:00:21.523Z'
  },
  logs: []
} to 24676:0
2026-01-05T12:00:21.676Z CLI info [testhub:request-queue-handler]  [theekshanipramod_ixK9dR]  [zrpjloza0aourrt7rubtkpntaxvxfxuk7tuepdvf]  [3fdea979-730b-49c8-a6da-79317baee1e1]  Added the event {
  event_type: 'HookRunFinished',
  hook_run: {
    type: 'hook',
    hook_type: 'BEFORE_METHOD',
    framework: 'TestNG',
    uuid: 'bc1dffe3-b74e-463d-a114-b0936a692368',
    name: 'setUp',
    result: 'failed',
    test_run_id: '6821a0fa-79d3-4293-afe3-48d3378e31a4',
    body: { lang: 'java', code: null },
    scope: 'Cross-Platform.com.browserstack.BStackDemoTest',
    custom_metadata: {},
    tags: [],
    scopes: [ 'Cross-Platform', 'com.browserstack.BStackDemoTest' ],
    file_name: 'testng-browserstack-master\\src\\test\\java\\com\\browserstack\\BStackDemoTest.java',
    vc_filepath: 'testng-browserstack-master\\src\\test\\java\\com\\browserstack\\BStackDemoTest.java',
    location: 'testng-browserstack-master\\src\\test\\java\\com\\browserstack\\BStackDemoTest.java',
    started_at: '2026-01-05T11:55:03.437Z',
    finished_at: '2026-01-05T12:00:21.663Z'
  },
  logs: []
} to 24676:0
2026-01-05T12:00:21.741Z CLI info [testhub:request-queue-handler]  [theekshanipramod_ixK9dR]  [zrpjloza0aourrt7rubtkpntaxvxfxuk7tuepdvf]  [3fdea979-730b-49c8-a6da-79317baee1e1]  Added the event {
  event_type: 'TestRunStarted',
  test_run: {
    type: 'test',
    framework: 'TestNG',
    uuid: '35299139-819c-4eb1-b798-4da6ec846b14',
    name: 'addProductToCart',
    body: {
      lang: 'java',
      code: 'public void com.browserstack.BStackDemoTest.addProductToCart() throws java.lang.Exception'
    },
    identifier: 'addProductToCart',
    scope: 'Cross-Platform.com.browserstack.BStackDemoTest',
    scopes: [ 'Cross-Platform', 'com.browserstack.BStackDemoTest' ],
    file_name: 'src\\test\\java\\com\\browserstack\\BStackDemoTest.java',
    vc_filepath: 'src\\test\\java\\com\\browserstack\\BStackDemoTest.java',
    location: 'src\\test\\java\\com\\browserstack\\BStackDemoTest.java',
    meta: {},
    result: 'pending',
    duration_in_ms: null,
    started_at: '2026-01-05T12:00:21.728Z',
    failure: undefined,
    failure_type: undefined,
    failure_reason: undefined,
    retry_of: null,
    custom_metadata: {},
    tags: [],
    customRerunParam: { rerun_name: 'BStackDemo-4' },
    hooks: [],
    product_map: {
      observability: true,
      accessibility: false,
      percy: false,
      automate: true,
      app_automate: false,
      lts: false
    }
  },
  logs: []
} to 24676:0
2026-01-05T12:00:21.752Z CLI warn [TEST REPORTING AND ANALYTICS:java:testng]  [theekshanipramod_ixK9dR]  [zrpjloza0aourrt7rubtkpntaxvxfxuk7tuepdvf]  [3fdea979-730b-49c8-a6da-79317baee1e1]  TestRunFinished: event={"test_hook_last_started":"BEFORE_METHOD","test_failure_type":"UnhandledError","test_rerun_name":"BStackDemo-4","test_result_at":"2026-01-05T17:30:21.744182700","test_scope":"Cross-Platform.com.browserstack.BStackDemoTest","test_framework_name":"TestNG","test_tags":"","test_started_at":"2026-01-05T17:30:21.728533100","platform_index":0,"test_failure":[{"backtrace":["org.openqa.selenium.remote.NoSuchDriverException: Unable to obtain: Capabilities {browserName: chrome, goog:chromeOptions: {args: [start-maximized], extensions: []}}, error Command failed with code: 65, executed: [--browser, chrome, --output, json]","request or response body error: operation timed out","Build info: version: '4.16.1', revision: '9b4c83354e'","System info: os.name: 'Windows 11', os.arch: 'amd64', os.version: '10.0', java.version: '17.0.16'","Driver info: driver.version: ChromeDriver\r","\tat org.openqa.selenium.remote.service.DriverFinder.getPath(DriverFinder.java:25)\r","\tat org.openqa.selenium.remote.service.DriverFinder.getPath(DriverFinder.java:13)\r","\tat org.openqa.selenium.chrome.ChromeDriver.generateExecutor(ChromeDriver.java:100)\r","\tat org.openqa.selenium.chrome.ChromeDriver.<init>(ChromeDriver.java:89)\r","\tat org.openqa.selenium.chrome.ChromeDriver.<init>(ChromeDriver.java:84)\r","\tat org.openqa.selenium.chrome.ChromeDriver.<init>(ChromeDriver.java:73)\r","\tat com.browserstack.SeleniumTest.setUp(SeleniumTest.java:17)\r","\tat java.base/jdk.internal.reflect.NativeMethodAccessorImpl.invoke0(Native Method)\r","\tat java.base/jdk.internal.reflect.NativeMethodAccessorImpl.invoke(NativeMethodAccessorImpl.java:77)\r","\tat java.base/jdk.internal.reflect.DelegatingMethodAccessorImpl.invoke(DelegatingMethodAccessorImpl.java:43)\r","\tat java.base/java.lang.reflect.Method.invoke(Method.java:569)\r","\tat org.testng.internal.invokers.MethodInvocationHelper.invokeMethod(MethodInvocationHelper.java:139)\r","\tat org.testng.internal.invokers.MethodInvocationHelper.invokeMethodConsideringTimeout(MethodInvocationHelper.java:69)\r","\tat org.testng.internal.invokers.ConfigInvoker.invokeConfigurationMethod(ConfigInvoker.java:393)\r","\tat org.testng.internal.invokers.ConfigInvoker.invokeConfigurations(ConfigInvoker.java:326)\r","\tat org.testng.internal.invokers.TestInvoker.runConfigMethods(TestInvoker.java:810)\r","\tat org.testng.internal.invokers.TestInvoker.invokeMethod(TestInvoker.java:578)\r","\tat org.testng.internal.invokers.TestInvoker.invokeTestMethod(TestInvoker.java:228)\r","\tat org.testng.internal.invokers.MethodRunner.runInSequence(MethodRunner.java:63)\r","\tat org.testng.internal.invokers.TestInvoker$MethodInvocationAgent.invoke(TestInvoker.java:961)\r","\tat org.testng.internal.invokers.TestInvoker.invokeTestMethods(TestInvoker.java:201)\r","\tat org.testng.internal.invokers.TestMethodWorker.invokeTestMethods(TestMethodWorker.java:148)\r","\tat org.testng.internal.invokers.TestMethodWorker.run(TestMethodWorker.java:128)\r","\tat java.base/java.util.ArrayList.forEach(ArrayList.java:1511)\r","\tat org.testng.TestRunner.privateRun(TestRunner.java:819)\r","\tat org.testng.TestRunner.run(TestRunner.java:619)\r","\tat org.testng.SuiteRunner.runTest(SuiteRunner.java:443)\r","\tat org.testng.SuiteRunner$SuiteWorker.run(SuiteRunner.java:481)\r","\tat org.testng.internal.thread.ThreadUtil.lambda$execute$0(ThreadUtil.java:58)\r","\tat java.base/java.util.concurrent.FutureTask.run(FutureTask.java:264)\r","\tat java.base/java.util.concurrent.ThreadPoolExecutor.runWorker(ThreadPoolExecutor.java:1136)\r","\tat java.base/java.util.concurrent.ThreadPoolExecutor$Worker.run(ThreadPoolExecutor.java:635)\r","\tat java.base/java.lang.Thread.run(Thread.java:840)\r","Caused by: org.openqa.selenium.WebDriverException: Command failed with code: 65, executed: [--browser, chrome, --output, json]","request or response body error: operation timed out","Build info: version: '4.16.1', revision: '9b4c83354e'","System info: os.name: 'Windows 11', os.arch: 'amd64', os.version: '10.0', java.version: '17.0.16'","Driver info: driver.version: ChromeDriver\r","\tat org.openqa.selenium.manager.SeleniumManager.runCommand(SeleniumManager.java:157)\r","\tat org.openqa.selenium.manager.SeleniumManager.getDriverPath(SeleniumManager.java:299)\r","\tat org.openqa.selenium.remote.service.DriverFinder.getPath(DriverFinder.java:22)\r","\t... 32 more\r"]}],"test_framework_version":"7.9.0","test_logs":[],"test_scopes":["Cross-Platform","com.browserstack.BStackDemoTest"],"test_code":"public void com.browserstack.BStackDemoTest.addProductToCart() throws java.lang.Exception","test_id":"BStackDemo-4@4","test_uuid":"35299139-819c-4eb1-b798-4da6ec846b14","test_ended_at":"2026-01-05T17:30:21.744182700","automate_session_name":"BStackDemo-44","test_hook_last_finished":"BEFORE_METHOD","test_session_name":"com.browserstack.BStackDemoTest-addProductToCart","test_hook_state":"sdk:hook:3909a4e6","custom_metadata":{},"test_failure_reason":"org.openqa.selenium.remote.NoSuchDriverException: Unable to obtain: Capabilities {browserName: chrome, goog:chromeOptions: {args: [start-maximized], extensions: []}}, error Command failed with code: 65, executed: [--browser, chrome, --output, json]\nrequest or response body error: operation timed out\nBuild info: version: '4.16.1', revision: '9b4c83354e'\nSystem info: os.name: 'Windows 11', os.arch: 'amd64', os.version: '10.0', java.version: '17.0.16'\nDriver info: driver.version: ChromeDriver","test_location":"src\\test\\java\\com\\browserstack\\BStackDemoTest.java","test_hooks_started":{"BEFORE_METHOD":[]},"test_file_path":"src\\test\\java\\com\\browserstack\\BStackDemoTest.java","test_result":"skipped","test_hooks_finished":{"BEFORE_METHOD":[{"hook_name":"setUp","hook_result":"failed","test_file_path":"testng-browserstack-master\\src\\test\\java\\com\\browserstack\\BStackDemoTest.java","event_started_at":"2026-01-05T17:25:03.437704","hook_id":"bc1dffe3-b74e-463d-a114-b0936a692368","hook_logs":[],"logs":[],"key":"BEFORE_METHOD","custom_metadata":{},"event_ended_at":"2026-01-05T17:30:21.663595500","test_location":"testng-browserstack-master\\src\\test\\java\\com\\browserstack\\BStackDemoTest.java"}]},"hook_id":"bc1dffe3-b74e-463d-a114-b0936a692368","test_meta":{},"isBrowserstackAutomationSession":true,"test_name":"addProductToCart","logs":[]}
2026-01-05T12:00:21.754Z CLI info [testhub:request-queue-handler]  [theekshanipramod_ixK9dR]  [zrpjloza0aourrt7rubtkpntaxvxfxuk7tuepdvf]  [3fdea979-730b-49c8-a6da-79317baee1e1]  Added the event {
  event_type: 'TestRunFinished',
  test_run: {
    type: 'test',
    framework: 'TestNG',
    uuid: '35299139-819c-4eb1-b798-4da6ec846b14',
    name: 'addProductToCart',
    body: {
      lang: 'java',
      code: 'public void com.browserstack.BStackDemoTest.addProductToCart() throws java.lang.Exception'
    },
    identifier: 'addProductToCart',
    scope: 'Cross-Platform.com.browserstack.BStackDemoTest',
    scopes: [ 'Cross-Platform', 'com.browserstack.BStackDemoTest' ],
    file_name: 'src\\test\\java\\com\\browserstack\\BStackDemoTest.java',
    vc_filepath: 'src\\test\\java\\com\\browserstack\\BStackDemoTest.java',
    location: 'src\\test\\java\\com\\browserstack\\BStackDemoTest.java',
    meta: {},
    result: 'skipped',
    duration_in_ms: 16,
    started_at: '2026-01-05T12:00:21.728Z',
    finished_at: '2026-01-05T12:00:21.744Z',
    failure: [ [Object] ],
    failure_type: 'UnhandledError',
    failure_reason: 'org.openqa.selenium.remote.NoSuchDriverException: Unable to obtain: Capabilities {browserName: chrome, goog:chromeOptions: {args: [start-maximized], extensions: []}}, error Command failed with code: 65, executed: [--browser, chrome, --output, json]\n' +
      'request or response body error: operation timed out\n' +
      "Build info: version: '4.16.1', revision: '9b4c83354e'\n" +
      "System info: os.name: 'Windows 11', os.arch: 'amd64', os.version: '10.0', java.version: '17.0.16'\n" +
      'Driver info: driver.version: ChromeDriver',
    retry_of: null,
    custom_metadata: {},
    tags: [],
    customRerunParam: { rerun_name: 'BStackDemo-4' },
    hooks: [ 'bc1dffe3-b74e-463d-a114-b0936a692368' ],
    product_map: {
      observability: true,
      accessibility: false,
      percy: false,
      automate: true,
      app_automate: false,
      lts: false
    }
  },
  logs: []
} to 24676:0
2026-01-05T12:00:21.810Z CLI info [testhub:request-queue-handler]  [theekshanipramod_ixK9dR]  [zrpjloza0aourrt7rubtkpntaxvxfxuk7tuepdvf]  [3fdea979-730b-49c8-a6da-79317baee1e1]  Added the event {
  event_type: 'HookRunStarted',
  hook_run: {
    type: 'hook',
    hook_type: 'AFTER_METHOD',
    framework: 'TestNG',
    uuid: 'cb773bbd-eff2-4bcd-ab20-6e025fae5d0a',
    name: 'tearDown',
    result: 'pending',
    test_run_id: '35299139-819c-4eb1-b798-4da6ec846b14',
    body: { lang: 'java', code: null },
    scope: 'Cross-Platform.com.browserstack.BStackDemoTest',
    custom_metadata: {},
    tags: [],
    scopes: [ 'Cross-Platform', 'com.browserstack.BStackDemoTest' ],
    file_name: 'testng-browserstack-master\\src\\test\\java\\com\\browserstack\\BStackDemoTest.java',
    vc_filepath: 'testng-browserstack-master\\src\\test\\java\\com\\browserstack\\BStackDemoTest.java',
    location: 'testng-browserstack-master\\src\\test\\java\\com\\browserstack\\BStackDemoTest.java',
    started_at: '2026-01-05T12:00:21.791Z'
  },
  logs: []
} to 24676:0
2026-01-05T12:00:21.870Z CLI info [testhub:request-queue-handler]  [theekshanipramod_ixK9dR]  [zrpjloza0aourrt7rubtkpntaxvxfxuk7tuepdvf]  [3fdea979-730b-49c8-a6da-79317baee1e1]  Added the event {
  event_type: 'HookRunFinished',
  hook_run: {
    type: 'hook',
    hook_type: 'AFTER_METHOD',
    framework: 'TestNG',
    uuid: 'cb773bbd-eff2-4bcd-ab20-6e025fae5d0a',
    name: 'tearDown',
    result: 'failed',
    test_run_id: '35299139-819c-4eb1-b798-4da6ec846b14',
    body: { lang: 'java', code: null },
    scope: 'Cross-Platform.com.browserstack.BStackDemoTest',
    custom_metadata: {},
    tags: [],
    scopes: [ 'Cross-Platform', 'com.browserstack.BStackDemoTest' ],
    file_name: 'testng-browserstack-master\\src\\test\\java\\com\\browserstack\\BStackDemoTest.java',
    vc_filepath: 'testng-browserstack-master\\src\\test\\java\\com\\browserstack\\BStackDemoTest.java',
    location: 'testng-browserstack-master\\src\\test\\java\\com\\browserstack\\BStackDemoTest.java',
    started_at: '2026-01-05T12:00:21.791Z',
    finished_at: '2026-01-05T12:00:21.861Z'
  },
  logs: []
} to 24676:0
2026-01-05T12:00:21.897Z CLI info [testhub:request-queue-handler]  [theekshanipramod_ixK9dR]  [zrpjloza0aourrt7rubtkpntaxvxfxuk7tuepdvf]  [3fdea979-730b-49c8-a6da-79317baee1e1]  Added the event {
  event_type: 'HookRunFinished',
  hook_run: {
    type: 'hook',
    hook_type: 'BEFORE_METHOD',
    framework: 'TestNG',
    uuid: '33759e58-6bcc-4250-b9e4-e7830cecea9a',
    name: 'setUp',
    result: 'failed',
    test_run_id: '2523deea-21ed-4370-b672-b439a9080d5b',
    body: { lang: 'java', code: null },
    scope: 'Cross-Platform.com.browserstack.BStackDemoTest',
    custom_metadata: {},
    tags: [],
    scopes: [ 'Cross-Platform', 'com.browserstack.BStackDemoTest' ],
    file_name: 'testng-browserstack-master\\src\\test\\java\\com\\browserstack\\BStackDemoTest.java',
    vc_filepath: 'testng-browserstack-master\\src\\test\\java\\com\\browserstack\\BStackDemoTest.java',
    location: 'testng-browserstack-master\\src\\test\\java\\com\\browserstack\\BStackDemoTest.java',
    started_at: '2026-01-05T11:55:03.438Z',
    finished_at: '2026-01-05T12:00:21.890Z'
  },
  logs: []
} to 24676:0
2026-01-05T12:00:21.951Z CLI info [testhub:request-queue-handler]  [theekshanipramod_ixK9dR]  [zrpjloza0aourrt7rubtkpntaxvxfxuk7tuepdvf]  [3fdea979-730b-49c8-a6da-79317baee1e1]  Added the event {
  event_type: 'TestRunStarted',
  test_run: {
    type: 'test',
    framework: 'TestNG',
    uuid: 'e76cc36c-48e9-430e-89cf-59167fb77430',
    name: 'addProductToCart',
    body: {
      lang: 'java',
      code: 'public void com.browserstack.BStackDemoTest.addProductToCart() throws java.lang.Exception'
    },
    identifier: 'addProductToCart',
    scope: 'Cross-Platform.com.browserstack.BStackDemoTest',
    scopes: [ 'Cross-Platform', 'com.browserstack.BStackDemoTest' ],
    file_name: 'src\\test\\java\\com\\browserstack\\BStackDemoTest.java',
    vc_filepath: 'src\\test\\java\\com\\browserstack\\BStackDemoTest.java',
    location: 'src\\test\\java\\com\\browserstack\\BStackDemoTest.java',
    meta: {},
    result: 'pending',
    duration_in_ms: null,
    started_at: '2026-01-05T12:00:21.945Z',
    failure: undefined,
    failure_type: undefined,
    failure_reason: undefined,
    retry_of: null,
    custom_metadata: {},
    tags: [],
    customRerunParam: { rerun_name: 'BStackDemo-5' },
    hooks: [],
    product_map: {
      observability: true,
      accessibility: false,
      percy: false,
      automate: true,
      app_automate: false,
      lts: false
    }
  },
  logs: []
} to 24676:0
2026-01-05T12:00:21.960Z CLI warn [TEST REPORTING AND ANALYTICS:java:testng]  [theekshanipramod_ixK9dR]  [zrpjloza0aourrt7rubtkpntaxvxfxuk7tuepdvf]  [3fdea979-730b-49c8-a6da-79317baee1e1]  TestRunFinished: event={"test_hook_last_started":"BEFORE_METHOD","test_failure_type":"UnhandledError","test_rerun_name":"BStackDemo-5","test_result_at":"2026-01-05T17:30:21.954231400","test_scope":"Cross-Platform.com.browserstack.BStackDemoTest","test_framework_name":"TestNG","test_tags":"","test_started_at":"2026-01-05T17:30:21.945658900","platform_index":0,"test_failure":[{"backtrace":["org.openqa.selenium.remote.NoSuchDriverException: Unable to obtain: Capabilities {browserName: chrome, goog:chromeOptions: {args: [start-maximized], extensions: []}}, error Command failed with code: 65, executed: [--browser, chrome, --output, json]","request or response body error: operation timed out","Build info: version: '4.16.1', revision: '9b4c83354e'","System info: os.name: 'Windows 11', os.arch: 'amd64', os.version: '10.0', java.version: '17.0.16'","Driver info: driver.version: ChromeDriver\r","\tat org.openqa.selenium.remote.service.DriverFinder.getPath(DriverFinder.java:25)\r","\tat org.openqa.selenium.remote.service.DriverFinder.getPath(DriverFinder.java:13)\r","\tat org.openqa.selenium.chrome.ChromeDriver.generateExecutor(ChromeDriver.java:100)\r","\tat org.openqa.selenium.chrome.ChromeDriver.<init>(ChromeDriver.java:89)\r","\tat org.openqa.selenium.chrome.ChromeDriver.<init>(ChromeDriver.java:84)\r","\tat org.openqa.selenium.chrome.ChromeDriver.<init>(ChromeDriver.java:73)\r","\tat com.browserstack.SeleniumTest.setUp(SeleniumTest.java:17)\r","\tat java.base/jdk.internal.reflect.NativeMethodAccessorImpl.invoke0(Native Method)\r","\tat java.base/jdk.internal.reflect.NativeMethodAccessorImpl.invoke(NativeMethodAccessorImpl.java:77)\r","\tat java.base/jdk.internal.reflect.DelegatingMethodAccessorImpl.invoke(DelegatingMethodAccessorImpl.java:43)\r","\tat java.base/java.lang.reflect.Method.invoke(Method.java:569)\r","\tat org.testng.internal.invokers.MethodInvocationHelper.invokeMethod(MethodInvocationHelper.java:139)\r","\tat org.testng.internal.invokers.MethodInvocationHelper.invokeMethodConsideringTimeout(MethodInvocationHelper.java:69)\r","\tat org.testng.internal.invokers.ConfigInvoker.invokeConfigurationMethod(ConfigInvoker.java:393)\r","\tat org.testng.internal.invokers.ConfigInvoker.invokeConfigurations(ConfigInvoker.java:326)\r","\tat org.testng.internal.invokers.TestInvoker.runConfigMethods(TestInvoker.java:810)\r","\tat org.testng.internal.invokers.TestInvoker.invokeMethod(TestInvoker.java:578)\r","\tat org.testng.internal.invokers.TestInvoker.invokeTestMethod(TestInvoker.java:228)\r","\tat org.testng.internal.invokers.MethodRunner.runInSequence(MethodRunner.java:63)\r","\tat org.testng.internal.invokers.TestInvoker$MethodInvocationAgent.invoke(TestInvoker.java:961)\r","\tat org.testng.internal.invokers.TestInvoker.invokeTestMethods(TestInvoker.java:201)\r","\tat org.testng.internal.invokers.TestMethodWorker.invokeTestMethods(TestMethodWorker.java:148)\r","\tat org.testng.internal.invokers.TestMethodWorker.run(TestMethodWorker.java:128)\r","\tat java.base/java.util.ArrayList.forEach(ArrayList.java:1511)\r","\tat org.testng.TestRunner.privateRun(TestRunner.java:819)\r","\tat org.testng.TestRunner.run(TestRunner.java:619)\r","\tat org.testng.SuiteRunner.runTest(SuiteRunner.java:443)\r","\tat org.testng.SuiteRunner$SuiteWorker.run(SuiteRunner.java:481)\r","\tat org.testng.internal.thread.ThreadUtil.lambda$execute$0(ThreadUtil.java:58)\r","\tat java.base/java.util.concurrent.FutureTask.run(FutureTask.java:264)\r","\tat java.base/java.util.concurrent.ThreadPoolExecutor.runWorker(ThreadPoolExecutor.java:1136)\r","\tat java.base/java.util.concurrent.ThreadPoolExecutor$Worker.run(ThreadPoolExecutor.java:635)\r","\tat java.base/java.lang.Thread.run(Thread.java:840)\r","Caused by: org.openqa.selenium.WebDriverException: Command failed with code: 65, executed: [--browser, chrome, --output, json]","request or response body error: operation timed out","Build info: version: '4.16.1', revision: '9b4c83354e'","System info: os.name: 'Windows 11', os.arch: 'amd64', os.version: '10.0', java.version: '17.0.16'","Driver info: driver.version: ChromeDriver\r","\tat org.openqa.selenium.manager.SeleniumManager.runCommand(SeleniumManager.java:157)\r","\tat org.openqa.selenium.manager.SeleniumManager.getDriverPath(SeleniumManager.java:299)\r","\tat org.openqa.selenium.remote.service.DriverFinder.getPath(DriverFinder.java:22)\r","\t... 32 more\r"]}],"test_framework_version":"7.9.0","test_logs":[],"test_scopes":["Cross-Platform","com.browserstack.BStackDemoTest"],"test_code":"public void com.browserstack.BStackDemoTest.addProductToCart() throws java.lang.Exception","test_id":"BStackDemo-5@5","test_uuid":"e76cc36c-48e9-430e-89cf-59167fb77430","test_ended_at":"2026-01-05T17:30:21.954231400","automate_session_name":"BStackDemo-55","test_hook_last_finished":"BEFORE_METHOD","test_session_name":"com.browserstack.BStackDemoTest-addProductToCart","test_hook_state":"sdk:hook:cf4de01e","custom_metadata":{},"test_failure_reason":"org.openqa.selenium.remote.NoSuchDriverException: Unable to obtain: Capabilities {browserName: chrome, goog:chromeOptions: {args: [start-maximized], extensions: []}}, error Command failed with code: 65, executed: [--browser, chrome, --output, json]\nrequest or response body error: operation timed out\nBuild info: version: '4.16.1', revision: '9b4c83354e'\nSystem info: os.name: 'Windows 11', os.arch: 'amd64', os.version: '10.0', java.version: '17.0.16'\nDriver info: driver.version: ChromeDriver","test_location":"src\\test\\java\\com\\browserstack\\BStackDemoTest.java","test_hooks_started":{"BEFORE_METHOD":[]},"test_file_path":"src\\test\\java\\com\\browserstack\\BStackDemoTest.java","test_result":"skipped","test_hooks_finished":{"BEFORE_METHOD":[{"hook_name":"setUp","hook_result":"failed","test_file_path":"testng-browserstack-master\\src\\test\\java\\com\\browserstack\\BStackDemoTest.java","event_started_at":"2026-01-05T17:25:03.438710500","hook_id":"33759e58-6bcc-4250-b9e4-e7830cecea9a","hook_logs":[],"logs":[],"key":"BEFORE_METHOD","custom_metadata":{},"event_ended_at":"2026-01-05T17:30:21.890023100","test_location":"testng-browserstack-master\\src\\test\\java\\com\\browserstack\\BStackDemoTest.java"}]},"hook_id":"33759e58-6bcc-4250-b9e4-e7830cecea9a","test_meta":{},"isBrowserstackAutomationSession":true,"test_name":"addProductToCart","logs":[]}
2026-01-05T12:00:21.962Z CLI info [testhub:request-queue-handler]  [theekshanipramod_ixK9dR]  [zrpjloza0aourrt7rubtkpntaxvxfxuk7tuepdvf]  [3fdea979-730b-49c8-a6da-79317baee1e1]  Added the event {
  event_type: 'TestRunFinished',
  test_run: {
    type: 'test',
    framework: 'TestNG',
    uuid: 'e76cc36c-48e9-430e-89cf-59167fb77430',
    name: 'addProductToCart',
    body: {
      lang: 'java',
      code: 'public void com.browserstack.BStackDemoTest.addProductToCart() throws java.lang.Exception'
    },
    identifier: 'addProductToCart',
    scope: 'Cross-Platform.com.browserstack.BStackDemoTest',
    scopes: [ 'Cross-Platform', 'com.browserstack.BStackDemoTest' ],
    file_name: 'src\\test\\java\\com\\browserstack\\BStackDemoTest.java',
    vc_filepath: 'src\\test\\java\\com\\browserstack\\BStackDemoTest.java',
    location: 'src\\test\\java\\com\\browserstack\\BStackDemoTest.java',
    meta: {},
    result: 'skipped',
    duration_in_ms: 9,
    started_at: '2026-01-05T12:00:21.945Z',
    finished_at: '2026-01-05T12:00:21.954Z',
    failure: [ [Object] ],
    failure_type: 'UnhandledError',
    failure_reason: 'org.openqa.selenium.remote.NoSuchDriverException: Unable to obtain: Capabilities {browserName: chrome, goog:chromeOptions: {args: [start-maximized], extensions: []}}, error Command failed with code: 65, executed: [--browser, chrome, --output, json]\n' +
      'request or response body error: operation timed out\n' +
      "Build info: version: '4.16.1', revision: '9b4c83354e'\n" +
      "System info: os.name: 'Windows 11', os.arch: 'amd64', os.version: '10.0', java.version: '17.0.16'\n" +
      'Driver info: driver.version: ChromeDriver',
    retry_of: null,
    custom_metadata: {},
    tags: [],
    customRerunParam: { rerun_name: 'BStackDemo-5' },
    hooks: [ '33759e58-6bcc-4250-b9e4-e7830cecea9a' ],
    product_map: {
      observability: true,
      accessibility: false,
      percy: false,
      automate: true,
      app_automate: false,
      lts: false
    }
  },
  logs: []
} to 24676:0
2026-01-05T12:00:22.027Z CLI info [testhub:request-queue-handler]  [theekshanipramod_ixK9dR]  [zrpjloza0aourrt7rubtkpntaxvxfxuk7tuepdvf]  [3fdea979-730b-49c8-a6da-79317baee1e1]  Added the event {
  event_type: 'HookRunStarted',
  hook_run: {
    type: 'hook',
    hook_type: 'AFTER_METHOD',
    framework: 'TestNG',
    uuid: 'eab3be4f-1c5e-40e0-ac6a-750fddec35e1',
    name: 'tearDown',
    result: 'pending',
    test_run_id: 'e76cc36c-48e9-430e-89cf-59167fb77430',
    body: { lang: 'java', code: null },
    scope: 'Cross-Platform.com.browserstack.BStackDemoTest',
    custom_metadata: {},
    tags: [],
    scopes: [ 'Cross-Platform', 'com.browserstack.BStackDemoTest' ],
    file_name: 'testng-browserstack-master\\src\\test\\java\\com\\browserstack\\BStackDemoTest.java',
    vc_filepath: 'testng-browserstack-master\\src\\test\\java\\com\\browserstack\\BStackDemoTest.java',
    location: 'testng-browserstack-master\\src\\test\\java\\com\\browserstack\\BStackDemoTest.java',
    started_at: '2026-01-05T12:00:22.018Z'
  },
  logs: []
} to 24676:0
2026-01-05T12:00:22.076Z CLI info [testhub:request-queue-handler]  [theekshanipramod_ixK9dR]  [zrpjloza0aourrt7rubtkpntaxvxfxuk7tuepdvf]  [3fdea979-730b-49c8-a6da-79317baee1e1]  Added the event {
  event_type: 'HookRunFinished',
  hook_run: {
    type: 'hook',
    hook_type: 'AFTER_METHOD',
    framework: 'TestNG',
    uuid: 'eab3be4f-1c5e-40e0-ac6a-750fddec35e1',
    name: 'tearDown',
    result: 'failed',
    test_run_id: 'e76cc36c-48e9-430e-89cf-59167fb77430',
    body: { lang: 'java', code: null },
    scope: 'Cross-Platform.com.browserstack.BStackDemoTest',
    custom_metadata: {},
    tags: [],
    scopes: [ 'Cross-Platform', 'com.browserstack.BStackDemoTest' ],
    file_name: 'testng-browserstack-master\\src\\test\\java\\com\\browserstack\\BStackDemoTest.java',
    vc_filepath: 'testng-browserstack-master\\src\\test\\java\\com\\browserstack\\BStackDemoTest.java',
    location: 'testng-browserstack-master\\src\\test\\java\\com\\browserstack\\BStackDemoTest.java',
    started_at: '2026-01-05T12:00:22.018Z',
    finished_at: '2026-01-05T12:00:22.066Z'
  },
  logs: []
} to 24676:0
2026-01-05T12:00:22.311Z CLI info [testhub:request-queue-handler]  [theekshanipramod_ixK9dR]  [zrpjloza0aourrt7rubtkpntaxvxfxuk7tuepdvf]  [3fdea979-730b-49c8-a6da-79317baee1e1]  Added the event {
  event_type: 'HookRunFinished',
  hook_run: {
    type: 'hook',
    hook_type: 'BEFORE_METHOD',
    framework: 'TestNG',
    uuid: '0c1367a2-165c-4630-91cc-136e91c34c9e',
    name: 'setUp',
    result: 'failed',
    test_run_id: 'bf3224c5-2a05-4b3c-9a92-41da2bac77ac',
    body: { lang: 'java', code: null },
    scope: 'Cross-Platform.com.browserstack.BStackDemoTest',
    custom_metadata: {},
    tags: [],
    scopes: [ 'Cross-Platform', 'com.browserstack.BStackDemoTest' ],
    file_name: 'testng-browserstack-master\\src\\test\\java\\com\\browserstack\\BStackDemoTest.java',
    vc_filepath: 'testng-browserstack-master\\src\\test\\java\\com\\browserstack\\BStackDemoTest.java',
    location: 'testng-browserstack-master\\src\\test\\java\\com\\browserstack\\BStackDemoTest.java',
    started_at: '2026-01-05T11:55:03.437Z',
    finished_at: '2026-01-05T12:00:22.302Z'
  },
  logs: []
} to 24676:0
2026-01-05T12:00:22.328Z CLI info [testhub:request-queue-handler]  [theekshanipramod_ixK9dR]  [zrpjloza0aourrt7rubtkpntaxvxfxuk7tuepdvf]  [3fdea979-730b-49c8-a6da-79317baee1e1]  Added the event {
  event_type: 'HookRunFinished',
  hook_run: {
    type: 'hook',
    hook_type: 'BEFORE_METHOD',
    framework: 'TestNG',
    uuid: 'c47de2a0-71a6-4ace-b495-9ec8d405e65c',
    name: 'setUp',
    result: 'failed',
    test_run_id: '75812f13-f6f0-4a18-b92e-c2f7ae47ec26',
    body: { lang: 'java', code: null },
    scope: 'Cross-Platform.com.browserstack.BStackDemoTest',
    custom_metadata: {},
    tags: [],
    scopes: [ 'Cross-Platform', 'com.browserstack.BStackDemoTest' ],
    file_name: 'testng-browserstack-master\\src\\test\\java\\com\\browserstack\\BStackDemoTest.java',
    vc_filepath: 'testng-browserstack-master\\src\\test\\java\\com\\browserstack\\BStackDemoTest.java',
    location: 'testng-browserstack-master\\src\\test\\java\\com\\browserstack\\BStackDemoTest.java',
    started_at: '2026-01-05T11:55:03.438Z',
    finished_at: '2026-01-05T12:00:22.316Z'
  },
  logs: []
} to 24676:0
2026-01-05T12:00:22.330Z CLI info [testhub:request-queue-handler]  [theekshanipramod_ixK9dR]  [zrpjloza0aourrt7rubtkpntaxvxfxuk7tuepdvf]  [3fdea979-730b-49c8-a6da-79317baee1e1]  Added the event {
  event_type: 'HookRunFinished',
  hook_run: {
    type: 'hook',
    hook_type: 'BEFORE_METHOD',
    framework: 'TestNG',
    uuid: 'dd1a7b7c-fbcf-4030-bab4-2e2799689625',
    name: 'setUp',
    result: 'failed',
    test_run_id: '5251a219-c31e-43e0-87a7-db13c4067b66',
    body: { lang: 'java', code: null },
    scope: 'Cross-Platform.com.browserstack.BStackDemoTest',
    custom_metadata: {},
    tags: [],
    scopes: [ 'Cross-Platform', 'com.browserstack.BStackDemoTest' ],
    file_name: 'testng-browserstack-master\\src\\test\\java\\com\\browserstack\\BStackDemoTest.java',
    vc_filepath: 'testng-browserstack-master\\src\\test\\java\\com\\browserstack\\BStackDemoTest.java',
    location: 'testng-browserstack-master\\src\\test\\java\\com\\browserstack\\BStackDemoTest.java',
    started_at: '2026-01-05T11:55:03.438Z',
    finished_at: '2026-01-05T12:00:22.316Z'
  },
  logs: []
} to 24676:0
2026-01-05T12:00:22.379Z CLI info [testhub:request-queue-handler]  [theekshanipramod_ixK9dR]  [zrpjloza0aourrt7rubtkpntaxvxfxuk7tuepdvf]  [3fdea979-730b-49c8-a6da-79317baee1e1]  Added the event {
  event_type: 'TestRunStarted',
  test_run: {
    type: 'test',
    framework: 'TestNG',
    uuid: '21658841-842f-4dc5-b01f-edbb4955a62b',
    name: 'addProductToCart',
    body: {
      lang: 'java',
      code: 'public void com.browserstack.BStackDemoTest.addProductToCart() throws java.lang.Exception'
    },
    identifier: 'addProductToCart',
    scope: 'Cross-Platform.com.browserstack.BStackDemoTest',
    scopes: [ 'Cross-Platform', 'com.browserstack.BStackDemoTest' ],
    file_name: 'src\\test\\java\\com\\browserstack\\BStackDemoTest.java',
    vc_filepath: 'src\\test\\java\\com\\browserstack\\BStackDemoTest.java',
    location: 'src\\test\\java\\com\\browserstack\\BStackDemoTest.java',
    meta: {},
    result: 'pending',
    duration_in_ms: null,
    started_at: '2026-01-05T12:00:22.367Z',
    failure: undefined,
    failure_type: undefined,
    failure_reason: undefined,
    retry_of: null,
    custom_metadata: {},
    tags: [],
    customRerunParam: { rerun_name: 'BStackDemo-0' },
    hooks: [],
    product_map: {
      observability: true,
      accessibility: false,
      percy: false,
      automate: true,
      app_automate: false,
      lts: false
    }
  },
  logs: []
} to 24676:0
2026-01-05T12:00:22.389Z CLI warn [TEST REPORTING AND ANALYTICS:java:testng]  [theekshanipramod_ixK9dR]  [zrpjloza0aourrt7rubtkpntaxvxfxuk7tuepdvf]  [3fdea979-730b-49c8-a6da-79317baee1e1]  TestRunFinished: event={"test_hook_last_started":"BEFORE_METHOD","test_failure_type":"UnhandledError","test_rerun_name":"BStackDemo-0","test_result_at":"2026-01-05T17:30:22.382372400","test_scope":"Cross-Platform.com.browserstack.BStackDemoTest","test_framework_name":"TestNG","test_tags":"","test_started_at":"2026-01-05T17:30:22.367526200","platform_index":0,"test_failure":[{"backtrace":["org.openqa.selenium.remote.NoSuchDriverException: Unable to obtain: Capabilities {browserName: chrome, goog:chromeOptions: {args: [start-maximized], extensions: []}}, error Command failed with code: 65, executed: [--browser, chrome, --output, json]","request or response body error: operation timed out","Build info: version: '4.16.1', revision: '9b4c83354e'","System info: os.name: 'Windows 11', os.arch: 'amd64', os.version: '10.0', java.version: '17.0.16'","Driver info: driver.version: ChromeDriver\r","\tat org.openqa.selenium.remote.service.DriverFinder.getPath(DriverFinder.java:25)\r","\tat org.openqa.selenium.remote.service.DriverFinder.getPath(DriverFinder.java:13)\r","\tat org.openqa.selenium.chrome.ChromeDriver.generateExecutor(ChromeDriver.java:100)\r","\tat org.openqa.selenium.chrome.ChromeDriver.<init>(ChromeDriver.java:89)\r","\tat org.openqa.selenium.chrome.ChromeDriver.<init>(ChromeDriver.java:84)\r","\tat org.openqa.selenium.chrome.ChromeDriver.<init>(ChromeDriver.java:73)\r","\tat com.browserstack.SeleniumTest.setUp(SeleniumTest.java:17)\r","\tat java.base/jdk.internal.reflect.NativeMethodAccessorImpl.invoke0(Native Method)\r","\tat java.base/jdk.internal.reflect.NativeMethodAccessorImpl.invoke(NativeMethodAccessorImpl.java:77)\r","\tat java.base/jdk.internal.reflect.DelegatingMethodAccessorImpl.invoke(DelegatingMethodAccessorImpl.java:43)\r","\tat java.base/java.lang.reflect.Method.invoke(Method.java:569)\r","\tat org.testng.internal.invokers.MethodInvocationHelper.invokeMethod(MethodInvocationHelper.java:139)\r","\tat org.testng.internal.invokers.MethodInvocationHelper.invokeMethodConsideringTimeout(MethodInvocationHelper.java:69)\r","\tat org.testng.internal.invokers.ConfigInvoker.invokeConfigurationMethod(ConfigInvoker.java:393)\r","\tat org.testng.internal.invokers.ConfigInvoker.invokeConfigurations(ConfigInvoker.java:326)\r","\tat org.testng.internal.invokers.TestInvoker.runConfigMethods(TestInvoker.java:810)\r","\tat org.testng.internal.invokers.TestInvoker.invokeMethod(TestInvoker.java:578)\r","\tat org.testng.internal.invokers.TestInvoker.invokeTestMethod(TestInvoker.java:228)\r","\tat org.testng.internal.invokers.MethodRunner.runInSequence(MethodRunner.java:63)\r","\tat org.testng.internal.invokers.TestInvoker$MethodInvocationAgent.invoke(TestInvoker.java:961)\r","\tat org.testng.internal.invokers.TestInvoker.invokeTestMethods(TestInvoker.java:201)\r","\tat org.testng.internal.invokers.TestMethodWorker.invokeTestMethods(TestMethodWorker.java:148)\r","\tat org.testng.internal.invokers.TestMethodWorker.run(TestMethodWorker.java:128)\r","\tat java.base/java.util.ArrayList.forEach(ArrayList.java:1511)\r","\tat org.testng.TestRunner.privateRun(TestRunner.java:819)\r","\tat org.testng.TestRunner.run(TestRunner.java:619)\r","\tat org.testng.SuiteRunner.runTest(SuiteRunner.java:443)\r","\tat org.testng.SuiteRunner$SuiteWorker.run(SuiteRunner.java:481)\r","\tat org.testng.internal.thread.ThreadUtil.lambda$execute$0(ThreadUtil.java:58)\r","\tat java.base/java.util.concurrent.FutureTask.run(FutureTask.java:264)\r","\tat java.base/java.util.concurrent.ThreadPoolExecutor.runWorker(ThreadPoolExecutor.java:1136)\r","\tat java.base/java.util.concurrent.ThreadPoolExecutor$Worker.run(ThreadPoolExecutor.java:635)\r","\tat java.base/java.lang.Thread.run(Thread.java:840)\r","Caused by: org.openqa.selenium.WebDriverException: Command failed with code: 65, executed: [--browser, chrome, --output, json]","request or response body error: operation timed out","Build info: version: '4.16.1', revision: '9b4c83354e'","System info: os.name: 'Windows 11', os.arch: 'amd64', os.version: '10.0', java.version: '17.0.16'","Driver info: driver.version: ChromeDriver\r","\tat org.openqa.selenium.manager.SeleniumManager.runCommand(SeleniumManager.java:157)\r","\tat org.openqa.selenium.manager.SeleniumManager.getDriverPath(SeleniumManager.java:299)\r","\tat org.openqa.selenium.remote.service.DriverFinder.getPath(DriverFinder.java:22)\r","\t... 32 more\r"]}],"test_framework_version":"7.9.0","test_logs":[],"test_scopes":["Cross-Platform","com.browserstack.BStackDemoTest"],"test_code":"public void com.browserstack.BStackDemoTest.addProductToCart() throws java.lang.Exception","test_id":"BStackDemo-0@0","test_uuid":"21658841-842f-4dc5-b01f-edbb4955a62b","test_ended_at":"2026-01-05T17:30:22.382372400","automate_session_name":"BStackDemo-00","test_hook_last_finished":"BEFORE_METHOD","test_session_name":"com.browserstack.BStackDemoTest-addProductToCart","test_hook_state":"sdk:hook:66f8bdf3","custom_metadata":{},"test_failure_reason":"org.openqa.selenium.remote.NoSuchDriverException: Unable to obtain: Capabilities {browserName: chrome, goog:chromeOptions: {args: [start-maximized], extensions: []}}, error Command failed with code: 65, executed: [--browser, chrome, --output, json]\nrequest or response body error: operation timed out\nBuild info: version: '4.16.1', revision: '9b4c83354e'\nSystem info: os.name: 'Windows 11', os.arch: 'amd64', os.version: '10.0', java.version: '17.0.16'\nDriver info: driver.version: ChromeDriver","test_location":"src\\test\\java\\com\\browserstack\\BStackDemoTest.java","test_hooks_started":{"BEFORE_METHOD":[]},"test_file_path":"src\\test\\java\\com\\browserstack\\BStackDemoTest.java","test_result":"skipped","test_hooks_finished":{"BEFORE_METHOD":[{"hook_name":"setUp","hook_result":"failed","test_file_path":"testng-browserstack-master\\src\\test\\java\\com\\browserstack\\BStackDemoTest.java","event_started_at":"2026-01-05T17:25:03.437704","hook_id":"0c1367a2-165c-4630-91cc-136e91c34c9e","hook_logs":[],"logs":[],"key":"BEFORE_METHOD","custom_metadata":{},"event_ended_at":"2026-01-05T17:30:22.302202","test_location":"testng-browserstack-master\\src\\test\\java\\com\\browserstack\\BStackDemoTest.java"}]},"hook_id":"0c1367a2-165c-4630-91cc-136e91c34c9e","test_meta":{},"isBrowserstackAutomationSession":true,"test_name":"addProductToCart","logs":[]}
2026-01-05T12:00:22.391Z CLI info [testhub:request-queue-handler]  [theekshanipramod_ixK9dR]  [zrpjloza0aourrt7rubtkpntaxvxfxuk7tuepdvf]  [3fdea979-730b-49c8-a6da-79317baee1e1]  Added the event {
  event_type: 'TestRunFinished',
  test_run: {
    type: 'test',
    framework: 'TestNG',
    uuid: '21658841-842f-4dc5-b01f-edbb4955a62b',
    name: 'addProductToCart',
    body: {
      lang: 'java',
      code: 'public void com.browserstack.BStackDemoTest.addProductToCart() throws java.lang.Exception'
    },
    identifier: 'addProductToCart',
    scope: 'Cross-Platform.com.browserstack.BStackDemoTest',
    scopes: [ 'Cross-Platform', 'com.browserstack.BStackDemoTest' ],
    file_name: 'src\\test\\java\\com\\browserstack\\BStackDemoTest.java',
    vc_filepath: 'src\\test\\java\\com\\browserstack\\BStackDemoTest.java',
    location: 'src\\test\\java\\com\\browserstack\\BStackDemoTest.java',
    meta: {},
    result: 'skipped',
    duration_in_ms: 15,
    started_at: '2026-01-05T12:00:22.367Z',
    finished_at: '2026-01-05T12:00:22.382Z',
    failure: [ [Object] ],
    failure_type: 'UnhandledError',
    failure_reason: 'org.openqa.selenium.remote.NoSuchDriverException: Unable to obtain: Capabilities {browserName: chrome, goog:chromeOptions: {args: [start-maximized], extensions: []}}, error Command failed with code: 65, executed: [--browser, chrome, --output, json]\n' +
      'request or response body error: operation timed out\n' +
      "Build info: version: '4.16.1', revision: '9b4c83354e'\n" +
      "System info: os.name: 'Windows 11', os.arch: 'amd64', os.version: '10.0', java.version: '17.0.16'\n" +
      'Driver info: driver.version: ChromeDriver',
    retry_of: null,
    custom_metadata: {},
    tags: [],
    customRerunParam: { rerun_name: 'BStackDemo-0' },
    hooks: [ '0c1367a2-165c-4630-91cc-136e91c34c9e' ],
    product_map: {
      observability: true,
      accessibility: false,
      percy: false,
      automate: true,
      app_automate: false,
      lts: false
    }
  },
  logs: []
} to 24676:0
2026-01-05T12:00:22.401Z CLI info [testhub:request-queue-handler]  [theekshanipramod_ixK9dR]  [zrpjloza0aourrt7rubtkpntaxvxfxuk7tuepdvf]  [3fdea979-730b-49c8-a6da-79317baee1e1]  Added the event {
  event_type: 'TestRunStarted',
  test_run: {
    type: 'test',
    framework: 'TestNG',
    uuid: 'ed835654-7a6e-4a77-b292-b440efd5f13f',
    name: 'addProductToCart',
    body: {
      lang: 'java',
      code: 'public void com.browserstack.BStackDemoTest.addProductToCart() throws java.lang.Exception'
    },
    identifier: 'addProductToCart',
    scope: 'Cross-Platform.com.browserstack.BStackDemoTest',
    scopes: [ 'Cross-Platform', 'com.browserstack.BStackDemoTest' ],
    file_name: 'src\\test\\java\\com\\browserstack\\BStackDemoTest.java',
    vc_filepath: 'src\\test\\java\\com\\browserstack\\BStackDemoTest.java',
    location: 'src\\test\\java\\com\\browserstack\\BStackDemoTest.java',
    meta: {},
    result: 'pending',
    duration_in_ms: null,
    started_at: '2026-01-05T12:00:22.387Z',
    failure: undefined,
    failure_type: undefined,
    failure_reason: undefined,
    retry_of: null,
    custom_metadata: {},
    tags: [],
    customRerunParam: { rerun_name: 'BStackDemo-2' },
    hooks: [],
    product_map: {
      observability: true,
      accessibility: false,
      percy: false,
      automate: true,
      app_automate: false,
      lts: false
    }
  },
  logs: []
} to 24676:0
2026-01-05T12:00:22.409Z CLI info [testhub:request-queue-handler]  [theekshanipramod_ixK9dR]  [zrpjloza0aourrt7rubtkpntaxvxfxuk7tuepdvf]  [3fdea979-730b-49c8-a6da-79317baee1e1]  Added the event {
  event_type: 'TestRunStarted',
  test_run: {
    type: 'test',
    framework: 'TestNG',
    uuid: '268d8f06-8a96-4abf-b37f-f59be39f440b',
    name: 'addProductToCart',
    body: {
      lang: 'java',
      code: 'public void com.browserstack.BStackDemoTest.addProductToCart() throws java.lang.Exception'
    },
    identifier: 'addProductToCart',
    scope: 'Cross-Platform.com.browserstack.BStackDemoTest',
    scopes: [ 'Cross-Platform', 'com.browserstack.BStackDemoTest' ],
    file_name: 'src\\test\\java\\com\\browserstack\\BStackDemoTest.java',
    vc_filepath: 'src\\test\\java\\com\\browserstack\\BStackDemoTest.java',
    location: 'src\\test\\java\\com\\browserstack\\BStackDemoTest.java',
    meta: {},
    result: 'pending',
    duration_in_ms: null,
    started_at: '2026-01-05T12:00:22.398Z',
    failure: undefined,
    failure_type: undefined,
    failure_reason: undefined,
    retry_of: null,
    custom_metadata: {},
    tags: [],
    customRerunParam: { rerun_name: 'BStackDemo-3' },
    hooks: [],
    product_map: {
      observability: true,
      accessibility: false,
      percy: false,
      automate: true,
      app_automate: false,
      lts: false
    }
  },
  logs: []
} to 24676:0
2026-01-05T12:00:22.418Z CLI warn [TEST REPORTING AND ANALYTICS:java:testng]  [theekshanipramod_ixK9dR]  [zrpjloza0aourrt7rubtkpntaxvxfxuk7tuepdvf]  [3fdea979-730b-49c8-a6da-79317baee1e1]  TestRunFinished: event={"test_hook_last_started":"BEFORE_METHOD","test_failure_type":"UnhandledError","test_rerun_name":"BStackDemo-2","test_result_at":"2026-01-05T17:30:22.408572700","test_scope":"Cross-Platform.com.browserstack.BStackDemoTest","test_framework_name":"TestNG","test_tags":"","test_started_at":"2026-01-05T17:30:22.387484200","platform_index":0,"test_failure":[{"backtrace":["org.openqa.selenium.remote.NoSuchDriverException: Unable to obtain: Capabilities {browserName: chrome, goog:chromeOptions: {args: [start-maximized], extensions: []}}, error Command failed with code: 65, executed: [--browser, chrome, --output, json]","request or response body error: operation timed out","Build info: version: '4.16.1', revision: '9b4c83354e'","System info: os.name: 'Windows 11', os.arch: 'amd64', os.version: '10.0', java.version: '17.0.16'","Driver info: driver.version: ChromeDriver\r","\tat org.openqa.selenium.remote.service.DriverFinder.getPath(DriverFinder.java:25)\r","\tat org.openqa.selenium.remote.service.DriverFinder.getPath(DriverFinder.java:13)\r","\tat org.openqa.selenium.chrome.ChromeDriver.generateExecutor(ChromeDriver.java:100)\r","\tat org.openqa.selenium.chrome.ChromeDriver.<init>(ChromeDriver.java:89)\r","\tat org.openqa.selenium.chrome.ChromeDriver.<init>(ChromeDriver.java:84)\r","\tat org.openqa.selenium.chrome.ChromeDriver.<init>(ChromeDriver.java:73)\r","\tat com.browserstack.SeleniumTest.setUp(SeleniumTest.java:17)\r","\tat java.base/jdk.internal.reflect.NativeMethodAccessorImpl.invoke0(Native Method)\r","\tat java.base/jdk.internal.reflect.NativeMethodAccessorImpl.invoke(NativeMethodAccessorImpl.java:77)\r","\tat java.base/jdk.internal.reflect.DelegatingMethodAccessorImpl.invoke(DelegatingMethodAccessorImpl.java:43)\r","\tat java.base/java.lang.reflect.Method.invoke(Method.java:569)\r","\tat org.testng.internal.invokers.MethodInvocationHelper.invokeMethod(MethodInvocationHelper.java:139)\r","\tat org.testng.internal.invokers.MethodInvocationHelper.invokeMethodConsideringTimeout(MethodInvocationHelper.java:69)\r","\tat org.testng.internal.invokers.ConfigInvoker.invokeConfigurationMethod(ConfigInvoker.java:393)\r","\tat org.testng.internal.invokers.ConfigInvoker.invokeConfigurations(ConfigInvoker.java:326)\r","\tat org.testng.internal.invokers.TestInvoker.runConfigMethods(TestInvoker.java:810)\r","\tat org.testng.internal.invokers.TestInvoker.invokeMethod(TestInvoker.java:578)\r","\tat org.testng.internal.invokers.TestInvoker.invokeTestMethod(TestInvoker.java:228)\r","\tat org.testng.internal.invokers.MethodRunner.runInSequence(MethodRunner.java:63)\r","\tat org.testng.internal.invokers.TestInvoker$MethodInvocationAgent.invoke(TestInvoker.java:961)\r","\tat org.testng.internal.invokers.TestInvoker.invokeTestMethods(TestInvoker.java:201)\r","\tat org.testng.internal.invokers.TestMethodWorker.invokeTestMethods(TestMethodWorker.java:148)\r","\tat org.testng.internal.invokers.TestMethodWorker.run(TestMethodWorker.java:128)\r","\tat java.base/java.util.ArrayList.forEach(ArrayList.java:1511)\r","\tat org.testng.TestRunner.privateRun(TestRunner.java:819)\r","\tat org.testng.TestRunner.run(TestRunner.java:619)\r","\tat org.testng.SuiteRunner.runTest(SuiteRunner.java:443)\r","\tat org.testng.SuiteRunner$SuiteWorker.run(SuiteRunner.java:481)\r","\tat org.testng.internal.thread.ThreadUtil.lambda$execute$0(ThreadUtil.java:58)\r","\tat java.base/java.util.concurrent.FutureTask.run(FutureTask.java:264)\r","\tat java.base/java.util.concurrent.ThreadPoolExecutor.runWorker(ThreadPoolExecutor.java:1136)\r","\tat java.base/java.util.concurrent.ThreadPoolExecutor$Worker.run(ThreadPoolExecutor.java:635)\r","\tat java.base/java.lang.Thread.run(Thread.java:840)\r","Caused by: org.openqa.selenium.WebDriverException: Command failed with code: 65, executed: [--browser, chrome, --output, json]","request or response body error: operation timed out","Build info: version: '4.16.1', revision: '9b4c83354e'","System info: os.name: 'Windows 11', os.arch: 'amd64', os.version: '10.0', java.version: '17.0.16'","Driver info: driver.version: ChromeDriver\r","\tat org.openqa.selenium.manager.SeleniumManager.runCommand(SeleniumManager.java:157)\r","\tat org.openqa.selenium.manager.SeleniumManager.getDriverPath(SeleniumManager.java:299)\r","\tat org.openqa.selenium.remote.service.DriverFinder.getPath(DriverFinder.java:22)\r","\t... 32 more\r"]}],"test_framework_version":"7.9.0","test_logs":[],"test_scopes":["Cross-Platform","com.browserstack.BStackDemoTest"],"test_code":"public void com.browserstack.BStackDemoTest.addProductToCart() throws java.lang.Exception","test_id":"BStackDemo-2@2","test_uuid":"ed835654-7a6e-4a77-b292-b440efd5f13f","test_ended_at":"2026-01-05T17:30:22.410583600","automate_session_name":"BStackDemo-22","test_hook_last_finished":"BEFORE_METHOD","test_session_name":"com.browserstack.BStackDemoTest-addProductToCart","test_hook_state":"sdk:hook:8b25ff57","custom_metadata":{},"test_failure_reason":"org.openqa.selenium.remote.NoSuchDriverException: Unable to obtain: Capabilities {browserName: chrome, goog:chromeOptions: {args: [start-maximized], extensions: []}}, error Command failed with code: 65, executed: [--browser, chrome, --output, json]\nrequest or response body error: operation timed out\nBuild info: version: '4.16.1', revision: '9b4c83354e'\nSystem info: os.name: 'Windows 11', os.arch: 'amd64', os.version: '10.0', java.version: '17.0.16'\nDriver info: driver.version: ChromeDriver","test_location":"src\\test\\java\\com\\browserstack\\BStackDemoTest.java","test_hooks_started":{"BEFORE_METHOD":[]},"test_file_path":"src\\test\\java\\com\\browserstack\\BStackDemoTest.java","test_result":"skipped","test_hooks_finished":{"BEFORE_METHOD":[{"hook_name":"setUp","hook_result":"failed","test_file_path":"testng-browserstack-master\\src\\test\\java\\com\\browserstack\\BStackDemoTest.java","event_started_at":"2026-01-05T17:25:03.438710500","hook_id":"dd1a7b7c-fbcf-4030-bab4-2e2799689625","hook_logs":[],"logs":[],"key":"BEFORE_METHOD","custom_metadata":{},"event_ended_at":"2026-01-05T17:30:22.316790200","test_location":"testng-browserstack-master\\src\\test\\java\\com\\browserstack\\BStackDemoTest.java"}]},"hook_id":"dd1a7b7c-fbcf-4030-bab4-2e2799689625","test_meta":{},"isBrowserstackAutomationSession":true,"test_name":"addProductToCart","logs":[]}
2026-01-05T12:00:22.421Z CLI info [testhub:request-queue-handler]  [theekshanipramod_ixK9dR]  [zrpjloza0aourrt7rubtkpntaxvxfxuk7tuepdvf]  [3fdea979-730b-49c8-a6da-79317baee1e1]  Added the event {
  event_type: 'TestRunFinished',
  test_run: {
    type: 'test',
    framework: 'TestNG',
    uuid: 'ed835654-7a6e-4a77-b292-b440efd5f13f',
    name: 'addProductToCart',
    body: {
      lang: 'java',
      code: 'public void com.browserstack.BStackDemoTest.addProductToCart() throws java.lang.Exception'
    },
    identifier: 'addProductToCart',
    scope: 'Cross-Platform.com.browserstack.BStackDemoTest',
    scopes: [ 'Cross-Platform', 'com.browserstack.BStackDemoTest' ],
    file_name: 'src\\test\\java\\com\\browserstack\\BStackDemoTest.java',
    vc_filepath: 'src\\test\\java\\com\\browserstack\\BStackDemoTest.java',
    location: 'src\\test\\java\\com\\browserstack\\BStackDemoTest.java',
    meta: {},
    result: 'skipped',
    duration_in_ms: 23,
    started_at: '2026-01-05T12:00:22.387Z',
    finished_at: '2026-01-05T12:00:22.410Z',
    failure: [ [Object] ],
    failure_type: 'UnhandledError',
    failure_reason: 'org.openqa.selenium.remote.NoSuchDriverException: Unable to obtain: Capabilities {browserName: chrome, goog:chromeOptions: {args: [start-maximized], extensions: []}}, error Command failed with code: 65, executed: [--browser, chrome, --output, json]\n' +
      'request or response body error: operation timed out\n' +
      "Build info: version: '4.16.1', revision: '9b4c83354e'\n" +
      "System info: os.name: 'Windows 11', os.arch: 'amd64', os.version: '10.0', java.version: '17.0.16'\n" +
      'Driver info: driver.version: ChromeDriver',
    retry_of: null,
    custom_metadata: {},
    tags: [],
    customRerunParam: { rerun_name: 'BStackDemo-2' },
    hooks: [ 'dd1a7b7c-fbcf-4030-bab4-2e2799689625' ],
    product_map: {
      observability: true,
      accessibility: false,
      percy: false,
      automate: true,
      app_automate: false,
      lts: false
    }
  },
  logs: []
} to 24676:0
2026-01-05T12:00:22.423Z CLI warn [TEST REPORTING AND ANALYTICS:java:testng]  [theekshanipramod_ixK9dR]  [zrpjloza0aourrt7rubtkpntaxvxfxuk7tuepdvf]  [3fdea979-730b-49c8-a6da-79317baee1e1]  TestRunFinished: event={"test_hook_last_started":"BEFORE_METHOD","test_failure_type":"UnhandledError","test_rerun_name":"BStackDemo-3","test_result_at":"2026-01-05T17:30:22.415437900","test_scope":"Cross-Platform.com.browserstack.BStackDemoTest","test_framework_name":"TestNG","test_tags":"","test_started_at":"2026-01-05T17:30:22.398506600","platform_index":0,"test_failure":[{"backtrace":["org.openqa.selenium.remote.NoSuchDriverException: Unable to obtain: Capabilities {browserName: chrome, goog:chromeOptions: {args: [start-maximized], extensions: []}}, error Command failed with code: 65, executed: [--browser, chrome, --output, json]","request or response body error: operation timed out","Build info: version: '4.16.1', revision: '9b4c83354e'","System info: os.name: 'Windows 11', os.arch: 'amd64', os.version: '10.0', java.version: '17.0.16'","Driver info: driver.version: ChromeDriver\r","\tat org.openqa.selenium.remote.service.DriverFinder.getPath(DriverFinder.java:25)\r","\tat org.openqa.selenium.remote.service.DriverFinder.getPath(DriverFinder.java:13)\r","\tat org.openqa.selenium.chrome.ChromeDriver.generateExecutor(ChromeDriver.java:100)\r","\tat org.openqa.selenium.chrome.ChromeDriver.<init>(ChromeDriver.java:89)\r","\tat org.openqa.selenium.chrome.ChromeDriver.<init>(ChromeDriver.java:84)\r","\tat org.openqa.selenium.chrome.ChromeDriver.<init>(ChromeDriver.java:73)\r","\tat com.browserstack.SeleniumTest.setUp(SeleniumTest.java:17)\r","\tat java.base/jdk.internal.reflect.NativeMethodAccessorImpl.invoke0(Native Method)\r","\tat java.base/jdk.internal.reflect.NativeMethodAccessorImpl.invoke(NativeMethodAccessorImpl.java:77)\r","\tat java.base/jdk.internal.reflect.DelegatingMethodAccessorImpl.invoke(DelegatingMethodAccessorImpl.java:43)\r","\tat java.base/java.lang.reflect.Method.invoke(Method.java:569)\r","\tat org.testng.internal.invokers.MethodInvocationHelper.invokeMethod(MethodInvocationHelper.java:139)\r","\tat org.testng.internal.invokers.MethodInvocationHelper.invokeMethodConsideringTimeout(MethodInvocationHelper.java:69)\r","\tat org.testng.internal.invokers.ConfigInvoker.invokeConfigurationMethod(ConfigInvoker.java:393)\r","\tat org.testng.internal.invokers.ConfigInvoker.invokeConfigurations(ConfigInvoker.java:326)\r","\tat org.testng.internal.invokers.TestInvoker.runConfigMethods(TestInvoker.java:810)\r","\tat org.testng.internal.invokers.TestInvoker.invokeMethod(TestInvoker.java:578)\r","\tat org.testng.internal.invokers.TestInvoker.invokeTestMethod(TestInvoker.java:228)\r","\tat org.testng.internal.invokers.MethodRunner.runInSequence(MethodRunner.java:63)\r","\tat org.testng.internal.invokers.TestInvoker$MethodInvocationAgent.invoke(TestInvoker.java:961)\r","\tat org.testng.internal.invokers.TestInvoker.invokeTestMethods(TestInvoker.java:201)\r","\tat org.testng.internal.invokers.TestMethodWorker.invokeTestMethods(TestMethodWorker.java:148)\r","\tat org.testng.internal.invokers.TestMethodWorker.run(TestMethodWorker.java:128)\r","\tat java.base/java.util.ArrayList.forEach(ArrayList.java:1511)\r","\tat org.testng.TestRunner.privateRun(TestRunner.java:819)\r","\tat org.testng.TestRunner.run(TestRunner.java:619)\r","\tat org.testng.SuiteRunner.runTest(SuiteRunner.java:443)\r","\tat org.testng.SuiteRunner$SuiteWorker.run(SuiteRunner.java:481)\r","\tat org.testng.internal.thread.ThreadUtil.lambda$execute$0(ThreadUtil.java:58)\r","\tat java.base/java.util.concurrent.FutureTask.run(FutureTask.java:264)\r","\tat java.base/java.util.concurrent.ThreadPoolExecutor.runWorker(ThreadPoolExecutor.java:1136)\r","\tat java.base/java.util.concurrent.ThreadPoolExecutor$Worker.run(ThreadPoolExecutor.java:635)\r","\tat java.base/java.lang.Thread.run(Thread.java:840)\r","Caused by: org.openqa.selenium.WebDriverException: Command failed with code: 65, executed: [--browser, chrome, --output, json]","request or response body error: operation timed out","Build info: version: '4.16.1', revision: '9b4c83354e'","System info: os.name: 'Windows 11', os.arch: 'amd64', os.version: '10.0', java.version: '17.0.16'","Driver info: driver.version: ChromeDriver\r","\tat org.openqa.selenium.manager.SeleniumManager.runCommand(SeleniumManager.java:157)\r","\tat org.openqa.selenium.manager.SeleniumManager.getDriverPath(SeleniumManager.java:299)\r","\tat org.openqa.selenium.remote.service.DriverFinder.getPath(DriverFinder.java:22)\r","\t... 32 more\r"]}],"test_framework_version":"7.9.0","test_logs":[],"test_scopes":["Cross-Platform","com.browserstack.BStackDemoTest"],"test_code":"public void com.browserstack.BStackDemoTest.addProductToCart() throws java.lang.Exception","test_id":"BStackDemo-3@3","test_uuid":"268d8f06-8a96-4abf-b37f-f59be39f440b","test_ended_at":"2026-01-05T17:30:22.415437900","automate_session_name":"BStackDemo-33","test_hook_last_finished":"BEFORE_METHOD","test_session_name":"com.browserstack.BStackDemoTest-addProductToCart","test_hook_state":"sdk:hook:71c241b0","custom_metadata":{},"test_failure_reason":"org.openqa.selenium.remote.NoSuchDriverException: Unable to obtain: Capabilities {browserName: chrome, goog:chromeOptions: {args: [start-maximized], extensions: []}}, error Command failed with code: 65, executed: [--browser, chrome, --output, json]\nrequest or response body error: operation timed out\nBuild info: version: '4.16.1', revision: '9b4c83354e'\nSystem info: os.name: 'Windows 11', os.arch: 'amd64', os.version: '10.0', java.version: '17.0.16'\nDriver info: driver.version: ChromeDriver","test_location":"src\\test\\java\\com\\browserstack\\BStackDemoTest.java","test_hooks_started":{"BEFORE_METHOD":[]},"test_file_path":"src\\test\\java\\com\\browserstack\\BStackDemoTest.java","test_result":"skipped","test_hooks_finished":{"BEFORE_METHOD":[{"hook_name":"setUp","hook_result":"failed","test_file_path":"testng-browserstack-master\\src\\test\\java\\com\\browserstack\\BStackDemoTest.java","event_started_at":"2026-01-05T17:25:03.438710500","hook_id":"c47de2a0-71a6-4ace-b495-9ec8d405e65c","hook_logs":[],"logs":[],"key":"BEFORE_METHOD","custom_metadata":{},"event_ended_at":"2026-01-05T17:30:22.316790200","test_location":"testng-browserstack-master\\src\\test\\java\\com\\browserstack\\BStackDemoTest.java"}]},"hook_id":"c47de2a0-71a6-4ace-b495-9ec8d405e65c","test_meta":{},"isBrowserstackAutomationSession":true,"test_name":"addProductToCart","logs":[]}
2026-01-05T12:00:22.424Z CLI info [testhub:request-queue-handler]  [theekshanipramod_ixK9dR]  [zrpjloza0aourrt7rubtkpntaxvxfxuk7tuepdvf]  [3fdea979-730b-49c8-a6da-79317baee1e1]  Added the event {
  event_type: 'TestRunFinished',
  test_run: {
    type: 'test',
    framework: 'TestNG',
    uuid: '268d8f06-8a96-4abf-b37f-f59be39f440b',
    name: 'addProductToCart',
    body: {
      lang: 'java',
      code: 'public void com.browserstack.BStackDemoTest.addProductToCart() throws java.lang.Exception'
    },
    identifier: 'addProductToCart',
    scope: 'Cross-Platform.com.browserstack.BStackDemoTest',
    scopes: [ 'Cross-Platform', 'com.browserstack.BStackDemoTest' ],
    file_name: 'src\\test\\java\\com\\browserstack\\BStackDemoTest.java',
    vc_filepath: 'src\\test\\java\\com\\browserstack\\BStackDemoTest.java',
    location: 'src\\test\\java\\com\\browserstack\\BStackDemoTest.java',
    meta: {},
    result: 'skipped',
    duration_in_ms: 17,
    started_at: '2026-01-05T12:00:22.398Z',
    finished_at: '2026-01-05T12:00:22.415Z',
    failure: [ [Object] ],
    failure_type: 'UnhandledError',
    failure_reason: 'org.openqa.selenium.remote.NoSuchDriverException: Unable to obtain: Capabilities {browserName: chrome, goog:chromeOptions: {args: [start-maximized], extensions: []}}, error Command failed with code: 65, executed: [--browser, chrome, --output, json]\n' +
      'request or response body error: operation timed out\n' +
      "Build info: version: '4.16.1', revision: '9b4c83354e'\n" +
      "System info: os.name: 'Windows 11', os.arch: 'amd64', os.version: '10.0', java.version: '17.0.16'\n" +
      'Driver info: driver.version: ChromeDriver',
    retry_of: null,
    custom_metadata: {},
    tags: [],
    customRerunParam: { rerun_name: 'BStackDemo-3' },
    hooks: [ 'c47de2a0-71a6-4ace-b495-9ec8d405e65c' ],
    product_map: {
      observability: true,
      accessibility: false,
      percy: false,
      automate: true,
      app_automate: false,
      lts: false
    }
  },
  logs: []
} to 24676:0
2026-01-05T12:00:22.471Z CLI info [testhub:request-queue-handler]  [theekshanipramod_ixK9dR]  [zrpjloza0aourrt7rubtkpntaxvxfxuk7tuepdvf]  [3fdea979-730b-49c8-a6da-79317baee1e1]  Added the event {
  event_type: 'HookRunStarted',
  hook_run: {
    type: 'hook',
    hook_type: 'AFTER_METHOD',
    framework: 'TestNG',
    uuid: 'b046d651-b010-40d2-b02c-71d83cc80a71',
    name: 'tearDown',
    result: 'pending',
    test_run_id: '21658841-842f-4dc5-b01f-edbb4955a62b',
    body: { lang: 'java', code: null },
    scope: 'Cross-Platform.com.browserstack.BStackDemoTest',
    custom_metadata: {},
    tags: [],
    scopes: [ 'Cross-Platform', 'com.browserstack.BStackDemoTest' ],
    file_name: 'testng-browserstack-master\\src\\test\\java\\com\\browserstack\\BStackDemoTest.java',
    vc_filepath: 'testng-browserstack-master\\src\\test\\java\\com\\browserstack\\BStackDemoTest.java',
    location: 'testng-browserstack-master\\src\\test\\java\\com\\browserstack\\BStackDemoTest.java',
    started_at: '2026-01-05T12:00:22.461Z'
  },
  logs: []
} to 24676:0
2026-01-05T12:00:22.501Z CLI info [testhub:request-queue-handler]  [theekshanipramod_ixK9dR]  [zrpjloza0aourrt7rubtkpntaxvxfxuk7tuepdvf]  [3fdea979-730b-49c8-a6da-79317baee1e1]  Added the event {
  event_type: 'HookRunStarted',
  hook_run: {
    type: 'hook',
    hook_type: 'AFTER_METHOD',
    framework: 'TestNG',
    uuid: '0625c6f0-b304-46c1-9d69-434802b29f22',
    name: 'tearDown',
    result: 'pending',
    test_run_id: '268d8f06-8a96-4abf-b37f-f59be39f440b',
    body: { lang: 'java', code: null },
    scope: 'Cross-Platform.com.browserstack.BStackDemoTest',
    custom_metadata: {},
    tags: [],
    scopes: [ 'Cross-Platform', 'com.browserstack.BStackDemoTest' ],
    file_name: 'testng-browserstack-master\\src\\test\\java\\com\\browserstack\\BStackDemoTest.java',
    vc_filepath: 'testng-browserstack-master\\src\\test\\java\\com\\browserstack\\BStackDemoTest.java',
    location: 'testng-browserstack-master\\src\\test\\java\\com\\browserstack\\BStackDemoTest.java',
    started_at: '2026-01-05T12:00:22.496Z'
  },
  logs: []
} to 24676:0
2026-01-05T12:00:22.503Z CLI info [testhub:request-queue-handler]  [theekshanipramod_ixK9dR]  [zrpjloza0aourrt7rubtkpntaxvxfxuk7tuepdvf]  [3fdea979-730b-49c8-a6da-79317baee1e1]  Added the event {
  event_type: 'HookRunStarted',
  hook_run: {
    type: 'hook',
    hook_type: 'AFTER_METHOD',
    framework: 'TestNG',
    uuid: '77ced79b-8aaf-4d4c-aad6-d086fa89f2ed',
    name: 'tearDown',
    result: 'pending',
    test_run_id: 'ed835654-7a6e-4a77-b292-b440efd5f13f',
    body: { lang: 'java', code: null },
    scope: 'Cross-Platform.com.browserstack.BStackDemoTest',
    custom_metadata: {},
    tags: [],
    scopes: [ 'Cross-Platform', 'com.browserstack.BStackDemoTest' ],
    file_name: 'testng-browserstack-master\\src\\test\\java\\com\\browserstack\\BStackDemoTest.java',
    vc_filepath: 'testng-browserstack-master\\src\\test\\java\\com\\browserstack\\BStackDemoTest.java',
    location: 'testng-browserstack-master\\src\\test\\java\\com\\browserstack\\BStackDemoTest.java',
    started_at: '2026-01-05T12:00:22.496Z'
  },
  logs: []
} to 24676:0
2026-01-05T12:00:22.534Z CLI info [testhub:request-queue-handler]  [theekshanipramod_ixK9dR]  [zrpjloza0aourrt7rubtkpntaxvxfxuk7tuepdvf]  [3fdea979-730b-49c8-a6da-79317baee1e1]  Added the event {
  event_type: 'HookRunFinished',
  hook_run: {
    type: 'hook',
    hook_type: 'AFTER_METHOD',
    framework: 'TestNG',
    uuid: 'b046d651-b010-40d2-b02c-71d83cc80a71',
    name: 'tearDown',
    result: 'failed',
    test_run_id: '21658841-842f-4dc5-b01f-edbb4955a62b',
    body: { lang: 'java', code: null },
    scope: 'Cross-Platform.com.browserstack.BStackDemoTest',
    custom_metadata: {},
    tags: [],
    scopes: [ 'Cross-Platform', 'com.browserstack.BStackDemoTest' ],
    file_name: 'testng-browserstack-master\\src\\test\\java\\com\\browserstack\\BStackDemoTest.java',
    vc_filepath: 'testng-browserstack-master\\src\\test\\java\\com\\browserstack\\BStackDemoTest.java',
    location: 'testng-browserstack-master\\src\\test\\java\\com\\browserstack\\BStackDemoTest.java',
    started_at: '2026-01-05T12:00:22.461Z',
    finished_at: '2026-01-05T12:00:22.527Z'
  },
  logs: []
} to 24676:0
2026-01-05T12:00:22.580Z CLI info [testhub:request-queue-handler]  [theekshanipramod_ixK9dR]  [zrpjloza0aourrt7rubtkpntaxvxfxuk7tuepdvf]  [3fdea979-730b-49c8-a6da-79317baee1e1]  Added the event {
  event_type: 'HookRunFinished',
  hook_run: {
    type: 'hook',
    hook_type: 'AFTER_METHOD',
    framework: 'TestNG',
    uuid: '77ced79b-8aaf-4d4c-aad6-d086fa89f2ed',
    name: 'tearDown',
    result: 'failed',
    test_run_id: 'ed835654-7a6e-4a77-b292-b440efd5f13f',
    body: { lang: 'java', code: null },
    scope: 'Cross-Platform.com.browserstack.BStackDemoTest',
    custom_metadata: {},
    tags: [],
    scopes: [ 'Cross-Platform', 'com.browserstack.BStackDemoTest' ],
    file_name: 'testng-browserstack-master\\src\\test\\java\\com\\browserstack\\BStackDemoTest.java',
    vc_filepath: 'testng-browserstack-master\\src\\test\\java\\com\\browserstack\\BStackDemoTest.java',
    location: 'testng-browserstack-master\\src\\test\\java\\com\\browserstack\\BStackDemoTest.java',
    started_at: '2026-01-05T12:00:22.496Z',
    finished_at: '2026-01-05T12:00:22.569Z'
  },
  logs: []
} to 24676:0
2026-01-05T12:00:22.582Z CLI info [testhub:request-queue-handler]  [theekshanipramod_ixK9dR]  [zrpjloza0aourrt7rubtkpntaxvxfxuk7tuepdvf]  [3fdea979-730b-49c8-a6da-79317baee1e1]  Added the event {
  event_type: 'HookRunFinished',
  hook_run: {
    type: 'hook',
    hook_type: 'AFTER_METHOD',
    framework: 'TestNG',
    uuid: '0625c6f0-b304-46c1-9d69-434802b29f22',
    name: 'tearDown',
    result: 'failed',
    test_run_id: '268d8f06-8a96-4abf-b37f-f59be39f440b',
    body: { lang: 'java', code: null },
    scope: 'Cross-Platform.com.browserstack.BStackDemoTest',
    custom_metadata: {},
    tags: [],
    scopes: [ 'Cross-Platform', 'com.browserstack.BStackDemoTest' ],
    file_name: 'testng-browserstack-master\\src\\test\\java\\com\\browserstack\\BStackDemoTest.java',
    vc_filepath: 'testng-browserstack-master\\src\\test\\java\\com\\browserstack\\BStackDemoTest.java',
    location: 'testng-browserstack-master\\src\\test\\java\\com\\browserstack\\BStackDemoTest.java',
    started_at: '2026-01-05T12:00:22.496Z',
    finished_at: '2026-01-05T12:00:22.569Z'
  },
  logs: []
} to 24676:0
2026-01-05T12:00:22.764Z CLI info [testhub:request-queue-handler]  [theekshanipramod_ixK9dR]  [zrpjloza0aourrt7rubtkpntaxvxfxuk7tuepdvf]  [3fdea979-730b-49c8-a6da-79317baee1e1]  Processing batch event [
  {
    event_type: 'HookRunFinished',
    hook_run: {
      type: 'hook',
      hook_type: 'BEFORE_METHOD',
      framework: 'TestNG',
      uuid: '866bf8ae-633f-483e-ac5c-5ed737287a28',
      name: 'setUp',
      result: 'failed',
      test_run_id: '4308df46-4b05-4032-985a-fedd043d9289',
      body: [Object],
      scope: 'Cross-Platform.com.browserstack.BStackDemoTest',
      custom_metadata: {},
      tags: [],
      scopes: [Array],
      file_name: 'testng-browserstack-master\\src\\test\\java\\com\\browserstack\\BStackDemoTest.java',
      vc_filepath: 'testng-browserstack-master\\src\\test\\java\\com\\browserstack\\BStackDemoTest.java',
      location: 'testng-browserstack-master\\src\\test\\java\\com\\browserstack\\BStackDemoTest.java',
      started_at: '2026-01-05T11:55:03.438Z',
      finished_at: '2026-01-05T12:00:21.285Z'
    },
    logs: []
  },
  {
    event_type: 'TestRunStarted',
    test_run: {
      type: 'test',
      framework: 'TestNG',
      uuid: 'b85610fe-4804-48fd-b61f-f170c267a18c',
      name: 'addProductToCart',
      body: [Object],
      identifier: 'addProductToCart',
      scope: 'Cross-Platform.com.browserstack.BStackDemoTest',
      scopes: [Array],
      file_name: 'src\\test\\java\\com\\browserstack\\BStackDemoTest.java',
      vc_filepath: 'src\\test\\java\\com\\browserstack\\BStackDemoTest.java',
      location: 'src\\test\\java\\com\\browserstack\\BStackDemoTest.java',
      meta: {},
      result: 'pending',
      duration_in_ms: null,
      started_at: '2026-01-05T12:00:21.369Z',
      failure: undefined,
      failure_type: undefined,
      failure_reason: undefined,
      retry_of: null,
      custom_metadata: {},
      tags: [],
      customRerunParam: [Object],
      hooks: [],
      product_map: [Object]
    },
    logs: []
  },
  {
    event_type: 'TestRunFinished',
    test_run: {
      type: 'test',
      framework: 'TestNG',
      uuid: 'b85610fe-4804-48fd-b61f-f170c267a18c',
      name: 'addProductToCart',
      body: [Object],
      identifier: 'addProductToCart',
      scope: 'Cross-Platform.com.browserstack.BStackDemoTest',
      scopes: [Array],
      file_name: 'src\\test\\java\\com\\browserstack\\BStackDemoTest.java',
      vc_filepath: 'src\\test\\java\\com\\browserstack\\BStackDemoTest.java',
      location: 'src\\test\\java\\com\\browserstack\\BStackDemoTest.java',
      meta: {},
      result: 'skipped',
      duration_in_ms: 16,
      started_at: '2026-01-05T12:00:21.369Z',
      finished_at: '2026-01-05T12:00:21.385Z',
      failure: [Array],
      failure_type: 'UnhandledError',
      failure_reason: 'org.openqa.selenium.remote.NoSuchDriverException: Unable to obtain: Capabilities {browserName: chrome, goog:chromeOptions: {args: [start-maximized], extensions: []}}, error Command failed with code: 65, executed: [--browser, chrome, --output, json]\n' +
        'request or response body error: operation timed out\n' +
        "Build info: version: '4.16.1', revision: '9b4c83354e'\n" +
        "System info: os.name: 'Windows 11', os.arch: 'amd64', os.version: '10.0', java.version: '17.0.16'\n" +
        'Driver info: driver.version: ChromeDriver',
      retry_of: null,
      custom_metadata: {},
      tags: [],
      customRerunParam: [Object],
      hooks: [Array],
      product_map: [Object]
    },
    logs: []
  },
  {
    event_type: 'HookRunStarted',
    hook_run: {
      type: 'hook',
      hook_type: 'AFTER_METHOD',
      framework: 'TestNG',
      uuid: '56c1d004-9f48-4af7-9cf1-7f4d8235233c',
      name: 'tearDown',
      result: 'pending',
      test_run_id: 'b85610fe-4804-48fd-b61f-f170c267a18c',
      body: [Object],
      scope: 'Cross-Platform.com.browserstack.BStackDemoTest',
      custom_metadata: {},
      tags: [],
      scopes: [Array],
      file_name: 'testng-browserstack-master\\src\\test\\java\\com\\browserstack\\BStackDemoTest.java',
      vc_filepath: 'testng-browserstack-master\\src\\test\\java\\com\\browserstack\\BStackDemoTest.java',
      location: 'testng-browserstack-master\\src\\test\\java\\com\\browserstack\\BStackDemoTest.java',
      started_at: '2026-01-05T12:00:21.451Z'
    },
    logs: []
  },
  {
    event_type: 'HookRunFinished',
    hook_run: {
      type: 'hook',
      hook_type: 'AFTER_METHOD',
      framework: 'TestNG',
      uuid: '56c1d004-9f48-4af7-9cf1-7f4d8235233c',
      name: 'tearDown',
      result: 'failed',
      test_run_id: 'b85610fe-4804-48fd-b61f-f170c267a18c',
      body: [Object],
      scope: 'Cross-Platform.com.browserstack.BStackDemoTest',
      custom_metadata: {},
      tags: [],
      scopes: [Array],
      file_name: 'testng-browserstack-master\\src\\test\\java\\com\\browserstack\\BStackDemoTest.java',
      vc_filepath: 'testng-browserstack-master\\src\\test\\java\\com\\browserstack\\BStackDemoTest.java',
      location: 'testng-browserstack-master\\src\\test\\java\\com\\browserstack\\BStackDemoTest.java',
      started_at: '2026-01-05T12:00:21.451Z',
      finished_at: '2026-01-05T12:00:21.523Z'
    },
    logs: []
  },
  {
    event_type: 'HookRunFinished',
    hook_run: {
      type: 'hook',
      hook_type: 'BEFORE_METHOD',
      framework: 'TestNG',
      uuid: 'bc1dffe3-b74e-463d-a114-b0936a692368',
      name: 'setUp',
      result: 'failed',
      test_run_id: '6821a0fa-79d3-4293-afe3-48d3378e31a4',
      body: [Object],
      scope: 'Cross-Platform.com.browserstack.BStackDemoTest',
      custom_metadata: {},
      tags: [],
      scopes: [Array],
      file_name: 'testng-browserstack-master\\src\\test\\java\\com\\browserstack\\BStackDemoTest.java',
      vc_filepath: 'testng-browserstack-master\\src\\test\\java\\com\\browserstack\\BStackDemoTest.java',
      location: 'testng-browserstack-master\\src\\test\\java\\com\\browserstack\\BStackDemoTest.java',
      started_at: '2026-01-05T11:55:03.437Z',
      finished_at: '2026-01-05T12:00:21.663Z'
    },
    logs: []
  },
  {
    event_type: 'TestRunStarted',
    test_run: {
      type: 'test',
      framework: 'TestNG',
      uuid: '35299139-819c-4eb1-b798-4da6ec846b14',
      name: 'addProductToCart',
      body: [Object],
      identifier: 'addProductToCart',
      scope: 'Cross-Platform.com.browserstack.BStackDemoTest',
      scopes: [Array],
      file_name: 'src\\test\\java\\com\\browserstack\\BStackDemoTest.java',
      vc_filepath: 'src\\test\\java\\com\\browserstack\\BStackDemoTest.java',
      location: 'src\\test\\java\\com\\browserstack\\BStackDemoTest.java',
      meta: {},
      result: 'pending',
      duration_in_ms: null,
      started_at: '2026-01-05T12:00:21.728Z',
      failure: undefined,
      failure_type: undefined,
      failure_reason: undefined,
      retry_of: null,
      custom_metadata: {},
      tags: [],
      customRerunParam: [Object],
      hooks: [],
      product_map: [Object]
    },
    logs: []
  },
  {
    event_type: 'TestRunFinished',
    test_run: {
      type: 'test',
      framework: 'TestNG',
      uuid: '35299139-819c-4eb1-b798-4da6ec846b14',
      name: 'addProductToCart',
      body: [Object],
      identifier: 'addProductToCart',
      scope: 'Cross-Platform.com.browserstack.BStackDemoTest',
      scopes: [Array],
      file_name: 'src\\test\\java\\com\\browserstack\\BStackDemoTest.java',
      vc_filepath: 'src\\test\\java\\com\\browserstack\\BStackDemoTest.java',
      location: 'src\\test\\java\\com\\browserstack\\BStackDemoTest.java',
      meta: {},
      result: 'skipped',
      duration_in_ms: 16,
      started_at: '2026-01-05T12:00:21.728Z',
      finished_at: '2026-01-05T12:00:21.744Z',
      failure: [Array],
      failure_type: 'UnhandledError',
      failure_reason: 'org.openqa.selenium.remote.NoSuchDriverException: Unable to obtain: Capabilities {browserName: chrome, goog:chromeOptions: {args: [start-maximized], extensions: []}}, error Command failed with code: 65, executed: [--browser, chrome, --output, json]\n' +
        'request or response body error: operation timed out\n' +
        "Build info: version: '4.16.1', revision: '9b4c83354e'\n" +
        "System info: os.name: 'Windows 11', os.arch: 'amd64', os.version: '10.0', java.version: '17.0.16'\n" +
        'Driver info: driver.version: ChromeDriver',
      retry_of: null,
      custom_metadata: {},
      tags: [],
      customRerunParam: [Object],
      hooks: [Array],
      product_map: [Object]
    },
    logs: []
  },
  {
    event_type: 'HookRunStarted',
    hook_run: {
      type: 'hook',
      hook_type: 'AFTER_METHOD',
      framework: 'TestNG',
      uuid: 'cb773bbd-eff2-4bcd-ab20-6e025fae5d0a',
      name: 'tearDown',
      result: 'pending',
      test_run_id: '35299139-819c-4eb1-b798-4da6ec846b14',
      body: [Object],
      scope: 'Cross-Platform.com.browserstack.BStackDemoTest',
      custom_metadata: {},
      tags: [],
      scopes: [Array],
      file_name: 'testng-browserstack-master\\src\\test\\java\\com\\browserstack\\BStackDemoTest.java',
      vc_filepath: 'testng-browserstack-master\\src\\test\\java\\com\\browserstack\\BStackDemoTest.java',
      location: 'testng-browserstack-master\\src\\test\\java\\com\\browserstack\\BStackDemoTest.java',
      started_at: '2026-01-05T12:00:21.791Z'
    },
    logs: []
  },
  {
    event_type: 'HookRunFinished',
    hook_run: {
      type: 'hook',
      hook_type: 'AFTER_METHOD',
      framework: 'TestNG',
      uuid: 'cb773bbd-eff2-4bcd-ab20-6e025fae5d0a',
      name: 'tearDown',
      result: 'failed',
      test_run_id: '35299139-819c-4eb1-b798-4da6ec846b14',
      body: [Object],
      scope: 'Cross-Platform.com.browserstack.BStackDemoTest',
      custom_metadata: {},
      tags: [],
      scopes: [Array],
      file_name: 'testng-browserstack-master\\src\\test\\java\\com\\browserstack\\BStackDemoTest.java',
      vc_filepath: 'testng-browserstack-master\\src\\test\\java\\com\\browserstack\\BStackDemoTest.java',
      location: 'testng-browserstack-master\\src\\test\\java\\com\\browserstack\\BStackDemoTest.java',
      started_at: '2026-01-05T12:00:21.791Z',
      finished_at: '2026-01-05T12:00:21.861Z'
    },
    logs: []
  },
  {
    event_type: 'HookRunFinished',
    hook_run: {
      type: 'hook',
      hook_type: 'BEFORE_METHOD',
      framework: 'TestNG',
      uuid: '33759e58-6bcc-4250-b9e4-e7830cecea9a',
      name: 'setUp',
      result: 'failed',
      test_run_id: '2523deea-21ed-4370-b672-b439a9080d5b',
      body: [Object],
      scope: 'Cross-Platform.com.browserstack.BStackDemoTest',
      custom_metadata: {},
      tags: [],
      scopes: [Array],
      file_name: 'testng-browserstack-master\\src\\test\\java\\com\\browserstack\\BStackDemoTest.java',
      vc_filepath: 'testng-browserstack-master\\src\\test\\java\\com\\browserstack\\BStackDemoTest.java',
      location: 'testng-browserstack-master\\src\\test\\java\\com\\browserstack\\BStackDemoTest.java',
      started_at: '2026-01-05T11:55:03.438Z',
      finished_at: '2026-01-05T12:00:21.890Z'
    },
    logs: []
  },
  {
    event_type: 'TestRunStarted',
    test_run: {
      type: 'test',
      framework: 'TestNG',
      uuid: 'e76cc36c-48e9-430e-89cf-59167fb77430',
      name: 'addProductToCart',
      body: [Object],
      identifier: 'addProductToCart',
      scope: 'Cross-Platform.com.browserstack.BStackDemoTest',
      scopes: [Array],
      file_name: 'src\\test\\java\\com\\browserstack\\BStackDemoTest.java',
      vc_filepath: 'src\\test\\java\\com\\browserstack\\BStackDemoTest.java',
      location: 'src\\test\\java\\com\\browserstack\\BStackDemoTest.java',
      meta: {},
      result: 'pending',
      duration_in_ms: null,
      started_at: '2026-01-05T12:00:21.945Z',
      failure: undefined,
      failure_type: undefined,
      failure_reason: undefined,
      retry_of: null,
      custom_metadata: {},
      tags: [],
      customRerunParam: [Object],
      hooks: [],
      product_map: [Object]
    },
    logs: []
  },
  {
    event_type: 'TestRunFinished',
    test_run: {
      type: 'test',
      framework: 'TestNG',
      uuid: 'e76cc36c-48e9-430e-89cf-59167fb77430',
      name: 'addProductToCart',
      body: [Object],
      identifier: 'addProductToCart',
      scope: 'Cross-Platform.com.browserstack.BStackDemoTest',
      scopes: [Array],
      file_name: 'src\\test\\java\\com\\browserstack\\BStackDemoTest.java',
      vc_filepath: 'src\\test\\java\\com\\browserstack\\BStackDemoTest.java',
      location: 'src\\test\\java\\com\\browserstack\\BStackDemoTest.java',
      meta: {},
      result: 'skipped',
      duration_in_ms: 9,
      started_at: '2026-01-05T12:00:21.945Z',
      finished_at: '2026-01-05T12:00:21.954Z',
      failure: [Array],
      failure_type: 'UnhandledError',
      failure_reason: 'org.openqa.selenium.remote.NoSuchDriverException: Unable to obtain: Capabilities {browserName: chrome, goog:chromeOptions: {args: [start-maximized], extensions: []}}, error Command failed with code: 65, executed: [--browser, chrome, --output, json]\n' +
        'request or response body error: operation timed out\n' +
        "Build info: version: '4.16.1', revision: '9b4c83354e'\n" +
        "System info: os.name: 'Windows 11', os.arch: 'amd64', os.version: '10.0', java.version: '17.0.16'\n" +
        'Driver info: driver.version: ChromeDriver',
      retry_of: null,
      custom_metadata: {},
      tags: [],
      customRerunParam: [Object],
      hooks: [Array],
      product_map: [Object]
    },
    logs: []
  },
  {
    event_type: 'HookRunStarted',
    hook_run: {
      type: 'hook',
      hook_type: 'AFTER_METHOD',
      framework: 'TestNG',
      uuid: 'eab3be4f-1c5e-40e0-ac6a-750fddec35e1',
      name: 'tearDown',
      result: 'pending',
      test_run_id: 'e76cc36c-48e9-430e-89cf-59167fb77430',
      body: [Object],
      scope: 'Cross-Platform.com.browserstack.BStackDemoTest',
      custom_metadata: {},
      tags: [],
      scopes: [Array],
      file_name: 'testng-browserstack-master\\src\\test\\java\\com\\browserstack\\BStackDemoTest.java',
      vc_filepath: 'testng-browserstack-master\\src\\test\\java\\com\\browserstack\\BStackDemoTest.java',
      location: 'testng-browserstack-master\\src\\test\\java\\com\\browserstack\\BStackDemoTest.java',
      started_at: '2026-01-05T12:00:22.018Z'
    },
    logs: []
  },
  {
    event_type: 'HookRunFinished',
    hook_run: {
      type: 'hook',
      hook_type: 'AFTER_METHOD',
      framework: 'TestNG',
      uuid: 'eab3be4f-1c5e-40e0-ac6a-750fddec35e1',
      name: 'tearDown',
      result: 'failed',
      test_run_id: 'e76cc36c-48e9-430e-89cf-59167fb77430',
      body: [Object],
      scope: 'Cross-Platform.com.browserstack.BStackDemoTest',
      custom_metadata: {},
      tags: [],
      scopes: [Array],
      file_name: 'testng-browserstack-master\\src\\test\\java\\com\\browserstack\\BStackDemoTest.java',
      vc_filepath: 'testng-browserstack-master\\src\\test\\java\\com\\browserstack\\BStackDemoTest.java',
      location: 'testng-browserstack-master\\src\\test\\java\\com\\browserstack\\BStackDemoTest.java',
      started_at: '2026-01-05T12:00:22.018Z',
      finished_at: '2026-01-05T12:00:22.066Z'
    },
    logs: []
  },
  {
    event_type: 'HookRunFinished',
    hook_run: {
      type: 'hook',
      hook_type: 'BEFORE_METHOD',
      framework: 'TestNG',
      uuid: '0c1367a2-165c-4630-91cc-136e91c34c9e',
      name: 'setUp',
      result: 'failed',
      test_run_id: 'bf3224c5-2a05-4b3c-9a92-41da2bac77ac',
      body: [Object],
      scope: 'Cross-Platform.com.browserstack.BStackDemoTest',
      custom_metadata: {},
      tags: [],
      scopes: [Array],
      file_name: 'testng-browserstack-master\\src\\test\\java\\com\\browserstack\\BStackDemoTest.java',
      vc_filepath: 'testng-browserstack-master\\src\\test\\java\\com\\browserstack\\BStackDemoTest.java',
      location: 'testng-browserstack-master\\src\\test\\java\\com\\browserstack\\BStackDemoTest.java',
      started_at: '2026-01-05T11:55:03.437Z',
      finished_at: '2026-01-05T12:00:22.302Z'
    },
    logs: []
  },
  {
    event_type: 'HookRunFinished',
    hook_run: {
      type: 'hook',
      hook_type: 'BEFORE_METHOD',
      framework: 'TestNG',
      uuid: 'c47de2a0-71a6-4ace-b495-9ec8d405e65c',
      name: 'setUp',
      result: 'failed',
      test_run_id: '75812f13-f6f0-4a18-b92e-c2f7ae47ec26',
      body: [Object],
      scope: 'Cross-Platform.com.browserstack.BStackDemoTest',
      custom_metadata: {},
      tags: [],
      scopes: [Array],
      file_name: 'testng-browserstack-master\\src\\test\\java\\com\\browserstack\\BStackDemoTest.java',
      vc_filepath: 'testng-browserstack-master\\src\\test\\java\\com\\browserstack\\BStackDemoTest.java',
      location: 'testng-browserstack-master\\src\\test\\java\\com\\browserstack\\BStackDemoTest.java',
      started_at: '2026-01-05T11:55:03.438Z',
      finished_at: '2026-01-05T12:00:22.316Z'
    },
    logs: []
  },
  {
    event_type: 'HookRunFinished',
    hook_run: {
      type: 'hook',
      hook_type: 'BEFORE_METHOD',
      framework: 'TestNG',
      uuid: 'dd1a7b7c-fbcf-4030-bab4-2e2799689625',
      name: 'setUp',
      result: 'failed',
      test_run_id: '5251a219-c31e-43e0-87a7-db13c4067b66',
      body: [Object],
      scope: 'Cross-Platform.com.browserstack.BStackDemoTest',
      custom_metadata: {},
      tags: [],
      scopes: [Array],
      file_name: 'testng-browserstack-master\\src\\test\\java\\com\\browserstack\\BStackDemoTest.java',
      vc_filepath: 'testng-browserstack-master\\src\\test\\java\\com\\browserstack\\BStackDemoTest.java',
      location: 'testng-browserstack-master\\src\\test\\java\\com\\browserstack\\BStackDemoTest.java',
      started_at: '2026-01-05T11:55:03.438Z',
      finished_at: '2026-01-05T12:00:22.316Z'
    },
    logs: []
  },
  {
    event_type: 'TestRunStarted',
    test_run: {
      type: 'test',
      framework: 'TestNG',
      uuid: '21658841-842f-4dc5-b01f-edbb4955a62b',
      name: 'addProductToCart',
      body: [Object],
      identifier: 'addProductToCart',
      scope: 'Cross-Platform.com.browserstack.BStackDemoTest',
      scopes: [Array],
      file_name: 'src\\test\\java\\com\\browserstack\\BStackDemoTest.java',
      vc_filepath: 'src\\test\\java\\com\\browserstack\\BStackDemoTest.java',
      location: 'src\\test\\java\\com\\browserstack\\BStackDemoTest.java',
      meta: {},
      result: 'pending',
      duration_in_ms: null,
      started_at: '2026-01-05T12:00:22.367Z',
      failure: undefined,
      failure_type: undefined,
      failure_reason: undefined,
      retry_of: null,
      custom_metadata: {},
      tags: [],
      customRerunParam: [Object],
      hooks: [],
      product_map: [Object]
    },
    logs: []
  },
  {
    event_type: 'TestRunFinished',
    test_run: {
      type: 'test',
      framework: 'TestNG',
      uuid: '21658841-842f-4dc5-b01f-edbb4955a62b',
      name: 'addProductToCart',
      body: [Object],
      identifier: 'addProductToCart',
      scope: 'Cross-Platform.com.browserstack.BStackDemoTest',
      scopes: [Array],
      file_name: 'src\\test\\java\\com\\browserstack\\BStackDemoTest.java',
      vc_filepath: 'src\\test\\java\\com\\browserstack\\BStackDemoTest.java',
      location: 'src\\test\\java\\com\\browserstack\\BStackDemoTest.java',
      meta: {},
      result: 'skipped',
      duration_in_ms: 15,
      started_at: '2026-01-05T12:00:22.367Z',
      finished_at: '2026-01-05T12:00:22.382Z',
      failure: [Array],
      failure_type: 'UnhandledError',
      failure_reason: 'org.openqa.selenium.remote.NoSuchDriverException: Unable to obtain: Capabilities {browserName: chrome, goog:chromeOptions: {args: [start-maximized], extensions: []}}, error Command failed with code: 65, executed: [--browser, chrome, --output, json]\n' +
        'request or response body error: operation timed out\n' +
        "Build info: version: '4.16.1', revision: '9b4c83354e'\n" +
        "System info: os.name: 'Windows 11', os.arch: 'amd64', os.version: '10.0', java.version: '17.0.16'\n" +
        'Driver info: driver.version: ChromeDriver',
      retry_of: null,
      custom_metadata: {},
      tags: [],
      customRerunParam: [Object],
      hooks: [Array],
      product_map: [Object]
    },
    logs: []
  },
  {
    event_type: 'TestRunStarted',
    test_run: {
      type: 'test',
      framework: 'TestNG',
      uuid: 'ed835654-7a6e-4a77-b292-b440efd5f13f',
      name: 'addProductToCart',
      body: [Object],
      identifier: 'addProductToCart',
      scope: 'Cross-Platform.com.browserstack.BStackDemoTest',
      scopes: [Array],
      file_name: 'src\\test\\java\\com\\browserstack\\BStackDemoTest.java',
      vc_filepath: 'src\\test\\java\\com\\browserstack\\BStackDemoTest.java',
      location: 'src\\test\\java\\com\\browserstack\\BStackDemoTest.java',
      meta: {},
      result: 'pending',
      duration_in_ms: null,
      started_at: '2026-01-05T12:00:22.387Z',
      failure: undefined,
      failure_type: undefined,
      failure_reason: undefined,
      retry_of: null,
      custom_metadata: {},
      tags: [],
      customRerunParam: [Object],
      hooks: [],
      product_map: [Object]
    },
    logs: []
  },
  {
    event_type: 'TestRunStarted',
    test_run: {
      type: 'test',
      framework: 'TestNG',
      uuid: '268d8f06-8a96-4abf-b37f-f59be39f440b',
      name: 'addProductToCart',
      body: [Object],
      identifier: 'addProductToCart',
      scope: 'Cross-Platform.com.browserstack.BStackDemoTest',
      scopes: [Array],
      file_name: 'src\\test\\java\\com\\browserstack\\BStackDemoTest.java',
      vc_filepath: 'src\\test\\java\\com\\browserstack\\BStackDemoTest.java',
      location: 'src\\test\\java\\com\\browserstack\\BStackDemoTest.java',
      meta: {},
      result: 'pending',
      duration_in_ms: null,
      started_at: '2026-01-05T12:00:22.398Z',
      failure: undefined,
      failure_type: undefined,
      failure_reason: undefined,
      retry_of: null,
      custom_metadata: {},
      tags: [],
      customRerunParam: [Object],
      hooks: [],
      product_map: [Object]
    },
    logs: []
  },
  {
    event_type: 'TestRunFinished',
    test_run: {
      type: 'test',
      framework: 'TestNG',
      uuid: 'ed835654-7a6e-4a77-b292-b440efd5f13f',
      name: 'addProductToCart',
      body: [Object],
      identifier: 'addProductToCart',
      scope: 'Cross-Platform.com.browserstack.BStackDemoTest',
      scopes: [Array],
      file_name: 'src\\test\\java\\com\\browserstack\\BStackDemoTest.java',
      vc_filepath: 'src\\test\\java\\com\\browserstack\\BStackDemoTest.java',
      location: 'src\\test\\java\\com\\browserstack\\BStackDemoTest.java',
      meta: {},
      result: 'skipped',
      duration_in_ms: 23,
      started_at: '2026-01-05T12:00:22.387Z',
      finished_at: '2026-01-05T12:00:22.410Z',
      failure: [Array],
      failure_type: 'UnhandledError',
      failure_reason: 'org.openqa.selenium.remote.NoSuchDriverException: Unable to obtain: Capabilities {browserName: chrome, goog:chromeOptions: {args: [start-maximized], extensions: []}}, error Command failed with code: 65, executed: [--browser, chrome, --output, json]\n' +
        'request or response body error: operation timed out\n' +
        "Build info: version: '4.16.1', revision: '9b4c83354e'\n" +
        "System info: os.name: 'Windows 11', os.arch: 'amd64', os.version: '10.0', java.version: '17.0.16'\n" +
        'Driver info: driver.version: ChromeDriver',
      retry_of: null,
      custom_metadata: {},
      tags: [],
      customRerunParam: [Object],
      hooks: [Array],
      product_map: [Object]
    },
    logs: []
  },
  {
    event_type: 'TestRunFinished',
    test_run: {
      type: 'test',
      framework: 'TestNG',
      uuid: '268d8f06-8a96-4abf-b37f-f59be39f440b',
      name: 'addProductToCart',
      body: [Object],
      identifier: 'addProductToCart',
      scope: 'Cross-Platform.com.browserstack.BStackDemoTest',
      scopes: [Array],
      file_name: 'src\\test\\java\\com\\browserstack\\BStackDemoTest.java',
      vc_filepath: 'src\\test\\java\\com\\browserstack\\BStackDemoTest.java',
      location: 'src\\test\\java\\com\\browserstack\\BStackDemoTest.java',
      meta: {},
      result: 'skipped',
      duration_in_ms: 17,
      started_at: '2026-01-05T12:00:22.398Z',
      finished_at: '2026-01-05T12:00:22.415Z',
      failure: [Array],
      failure_type: 'UnhandledError',
      failure_reason: 'org.openqa.selenium.remote.NoSuchDriverException: Unable to obtain: Capabilities {browserName: chrome, goog:chromeOptions: {args: [start-maximized], extensions: []}}, error Command failed with code: 65, executed: [--browser, chrome, --output, json]\n' +
        'request or response body error: operation timed out\n' +
        "Build info: version: '4.16.1', revision: '9b4c83354e'\n" +
        "System info: os.name: 'Windows 11', os.arch: 'amd64', os.version: '10.0', java.version: '17.0.16'\n" +
        'Driver info: driver.version: ChromeDriver',
      retry_of: null,
      custom_metadata: {},
      tags: [],
      customRerunParam: [Object],
      hooks: [Array],
      product_map: [Object]
    },
    logs: []
  },
  {
    event_type: 'HookRunStarted',
    hook_run: {
      type: 'hook',
      hook_type: 'AFTER_METHOD',
      framework: 'TestNG',
      uuid: 'b046d651-b010-40d2-b02c-71d83cc80a71',
      name: 'tearDown',
      result: 'pending',
      test_run_id: '21658841-842f-4dc5-b01f-edbb4955a62b',
      body: [Object],
      scope: 'Cross-Platform.com.browserstack.BStackDemoTest',
      custom_metadata: {},
      tags: [],
      scopes: [Array],
      file_name: 'testng-browserstack-master\\src\\test\\java\\com\\browserstack\\BStackDemoTest.java',
      vc_filepath: 'testng-browserstack-master\\src\\test\\java\\com\\browserstack\\BStackDemoTest.java',
      location: 'testng-browserstack-master\\src\\test\\java\\com\\browserstack\\BStackDemoTest.java',
      started_at: '2026-01-05T12:00:22.461Z'
    },
    logs: []
  },
  {
    event_type: 'HookRunStarted',
    hook_run: {
      type: 'hook',
      hook_type: 'AFTER_METHOD',
      framework: 'TestNG',
      uuid: '0625c6f0-b304-46c1-9d69-434802b29f22',
      name: 'tearDown',
      result: 'pending',
      test_run_id: '268d8f06-8a96-4abf-b37f-f59be39f440b',
      body: [Object],
      scope: 'Cross-Platform.com.browserstack.BStackDemoTest',
      custom_metadata: {},
      tags: [],
      scopes: [Array],
      file_name: 'testng-browserstack-master\\src\\test\\java\\com\\browserstack\\BStackDemoTest.java',
      vc_filepath: 'testng-browserstack-master\\src\\test\\java\\com\\browserstack\\BStackDemoTest.java',
      location: 'testng-browserstack-master\\src\\test\\java\\com\\browserstack\\BStackDemoTest.java',
      started_at: '2026-01-05T12:00:22.496Z'
    },
    logs: []
  },
  {
    event_type: 'HookRunStarted',
    hook_run: {
      type: 'hook',
      hook_type: 'AFTER_METHOD',
      framework: 'TestNG',
      uuid: '77ced79b-8aaf-4d4c-aad6-d086fa89f2ed',
      name: 'tearDown',
      result: 'pending',
      test_run_id: 'ed835654-7a6e-4a77-b292-b440efd5f13f',
      body: [Object],
      scope: 'Cross-Platform.com.browserstack.BStackDemoTest',
      custom_metadata: {},
      tags: [],
      scopes: [Array],
      file_name: 'testng-browserstack-master\\src\\test\\java\\com\\browserstack\\BStackDemoTest.java',
      vc_filepath: 'testng-browserstack-master\\src\\test\\java\\com\\browserstack\\BStackDemoTest.java',
      location: 'testng-browserstack-master\\src\\test\\java\\com\\browserstack\\BStackDemoTest.java',
      started_at: '2026-01-05T12:00:22.496Z'
    },
    logs: []
  },
  {
    event_type: 'HookRunFinished',
    hook_run: {
      type: 'hook',
      hook_type: 'AFTER_METHOD',
      framework: 'TestNG',
      uuid: 'b046d651-b010-40d2-b02c-71d83cc80a71',
      name: 'tearDown',
      result: 'failed',
      test_run_id: '21658841-842f-4dc5-b01f-edbb4955a62b',
      body: [Object],
      scope: 'Cross-Platform.com.browserstack.BStackDemoTest',
      custom_metadata: {},
      tags: [],
      scopes: [Array],
      file_name: 'testng-browserstack-master\\src\\test\\java\\com\\browserstack\\BStackDemoTest.java',
      vc_filepath: 'testng-browserstack-master\\src\\test\\java\\com\\browserstack\\BStackDemoTest.java',
      location: 'testng-browserstack-master\\src\\test\\java\\com\\browserstack\\BStackDemoTest.java',
      started_at: '2026-01-05T12:00:22.461Z',
      finished_at: '2026-01-05T12:00:22.527Z'
    },
    logs: []
  },
  {
    event_type: 'HookRunFinished',
    hook_run: {
      type: 'hook',
      hook_type: 'AFTER_METHOD',
      framework: 'TestNG',
      uuid: '77ced79b-8aaf-4d4c-aad6-d086fa89f2ed',
      name: 'tearDown',
      result: 'failed',
      test_run_id: 'ed835654-7a6e-4a77-b292-b440efd5f13f',
      body: [Object],
      scope: 'Cross-Platform.com.browserstack.BStackDemoTest',
      custom_metadata: {},
      tags: [],
      scopes: [Array],
      file_name: 'testng-browserstack-master\\src\\test\\java\\com\\browserstack\\BStackDemoTest.java',
      vc_filepath: 'testng-browserstack-master\\src\\test\\java\\com\\browserstack\\BStackDemoTest.java',
      location: 'testng-browserstack-master\\src\\test\\java\\com\\browserstack\\BStackDemoTest.java',
      started_at: '2026-01-05T12:00:22.496Z',
      finished_at: '2026-01-05T12:00:22.569Z'
    },
    logs: []
  },
  {
    event_type: 'HookRunFinished',
    hook_run: {
      type: 'hook',
      hook_type: 'AFTER_METHOD',
      framework: 'TestNG',
      uuid: '0625c6f0-b304-46c1-9d69-434802b29f22',
      name: 'tearDown',
      result: 'failed',
      test_run_id: '268d8f06-8a96-4abf-b37f-f59be39f440b',
      body: [Object],
      scope: 'Cross-Platform.com.browserstack.BStackDemoTest',
      custom_metadata: {},
      tags: [],
      scopes: [Array],
      file_name: 'testng-browserstack-master\\src\\test\\java\\com\\browserstack\\BStackDemoTest.java',
      vc_filepath: 'testng-browserstack-master\\src\\test\\java\\com\\browserstack\\BStackDemoTest.java',
      location: 'testng-browserstack-master\\src\\test\\java\\com\\browserstack\\BStackDemoTest.java',
      started_at: '2026-01-05T12:00:22.496Z',
      finished_at: '2026-01-05T12:00:22.569Z'
    },
    logs: []
  }
] to 24676:0
2026-01-05T12:00:22.767Z CLI info  [theekshanipramod_ixK9dR]  [zrpjloza0aourrt7rubtkpntaxvxfxuk7tuepdvf]  [3fdea979-730b-49c8-a6da-79317baee1e1]  [PRODUCTION] Making POST request to https://collector-observability.browserstack.com
2026-01-05T12:00:47.778Z CLI info  [theekshanipramod_ixK9dR]  [zrpjloza0aourrt7rubtkpntaxvxfxuk7tuepdvf]  [3fdea979-730b-49c8-a6da-79317baee1e1]  [PRODUCTION] Making PUT request to https://collector-observability.browserstack.com
2026-01-05T12:00:50.216Z CLI info [testhub:module]  [theekshanipramod_ixK9dR]  [zrpjloza0aourrt7rubtkpntaxvxfxuk7tuepdvf]  [3fdea979-730b-49c8-a6da-79317baee1e1]  stopBuild: zrpjloza0aourrt7rubtkpntaxvxfxuk7tuepdvf request={"finished_at":"2026-01-05T12:00:23.067Z","finished_metadata":[],"custom_metadata":{}} response={"data":""}
2026-01-05T12:00:50.218Z CLI info  [theekshanipramod_ixK9dR]  [zrpjloza0aourrt7rubtkpntaxvxfxuk7tuepdvf]  [3fdea979-730b-49c8-a6da-79317baee1e1]  [PRODUCTION] Making POST request to https://api.browserstack.com
2026-01-05T12:00:50.222Z CLI info [TEST REPORTING AND ANALYTICS:module]  [theekshanipramod_ixK9dR]  [zrpjloza0aourrt7rubtkpntaxvxfxuk7tuepdvf]  [3fdea979-730b-49c8-a6da-79317baee1e1]  Visit https://automation.browserstack.com/builds/zrpjloza0aourrt7rubtkpntaxvxfxuk7tuepdvf to view build report, insights, and many more debugging information all at one place!
2026-01-05T12:00:53.074Z CLI info  [theekshanipramod_ixK9dR]  [zrpjloza0aourrt7rubtkpntaxvxfxuk7tuepdvf]  [3fdea979-730b-49c8-a6da-79317baee1e1]  [PRODUCTION] Making GET request to https://api.browserstack.com
2026-01-05T12:00:53.739Z CLI info  [theekshanipramod_ixK9dR]  [zrpjloza0aourrt7rubtkpntaxvxfxuk7tuepdvf]  [3fdea979-730b-49c8-a6da-79317baee1e1]  [PRODUCTION] Making POST request to https://eds.browserstack.com
2026-01-05T19:07:03.520Z CLI info [main]     Server listening on port: 5400
2026-01-05T19:07:05.489Z CLI info     Config : {"userName":"[REDACTED]","accessKey":"[REDACTED]","projectName":"BrowserStack Samples","buildName":"browserstack build","buildIdentifier":"#${BUILD_NUMBER}","framework":"testng","platforms":[{"os":"Windows","osVersion":"11","browserName":"Chrome","browserVersion":"latest"},{"os":"Windows","osVersion":"11","browserName":"Edge","browserVersion":"latest"},{"os":"Windows","osVersion":"11","browserName":"Firefox","browserVersion":"latest","browserstackLocal":true},{"os":"OS X","osVersion":"Big Sur","browserName":"Chrome","browserVersion":"latest"},{"os":"Windows","osVersion":"10","browserName":"Edge","browserVersion":"latest"},{"deviceName":"Samsung Galaxy S22 Ultra","browserName":"chrome","osVersion":"12.0","buildName":"browserstack-build-1","projectName":"BrowserStack Sample"}],"parallelsPerPlatform":1,"source":"testng:sample-master:v1.1","browserstackLocal":true,"debug":false,"networkLogs":false,"consoleLogs":"errors","testObservability":true}
2026-01-05T19:07:05.525Z CLI info     Should start debug utility: undefined
2026-01-05T19:07:05.531Z CLI info [testhub:module]  [theekshanipramod_ixK9dR]   [2192d6a8-b008-44eb-8b51-9e2dc95ad35e]  Starting testhub from 25956:0
2026-01-05T19:07:05.533Z CLI info  [theekshanipramod_ixK9dR]   [2192d6a8-b008-44eb-8b51-9e2dc95ad35e]  [PRODUCTION] Making POST request to https://sdk.browserstack.com
2026-01-05T19:07:07.738Z CLI info [testhub:module]  [theekshanipramod_ixK9dR]   [2192d6a8-b008-44eb-8b51-9e2dc95ad35e]  startBuild: response=ijoleqof62r9tkvxkk7jjkvbobljgrupdu2lx97e
2026-01-05T19:07:07.742Z CLI info  [theekshanipramod_ixK9dR]  [ijoleqof62r9tkvxkk7jjkvbobljgrupdu2lx97e]  [2192d6a8-b008-44eb-8b51-9e2dc95ad35e]  [PRODUCTION] Making POST request to https://api.browserstack.com
2026-01-05T19:07:16.921Z CLI info  [theekshanipramod_ixK9dR]  [ijoleqof62r9tkvxkk7jjkvbobljgrupdu2lx97e]  [2192d6a8-b008-44eb-8b51-9e2dc95ad35e]  [PRODUCTION] Making GET request to https://hub.browserstack.com
2026-01-05T19:07:17.785Z CLI info  [theekshanipramod_ixK9dR]  [ijoleqof62r9tkvxkk7jjkvbobljgrupdu2lx97e]  [2192d6a8-b008-44eb-8b51-9e2dc95ad35e]  [PRODUCTION] Making GET request to https://hub-aps.browserstack.com
2026-01-05T19:07:18.569Z CLI info  [theekshanipramod_ixK9dR]  [ijoleqof62r9tkvxkk7jjkvbobljgrupdu2lx97e]  [2192d6a8-b008-44eb-8b51-9e2dc95ad35e]  [PRODUCTION] Making GET request to https://hub-euw.browserstack.com
2026-01-05T19:07:19.527Z CLI info  [theekshanipramod_ixK9dR]  [ijoleqof62r9tkvxkk7jjkvbobljgrupdu2lx97e]  [2192d6a8-b008-44eb-8b51-9e2dc95ad35e]  [PRODUCTION] Making GET request to https://hub-apse.browserstack.com
2026-01-05T19:07:26.458Z CLI info [testhub:request-queue-handler]  [theekshanipramod_ixK9dR]  [ijoleqof62r9tkvxkk7jjkvbobljgrupdu2lx97e]  [2192d6a8-b008-44eb-8b51-9e2dc95ad35e]  Added the event {
  event_type: 'HookRunStarted',
  hook_run: {
    type: 'hook',
    hook_type: 'BEFORE_METHOD',
    framework: 'TestNG',
    uuid: '4f75d4d8-4fc3-4117-8370-e10c590aaaa1',
    name: 'setUp',
    result: 'pending',
    test_run_id: '620300c3-a041-4d06-be7b-bd2d7ce7d611',
    body: { lang: 'java', code: null },
    scope: 'Cross-Platform.com.browserstack.BStackDemoTest',
    custom_metadata: {},
    tags: [],
    scopes: [ 'Cross-Platform', 'com.browserstack.BStackDemoTest' ],
    file_name: 'testng-browserstack-master\\src\\test\\java\\com\\browserstack\\BStackDemoTest.java',
    vc_filepath: 'testng-browserstack-master\\src\\test\\java\\com\\browserstack\\BStackDemoTest.java',
    location: 'testng-browserstack-master\\src\\test\\java\\com\\browserstack\\BStackDemoTest.java',
    started_at: '2026-01-05T19:07:26.412Z'
  },
  logs: []
} to 25956:0
2026-01-05T19:07:26.462Z CLI info [testhub:request-queue-handler]  [theekshanipramod_ixK9dR]  [ijoleqof62r9tkvxkk7jjkvbobljgrupdu2lx97e]  [2192d6a8-b008-44eb-8b51-9e2dc95ad35e]  Added the event {
  event_type: 'HookRunStarted',
  hook_run: {
    type: 'hook',
    hook_type: 'BEFORE_METHOD',
    framework: 'TestNG',
    uuid: 'ee10a541-57bd-437b-826f-0f7e03c8332a',
    name: 'setUp',
    result: 'pending',
    test_run_id: '84eafe28-23b3-49d4-a311-c9e987b963d1',
    body: { lang: 'java', code: null },
    scope: 'Cross-Platform.com.browserstack.BStackDemoTest',
    custom_metadata: {},
    tags: [],
    scopes: [ 'Cross-Platform', 'com.browserstack.BStackDemoTest' ],
    file_name: 'testng-browserstack-master\\src\\test\\java\\com\\browserstack\\BStackDemoTest.java',
    vc_filepath: 'testng-browserstack-master\\src\\test\\java\\com\\browserstack\\BStackDemoTest.java',
    location: 'testng-browserstack-master\\src\\test\\java\\com\\browserstack\\BStackDemoTest.java',
    started_at: '2026-01-05T19:07:26.412Z'
  },
  logs: []
} to 25956:0
2026-01-05T19:07:26.466Z CLI info [testhub:request-queue-handler]  [theekshanipramod_ixK9dR]  [ijoleqof62r9tkvxkk7jjkvbobljgrupdu2lx97e]  [2192d6a8-b008-44eb-8b51-9e2dc95ad35e]  Added the event {
  event_type: 'HookRunStarted',
  hook_run: {
    type: 'hook',
    hook_type: 'BEFORE_METHOD',
    framework: 'TestNG',
    uuid: '86cf381c-9ef3-4f29-816c-eb3a44de5693',
    name: 'setUp',
    result: 'pending',
    test_run_id: 'db60376e-b4fd-443c-a04d-46190cd787e0',
    body: { lang: 'java', code: null },
    scope: 'Cross-Platform.com.browserstack.BStackDemoTest',
    custom_metadata: {},
    tags: [],
    scopes: [ 'Cross-Platform', 'com.browserstack.BStackDemoTest' ],
    file_name: 'testng-browserstack-master\\src\\test\\java\\com\\browserstack\\BStackDemoTest.java',
    vc_filepath: 'testng-browserstack-master\\src\\test\\java\\com\\browserstack\\BStackDemoTest.java',
    location: 'testng-browserstack-master\\src\\test\\java\\com\\browserstack\\BStackDemoTest.java',
    started_at: '2026-01-05T19:07:26.412Z'
  },
  logs: []
} to 25956:0
2026-01-05T19:07:26.469Z CLI info [testhub:request-queue-handler]  [theekshanipramod_ixK9dR]  [ijoleqof62r9tkvxkk7jjkvbobljgrupdu2lx97e]  [2192d6a8-b008-44eb-8b51-9e2dc95ad35e]  Added the event {
  event_type: 'HookRunStarted',
  hook_run: {
    type: 'hook',
    hook_type: 'BEFORE_METHOD',
    framework: 'TestNG',
    uuid: '26da9de4-45f4-4652-b586-08d02b21073d',
    name: 'setUp',
    result: 'pending',
    test_run_id: '0e49d410-0e00-45b1-a1f0-d6386ebe5b7e',
    body: { lang: 'java', code: null },
    scope: 'Cross-Platform.com.browserstack.BStackDemoTest',
    custom_metadata: {},
    tags: [],
    scopes: [ 'Cross-Platform', 'com.browserstack.BStackDemoTest' ],
    file_name: 'testng-browserstack-master\\src\\test\\java\\com\\browserstack\\BStackDemoTest.java',
    vc_filepath: 'testng-browserstack-master\\src\\test\\java\\com\\browserstack\\BStackDemoTest.java',
    location: 'testng-browserstack-master\\src\\test\\java\\com\\browserstack\\BStackDemoTest.java',
    started_at: '2026-01-05T19:07:26.412Z'
  },
  logs: []
} to 25956:0
2026-01-05T19:07:26.471Z CLI info [testhub:request-queue-handler]  [theekshanipramod_ixK9dR]  [ijoleqof62r9tkvxkk7jjkvbobljgrupdu2lx97e]  [2192d6a8-b008-44eb-8b51-9e2dc95ad35e]  Added the event {
  event_type: 'HookRunStarted',
  hook_run: {
    type: 'hook',
    hook_type: 'BEFORE_METHOD',
    framework: 'TestNG',
    uuid: '8d040183-0590-4933-9f7a-4b047688b3c4',
    name: 'setUp',
    result: 'pending',
    test_run_id: 'ab1e8dd5-cf49-4c14-8e14-6731cd5005f9',
    body: { lang: 'java', code: null },
    scope: 'Cross-Platform.com.browserstack.BStackDemoTest',
    custom_metadata: {},
    tags: [],
    scopes: [ 'Cross-Platform', 'com.browserstack.BStackDemoTest' ],
    file_name: 'testng-browserstack-master\\src\\test\\java\\com\\browserstack\\BStackDemoTest.java',
    vc_filepath: 'testng-browserstack-master\\src\\test\\java\\com\\browserstack\\BStackDemoTest.java',
    location: 'testng-browserstack-master\\src\\test\\java\\com\\browserstack\\BStackDemoTest.java',
    started_at: '2026-01-05T19:07:26.412Z'
  },
  logs: []
} to 25956:0
2026-01-05T19:07:26.474Z CLI info [testhub:request-queue-handler]  [theekshanipramod_ixK9dR]  [ijoleqof62r9tkvxkk7jjkvbobljgrupdu2lx97e]  [2192d6a8-b008-44eb-8b51-9e2dc95ad35e]  Added the event {
  event_type: 'HookRunStarted',
  hook_run: {
    type: 'hook',
    hook_type: 'BEFORE_METHOD',
    framework: 'TestNG',
    uuid: '18fd315e-296b-4976-82ca-244be039e45e',
    name: 'setUp',
    result: 'pending',
    test_run_id: 'a8a8f153-5301-457f-80e1-9635cf0740cd',
    body: { lang: 'java', code: null },
    scope: 'Cross-Platform.com.browserstack.BStackDemoTest',
    custom_metadata: {},
    tags: [],
    scopes: [ 'Cross-Platform', 'com.browserstack.BStackDemoTest' ],
    file_name: 'testng-browserstack-master\\src\\test\\java\\com\\browserstack\\BStackDemoTest.java',
    vc_filepath: 'testng-browserstack-master\\src\\test\\java\\com\\browserstack\\BStackDemoTest.java',
    location: 'testng-browserstack-master\\src\\test\\java\\com\\browserstack\\BStackDemoTest.java',
    started_at: '2026-01-05T19:07:26.412Z'
  },
  logs: []
} to 25956:0
2026-01-05T19:07:27.141Z CLI info [sdk:service]  [theekshanipramod_ixK9dR]  [ijoleqof62r9tkvxkk7jjkvbobljgrupdu2lx97e]  [2192d6a8-b008-44eb-8b51-9e2dc95ad35e]  Driver initialized as primary driver: platformIndex=1
2026-01-05T19:07:27.154Z CLI info [sdk:service]  [theekshanipramod_ixK9dR]  [ijoleqof62r9tkvxkk7jjkvbobljgrupdu2lx97e]  [2192d6a8-b008-44eb-8b51-9e2dc95ad35e]  Driver initialized as primary driver: platformIndex=3
2026-01-05T19:07:27.161Z CLI info [sdk:service]  [theekshanipramod_ixK9dR]  [ijoleqof62r9tkvxkk7jjkvbobljgrupdu2lx97e]  [2192d6a8-b008-44eb-8b51-9e2dc95ad35e]  Driver initialized as primary driver: platformIndex=0
2026-01-05T19:07:27.164Z CLI info [sdk:service]  [theekshanipramod_ixK9dR]  [ijoleqof62r9tkvxkk7jjkvbobljgrupdu2lx97e]  [2192d6a8-b008-44eb-8b51-9e2dc95ad35e]  Driver initialized as primary driver: platformIndex=2
2026-01-05T19:07:27.167Z CLI info [sdk:service]  [theekshanipramod_ixK9dR]  [ijoleqof62r9tkvxkk7jjkvbobljgrupdu2lx97e]  [2192d6a8-b008-44eb-8b51-9e2dc95ad35e]  Driver initialized as primary driver: platformIndex=5
2026-01-05T19:07:27.178Z CLI info [sdk:service]  [theekshanipramod_ixK9dR]  [ijoleqof62r9tkvxkk7jjkvbobljgrupdu2lx97e]  [2192d6a8-b008-44eb-8b51-9e2dc95ad35e]  Driver initialized as primary driver: platformIndex=4
2026-01-05T19:07:27.791Z CLI info [testhub:request-queue-handler]  [theekshanipramod_ixK9dR]  [ijoleqof62r9tkvxkk7jjkvbobljgrupdu2lx97e]  [2192d6a8-b008-44eb-8b51-9e2dc95ad35e]  Processing batch event [
  {
    event_type: 'HookRunStarted',
    hook_run: {
      type: 'hook',
      hook_type: 'BEFORE_METHOD',
      framework: 'TestNG',
      uuid: '4f75d4d8-4fc3-4117-8370-e10c590aaaa1',
      name: 'setUp',
      result: 'pending',
      test_run_id: '620300c3-a041-4d06-be7b-bd2d7ce7d611',
      body: [Object],
      scope: 'Cross-Platform.com.browserstack.BStackDemoTest',
      custom_metadata: {},
      tags: [],
      scopes: [Array],
      file_name: 'testng-browserstack-master\\src\\test\\java\\com\\browserstack\\BStackDemoTest.java',
      vc_filepath: 'testng-browserstack-master\\src\\test\\java\\com\\browserstack\\BStackDemoTest.java',
      location: 'testng-browserstack-master\\src\\test\\java\\com\\browserstack\\BStackDemoTest.java',
      started_at: '2026-01-05T19:07:26.412Z'
    },
    logs: []
  },
  {
    event_type: 'HookRunStarted',
    hook_run: {
      type: 'hook',
      hook_type: 'BEFORE_METHOD',
      framework: 'TestNG',
      uuid: 'ee10a541-57bd-437b-826f-0f7e03c8332a',
      name: 'setUp',
      result: 'pending',
      test_run_id: '84eafe28-23b3-49d4-a311-c9e987b963d1',
      body: [Object],
      scope: 'Cross-Platform.com.browserstack.BStackDemoTest',
      custom_metadata: {},
      tags: [],
      scopes: [Array],
      file_name: 'testng-browserstack-master\\src\\test\\java\\com\\browserstack\\BStackDemoTest.java',
      vc_filepath: 'testng-browserstack-master\\src\\test\\java\\com\\browserstack\\BStackDemoTest.java',
      location: 'testng-browserstack-master\\src\\test\\java\\com\\browserstack\\BStackDemoTest.java',
      started_at: '2026-01-05T19:07:26.412Z'
    },
    logs: []
  },
  {
    event_type: 'HookRunStarted',
    hook_run: {
      type: 'hook',
      hook_type: 'BEFORE_METHOD',
      framework: 'TestNG',
      uuid: '86cf381c-9ef3-4f29-816c-eb3a44de5693',
      name: 'setUp',
      result: 'pending',
      test_run_id: 'db60376e-b4fd-443c-a04d-46190cd787e0',
      body: [Object],
      scope: 'Cross-Platform.com.browserstack.BStackDemoTest',
      custom_metadata: {},
      tags: [],
      scopes: [Array],
      file_name: 'testng-browserstack-master\\src\\test\\java\\com\\browserstack\\BStackDemoTest.java',
      vc_filepath: 'testng-browserstack-master\\src\\test\\java\\com\\browserstack\\BStackDemoTest.java',
      location: 'testng-browserstack-master\\src\\test\\java\\com\\browserstack\\BStackDemoTest.java',
      started_at: '2026-01-05T19:07:26.412Z'
    },
    logs: []
  },
  {
    event_type: 'HookRunStarted',
    hook_run: {
      type: 'hook',
      hook_type: 'BEFORE_METHOD',
      framework: 'TestNG',
      uuid: '26da9de4-45f4-4652-b586-08d02b21073d',
      name: 'setUp',
      result: 'pending',
      test_run_id: '0e49d410-0e00-45b1-a1f0-d6386ebe5b7e',
      body: [Object],
      scope: 'Cross-Platform.com.browserstack.BStackDemoTest',
      custom_metadata: {},
      tags: [],
      scopes: [Array],
      file_name: 'testng-browserstack-master\\src\\test\\java\\com\\browserstack\\BStackDemoTest.java',
      vc_filepath: 'testng-browserstack-master\\src\\test\\java\\com\\browserstack\\BStackDemoTest.java',
      location: 'testng-browserstack-master\\src\\test\\java\\com\\browserstack\\BStackDemoTest.java',
      started_at: '2026-01-05T19:07:26.412Z'
    },
    logs: []
  },
  {
    event_type: 'HookRunStarted',
    hook_run: {
      type: 'hook',
      hook_type: 'BEFORE_METHOD',
      framework: 'TestNG',
      uuid: '8d040183-0590-4933-9f7a-4b047688b3c4',
      name: 'setUp',
      result: 'pending',
      test_run_id: 'ab1e8dd5-cf49-4c14-8e14-6731cd5005f9',
      body: [Object],
      scope: 'Cross-Platform.com.browserstack.BStackDemoTest',
      custom_metadata: {},
      tags: [],
      scopes: [Array],
      file_name: 'testng-browserstack-master\\src\\test\\java\\com\\browserstack\\BStackDemoTest.java',
      vc_filepath: 'testng-browserstack-master\\src\\test\\java\\com\\browserstack\\BStackDemoTest.java',
      location: 'testng-browserstack-master\\src\\test\\java\\com\\browserstack\\BStackDemoTest.java',
      started_at: '2026-01-05T19:07:26.412Z'
    },
    logs: []
  },
  {
    event_type: 'HookRunStarted',
    hook_run: {
      type: 'hook',
      hook_type: 'BEFORE_METHOD',
      framework: 'TestNG',
      uuid: '18fd315e-296b-4976-82ca-244be039e45e',
      name: 'setUp',
      result: 'pending',
      test_run_id: 'a8a8f153-5301-457f-80e1-9635cf0740cd',
      body: [Object],
      scope: 'Cross-Platform.com.browserstack.BStackDemoTest',
      custom_metadata: {},
      tags: [],
      scopes: [Array],
      file_name: 'testng-browserstack-master\\src\\test\\java\\com\\browserstack\\BStackDemoTest.java',
      vc_filepath: 'testng-browserstack-master\\src\\test\\java\\com\\browserstack\\BStackDemoTest.java',
      location: 'testng-browserstack-master\\src\\test\\java\\com\\browserstack\\BStackDemoTest.java',
      started_at: '2026-01-05T19:07:26.412Z'
    },
    logs: []
  }
] to 25956:0
2026-01-05T19:07:27.794Z CLI info  [theekshanipramod_ixK9dR]  [ijoleqof62r9tkvxkk7jjkvbobljgrupdu2lx97e]  [2192d6a8-b008-44eb-8b51-9e2dc95ad35e]  [PRODUCTION] Making POST request to https://collector-observability.browserstack.com
2026-01-05T19:07:43.718Z CLI info [testhub:request-queue-handler]  [theekshanipramod_ixK9dR]  [ijoleqof62r9tkvxkk7jjkvbobljgrupdu2lx97e]  [2192d6a8-b008-44eb-8b51-9e2dc95ad35e]  Added the event {
  event_type: 'LogCreated',
  logs: [
    {
      testFrameworkName: 'TestNG',
      testFrameworkVersion: '7.9.0',
      testFrameworkState: 'LOG',
      timestamp: '2026-01-05T19:07:43.692Z',
      uuid: '18fd315e-296b-4976-82ca-244be039e45e',
      kind: 'TEST_LOG',
      message: '"Site Title: StackDemo"',
      level: 'INFO',
      test_run_uuid: '18fd315e-296b-4976-82ca-244be039e45e'
    }
  ]
} to 25956:0
2026-01-05T19:07:43.793Z CLI info [testhub:request-queue-handler]  [theekshanipramod_ixK9dR]  [ijoleqof62r9tkvxkk7jjkvbobljgrupdu2lx97e]  [2192d6a8-b008-44eb-8b51-9e2dc95ad35e]  Added the event {
  event_type: 'HookRunFinished',
  hook_run: {
    type: 'hook',
    hook_type: 'BEFORE_METHOD',
    framework: 'TestNG',
    uuid: '18fd315e-296b-4976-82ca-244be039e45e',
    name: 'setUp',
    result: 'passed',
    test_run_id: 'a8a8f153-5301-457f-80e1-9635cf0740cd',
    body: { lang: 'java', code: null },
    scope: 'Cross-Platform.com.browserstack.BStackDemoTest',
    custom_metadata: {},
    tags: [],
    scopes: [ 'Cross-Platform', 'com.browserstack.BStackDemoTest' ],
    file_name: 'testng-browserstack-master\\src\\test\\java\\com\\browserstack\\BStackDemoTest.java',
    vc_filepath: 'testng-browserstack-master\\src\\test\\java\\com\\browserstack\\BStackDemoTest.java',
    location: 'testng-browserstack-master\\src\\test\\java\\com\\browserstack\\BStackDemoTest.java',
    started_at: '2026-01-05T19:07:26.412Z',
    finished_at: '2026-01-05T19:07:43.790Z'
  },
  logs: []
} to 25956:0
2026-01-05T19:07:43.833Z CLI info [testhub:request-queue-handler]  [theekshanipramod_ixK9dR]  [ijoleqof62r9tkvxkk7jjkvbobljgrupdu2lx97e]  [2192d6a8-b008-44eb-8b51-9e2dc95ad35e]  Processing batch event [
  { event_type: 'LogCreated', logs: [ [Object] ] },
  {
    event_type: 'HookRunFinished',
    hook_run: {
      type: 'hook',
      hook_type: 'BEFORE_METHOD',
      framework: 'TestNG',
      uuid: '18fd315e-296b-4976-82ca-244be039e45e',
      name: 'setUp',
      result: 'passed',
      test_run_id: 'a8a8f153-5301-457f-80e1-9635cf0740cd',
      body: [Object],
      scope: 'Cross-Platform.com.browserstack.BStackDemoTest',
      custom_metadata: {},
      tags: [],
      scopes: [Array],
      file_name: 'testng-browserstack-master\\src\\test\\java\\com\\browserstack\\BStackDemoTest.java',
      vc_filepath: 'testng-browserstack-master\\src\\test\\java\\com\\browserstack\\BStackDemoTest.java',
      location: 'testng-browserstack-master\\src\\test\\java\\com\\browserstack\\BStackDemoTest.java',
      started_at: '2026-01-05T19:07:26.412Z',
      finished_at: '2026-01-05T19:07:43.790Z'
    },
    logs: []
  }
] to 25956:0
2026-01-05T19:07:43.835Z CLI info  [theekshanipramod_ixK9dR]  [ijoleqof62r9tkvxkk7jjkvbobljgrupdu2lx97e]  [2192d6a8-b008-44eb-8b51-9e2dc95ad35e]  [PRODUCTION] Making POST request to https://collector-observability.browserstack.com
2026-01-05T19:07:43.937Z CLI info [testhub:request-queue-handler]  [theekshanipramod_ixK9dR]  [ijoleqof62r9tkvxkk7jjkvbobljgrupdu2lx97e]  [2192d6a8-b008-44eb-8b51-9e2dc95ad35e]  Added the event {
  event_type: 'CBTSessionCreated',
  test_run: {
    uuid: 'a19988c3-443f-40eb-b86e-d3fcdd25c1d0',
    integrations: { browserstack: [Object] }
  }
} to 25956:0
2026-01-05T19:07:43.950Z CLI info [testhub:request-queue-handler]  [theekshanipramod_ixK9dR]  [ijoleqof62r9tkvxkk7jjkvbobljgrupdu2lx97e]  [2192d6a8-b008-44eb-8b51-9e2dc95ad35e]  Added the event {
  event_type: 'TestRunStarted',
  test_run: {
    type: 'test',
    framework: 'TestNG',
    uuid: 'a19988c3-443f-40eb-b86e-d3fcdd25c1d0',
    name: 'addProductToCart',
    body: {
      lang: 'java',
      code: 'public void com.browserstack.BStackDemoTest.addProductToCart() throws java.lang.Exception'
    },
    identifier: 'addProductToCart',
    scope: 'Cross-Platform.com.browserstack.BStackDemoTest',
    scopes: [ 'Cross-Platform', 'com.browserstack.BStackDemoTest' ],
    file_name: 'src\\test\\java\\com\\browserstack\\BStackDemoTest.java',
    vc_filepath: 'src\\test\\java\\com\\browserstack\\BStackDemoTest.java',
    location: 'src\\test\\java\\com\\browserstack\\BStackDemoTest.java',
    meta: {},
    result: 'pending',
    duration_in_ms: null,
    started_at: '2026-01-05T19:07:43.858Z',
    failure: undefined,
    failure_type: undefined,
    failure_reason: undefined,
    retry_of: null,
    custom_metadata: {},
    tags: [],
    customRerunParam: { rerun_name: 'BStackDemo-3' },
    hooks: [],
    product_map: {
      observability: true,
      accessibility: false,
      percy: false,
      automate: true,
      app_automate: false,
      lts: false
    },
    integrations: { browserstack: [Object] }
  },
  logs: []
} to 25956:0
2026-01-05T19:07:45.835Z CLI info [testhub:request-queue-handler]  [theekshanipramod_ixK9dR]  [ijoleqof62r9tkvxkk7jjkvbobljgrupdu2lx97e]  [2192d6a8-b008-44eb-8b51-9e2dc95ad35e]  Processing batch event [
  {
    event_type: 'CBTSessionCreated',
    test_run: {
      uuid: 'a19988c3-443f-40eb-b86e-d3fcdd25c1d0',
      integrations: [Object]
    }
  },
  {
    event_type: 'TestRunStarted',
    test_run: {
      type: 'test',
      framework: 'TestNG',
      uuid: 'a19988c3-443f-40eb-b86e-d3fcdd25c1d0',
      name: 'addProductToCart',
      body: [Object],
      identifier: 'addProductToCart',
      scope: 'Cross-Platform.com.browserstack.BStackDemoTest',
      scopes: [Array],
      file_name: 'src\\test\\java\\com\\browserstack\\BStackDemoTest.java',
      vc_filepath: 'src\\test\\java\\com\\browserstack\\BStackDemoTest.java',
      location: 'src\\test\\java\\com\\browserstack\\BStackDemoTest.java',
      meta: {},
      result: 'pending',
      duration_in_ms: null,
      started_at: '2026-01-05T19:07:43.858Z',
      failure: undefined,
      failure_type: undefined,
      failure_reason: undefined,
      retry_of: null,
      custom_metadata: {},
      tags: [],
      customRerunParam: [Object],
      hooks: [],
      product_map: [Object],
      integrations: [Object]
    },
    logs: []
  }
] to 25956:0
2026-01-05T19:07:45.837Z CLI info  [theekshanipramod_ixK9dR]  [ijoleqof62r9tkvxkk7jjkvbobljgrupdu2lx97e]  [2192d6a8-b008-44eb-8b51-9e2dc95ad35e]  [PRODUCTION] Making POST request to https://collector-observability.browserstack.com
2026-01-05T19:07:46.732Z CLI info [testhub:request-queue-handler]  [theekshanipramod_ixK9dR]  [ijoleqof62r9tkvxkk7jjkvbobljgrupdu2lx97e]  [2192d6a8-b008-44eb-8b51-9e2dc95ad35e]  Added the event {
  event_type: 'LogCreated',
  logs: [
    {
      testFrameworkName: 'TestNG',
      testFrameworkVersion: '7.9.0',
      testFrameworkState: 'LOG',
      timestamp: '2026-01-05T19:07:46.722Z',
      uuid: '26da9de4-45f4-4652-b586-08d02b21073d',
      kind: 'TEST_LOG',
      message: '"Site Title: StackDemo"',
      level: 'INFO',
      test_run_uuid: '26da9de4-45f4-4652-b586-08d02b21073d'
    }
  ]
} to 25956:0
2026-01-05T19:07:46.812Z CLI info [testhub:request-queue-handler]  [theekshanipramod_ixK9dR]  [ijoleqof62r9tkvxkk7jjkvbobljgrupdu2lx97e]  [2192d6a8-b008-44eb-8b51-9e2dc95ad35e]  Added the event {
  event_type: 'HookRunFinished',
  hook_run: {
    type: 'hook',
    hook_type: 'BEFORE_METHOD',
    framework: 'TestNG',
    uuid: '26da9de4-45f4-4652-b586-08d02b21073d',
    name: 'setUp',
    result: 'passed',
    test_run_id: '0e49d410-0e00-45b1-a1f0-d6386ebe5b7e',
    body: { lang: 'java', code: null },
    scope: 'Cross-Platform.com.browserstack.BStackDemoTest',
    custom_metadata: {},
    tags: [],
    scopes: [ 'Cross-Platform', 'com.browserstack.BStackDemoTest' ],
    file_name: 'testng-browserstack-master\\src\\test\\java\\com\\browserstack\\BStackDemoTest.java',
    vc_filepath: 'testng-browserstack-master\\src\\test\\java\\com\\browserstack\\BStackDemoTest.java',
    location: 'testng-browserstack-master\\src\\test\\java\\com\\browserstack\\BStackDemoTest.java',
    started_at: '2026-01-05T19:07:26.412Z',
    finished_at: '2026-01-05T19:07:46.801Z'
  },
  logs: []
} to 25956:0
2026-01-05T19:07:46.874Z CLI info [testhub:request-queue-handler]  [theekshanipramod_ixK9dR]  [ijoleqof62r9tkvxkk7jjkvbobljgrupdu2lx97e]  [2192d6a8-b008-44eb-8b51-9e2dc95ad35e]  Added the event {
  event_type: 'CBTSessionCreated',
  test_run: {
    uuid: '7c9ea10f-936e-400a-9bf4-f03d2054f4f4',
    integrations: { browserstack: [Object] }
  }
} to 25956:0
2026-01-05T19:07:46.883Z CLI info [testhub:request-queue-handler]  [theekshanipramod_ixK9dR]  [ijoleqof62r9tkvxkk7jjkvbobljgrupdu2lx97e]  [2192d6a8-b008-44eb-8b51-9e2dc95ad35e]  Added the event {
  event_type: 'TestRunStarted',
  test_run: {
    type: 'test',
    framework: 'TestNG',
    uuid: '7c9ea10f-936e-400a-9bf4-f03d2054f4f4',
    name: 'addProductToCart',
    body: {
      lang: 'java',
      code: 'public void com.browserstack.BStackDemoTest.addProductToCart() throws java.lang.Exception'
    },
    identifier: 'addProductToCart',
    scope: 'Cross-Platform.com.browserstack.BStackDemoTest',
    scopes: [ 'Cross-Platform', 'com.browserstack.BStackDemoTest' ],
    file_name: 'src\\test\\java\\com\\browserstack\\BStackDemoTest.java',
    vc_filepath: 'src\\test\\java\\com\\browserstack\\BStackDemoTest.java',
    location: 'src\\test\\java\\com\\browserstack\\BStackDemoTest.java',
    meta: {},
    result: 'pending',
    duration_in_ms: null,
    started_at: '2026-01-05T19:07:46.865Z',
    failure: undefined,
    failure_type: undefined,
    failure_reason: undefined,
    retry_of: null,
    custom_metadata: {},
    tags: [],
    customRerunParam: { rerun_name: 'BStackDemo-0' },
    hooks: [],
    product_map: {
      observability: true,
      accessibility: false,
      percy: false,
      automate: true,
      app_automate: false,
      lts: false
    },
    integrations: { browserstack: [Object] }
  },
  logs: []
} to 25956:0
2026-01-05T19:07:47.841Z CLI info [testhub:request-queue-handler]  [theekshanipramod_ixK9dR]  [ijoleqof62r9tkvxkk7jjkvbobljgrupdu2lx97e]  [2192d6a8-b008-44eb-8b51-9e2dc95ad35e]  Processing batch event [
  { event_type: 'LogCreated', logs: [ [Object] ] },
  {
    event_type: 'HookRunFinished',
    hook_run: {
      type: 'hook',
      hook_type: 'BEFORE_METHOD',
      framework: 'TestNG',
      uuid: '26da9de4-45f4-4652-b586-08d02b21073d',
      name: 'setUp',
      result: 'passed',
      test_run_id: '0e49d410-0e00-45b1-a1f0-d6386ebe5b7e',
      body: [Object],
      scope: 'Cross-Platform.com.browserstack.BStackDemoTest',
      custom_metadata: {},
      tags: [],
      scopes: [Array],
      file_name: 'testng-browserstack-master\\src\\test\\java\\com\\browserstack\\BStackDemoTest.java',
      vc_filepath: 'testng-browserstack-master\\src\\test\\java\\com\\browserstack\\BStackDemoTest.java',
      location: 'testng-browserstack-master\\src\\test\\java\\com\\browserstack\\BStackDemoTest.java',
      started_at: '2026-01-05T19:07:26.412Z',
      finished_at: '2026-01-05T19:07:46.801Z'
    },
    logs: []
  },
  {
    event_type: 'CBTSessionCreated',
    test_run: {
      uuid: '7c9ea10f-936e-400a-9bf4-f03d2054f4f4',
      integrations: [Object]
    }
  },
  {
    event_type: 'TestRunStarted',
    test_run: {
      type: 'test',
      framework: 'TestNG',
      uuid: '7c9ea10f-936e-400a-9bf4-f03d2054f4f4',
      name: 'addProductToCart',
      body: [Object],
      identifier: 'addProductToCart',
      scope: 'Cross-Platform.com.browserstack.BStackDemoTest',
      scopes: [Array],
      file_name: 'src\\test\\java\\com\\browserstack\\BStackDemoTest.java',
      vc_filepath: 'src\\test\\java\\com\\browserstack\\BStackDemoTest.java',
      location: 'src\\test\\java\\com\\browserstack\\BStackDemoTest.java',
      meta: {},
      result: 'pending',
      duration_in_ms: null,
      started_at: '2026-01-05T19:07:46.865Z',
      failure: undefined,
      failure_type: undefined,
      failure_reason: undefined,
      retry_of: null,
      custom_metadata: {},
      tags: [],
      customRerunParam: [Object],
      hooks: [],
      product_map: [Object],
      integrations: [Object]
    },
    logs: []
  }
] to 25956:0
2026-01-05T19:07:47.843Z CLI info  [theekshanipramod_ixK9dR]  [ijoleqof62r9tkvxkk7jjkvbobljgrupdu2lx97e]  [2192d6a8-b008-44eb-8b51-9e2dc95ad35e]  [PRODUCTION] Making POST request to https://collector-observability.browserstack.com
2026-01-05T19:07:50.736Z CLI info [testhub:request-queue-handler]  [theekshanipramod_ixK9dR]  [ijoleqof62r9tkvxkk7jjkvbobljgrupdu2lx97e]  [2192d6a8-b008-44eb-8b51-9e2dc95ad35e]  Added the event {
  event_type: 'LogCreated',
  logs: [
    {
      testFrameworkName: 'TestNG',
      testFrameworkVersion: '7.9.0',
      testFrameworkState: 'LOG',
      timestamp: '2026-01-05T19:07:50.737Z',
      uuid: 'ee10a541-57bd-437b-826f-0f7e03c8332a',
      kind: 'TEST_LOG',
      message: '"Site Title: StackDemo"',
      level: 'INFO',
      test_run_uuid: 'ee10a541-57bd-437b-826f-0f7e03c8332a'
    }
  ]
} to 25956:0
2026-01-05T19:07:50.795Z CLI info [testhub:request-queue-handler]  [theekshanipramod_ixK9dR]  [ijoleqof62r9tkvxkk7jjkvbobljgrupdu2lx97e]  [2192d6a8-b008-44eb-8b51-9e2dc95ad35e]  Added the event {
  event_type: 'HookRunFinished',
  hook_run: {
    type: 'hook',
    hook_type: 'BEFORE_METHOD',
    framework: 'TestNG',
    uuid: 'ee10a541-57bd-437b-826f-0f7e03c8332a',
    name: 'setUp',
    result: 'passed',
    test_run_id: '84eafe28-23b3-49d4-a311-c9e987b963d1',
    body: { lang: 'java', code: null },
    scope: 'Cross-Platform.com.browserstack.BStackDemoTest',
    custom_metadata: {},
    tags: [],
    scopes: [ 'Cross-Platform', 'com.browserstack.BStackDemoTest' ],
    file_name: 'testng-browserstack-master\\src\\test\\java\\com\\browserstack\\BStackDemoTest.java',
    vc_filepath: 'testng-browserstack-master\\src\\test\\java\\com\\browserstack\\BStackDemoTest.java',
    location: 'testng-browserstack-master\\src\\test\\java\\com\\browserstack\\BStackDemoTest.java',
    started_at: '2026-01-05T19:07:26.412Z',
    finished_at: '2026-01-05T19:07:50.794Z'
  },
  logs: []
} to 25956:0
2026-01-05T19:07:50.855Z CLI info [testhub:request-queue-handler]  [theekshanipramod_ixK9dR]  [ijoleqof62r9tkvxkk7jjkvbobljgrupdu2lx97e]  [2192d6a8-b008-44eb-8b51-9e2dc95ad35e]  Added the event {
  event_type: 'CBTSessionCreated',
  test_run: {
    uuid: '365bc7ee-6313-4bd0-b580-fbeb82a35f65',
    integrations: { browserstack: [Object] }
  }
} to 25956:0
2026-01-05T19:07:50.863Z CLI info [testhub:request-queue-handler]  [theekshanipramod_ixK9dR]  [ijoleqof62r9tkvxkk7jjkvbobljgrupdu2lx97e]  [2192d6a8-b008-44eb-8b51-9e2dc95ad35e]  Added the event {
  event_type: 'TestRunStarted',
  test_run: {
    type: 'test',
    framework: 'TestNG',
    uuid: '365bc7ee-6313-4bd0-b580-fbeb82a35f65',
    name: 'addProductToCart',
    body: {
      lang: 'java',
      code: 'public void com.browserstack.BStackDemoTest.addProductToCart() throws java.lang.Exception'
    },
    identifier: 'addProductToCart',
    scope: 'Cross-Platform.com.browserstack.BStackDemoTest',
    scopes: [ 'Cross-Platform', 'com.browserstack.BStackDemoTest' ],
    file_name: 'src\\test\\java\\com\\browserstack\\BStackDemoTest.java',
    vc_filepath: 'src\\test\\java\\com\\browserstack\\BStackDemoTest.java',
    location: 'src\\test\\java\\com\\browserstack\\BStackDemoTest.java',
    meta: {},
    result: 'pending',
    duration_in_ms: null,
    started_at: '2026-01-05T19:07:50.849Z',
    failure: undefined,
    failure_type: undefined,
    failure_reason: undefined,
    retry_of: null,
    custom_metadata: {},
    tags: [],
    customRerunParam: { rerun_name: 'BStackDemo-4' },
    hooks: [],
    product_map: {
      observability: true,
      accessibility: false,
      percy: false,
      automate: true,
      app_automate: false,
      lts: false
    },
    integrations: { browserstack: [Object] }
  },
  logs: []
} to 25956:0
2026-01-05T19:07:51.852Z CLI info [testhub:request-queue-handler]  [theekshanipramod_ixK9dR]  [ijoleqof62r9tkvxkk7jjkvbobljgrupdu2lx97e]  [2192d6a8-b008-44eb-8b51-9e2dc95ad35e]  Processing batch event [
  { event_type: 'LogCreated', logs: [ [Object] ] },
  {
    event_type: 'HookRunFinished',
    hook_run: {
      type: 'hook',
      hook_type: 'BEFORE_METHOD',
      framework: 'TestNG',
      uuid: 'ee10a541-57bd-437b-826f-0f7e03c8332a',
      name: 'setUp',
      result: 'passed',
      test_run_id: '84eafe28-23b3-49d4-a311-c9e987b963d1',
      body: [Object],
      scope: 'Cross-Platform.com.browserstack.BStackDemoTest',
      custom_metadata: {},
      tags: [],
      scopes: [Array],
      file_name: 'testng-browserstack-master\\src\\test\\java\\com\\browserstack\\BStackDemoTest.java',
      vc_filepath: 'testng-browserstack-master\\src\\test\\java\\com\\browserstack\\BStackDemoTest.java',
      location: 'testng-browserstack-master\\src\\test\\java\\com\\browserstack\\BStackDemoTest.java',
      started_at: '2026-01-05T19:07:26.412Z',
      finished_at: '2026-01-05T19:07:50.794Z'
    },
    logs: []
  },
  {
    event_type: 'CBTSessionCreated',
    test_run: {
      uuid: '365bc7ee-6313-4bd0-b580-fbeb82a35f65',
      integrations: [Object]
    }
  },
  {
    event_type: 'TestRunStarted',
    test_run: {
      type: 'test',
      framework: 'TestNG',
      uuid: '365bc7ee-6313-4bd0-b580-fbeb82a35f65',
      name: 'addProductToCart',
      body: [Object],
      identifier: 'addProductToCart',
      scope: 'Cross-Platform.com.browserstack.BStackDemoTest',
      scopes: [Array],
      file_name: 'src\\test\\java\\com\\browserstack\\BStackDemoTest.java',
      vc_filepath: 'src\\test\\java\\com\\browserstack\\BStackDemoTest.java',
      location: 'src\\test\\java\\com\\browserstack\\BStackDemoTest.java',
      meta: {},
      result: 'pending',
      duration_in_ms: null,
      started_at: '2026-01-05T19:07:50.849Z',
      failure: undefined,
      failure_type: undefined,
      failure_reason: undefined,
      retry_of: null,
      custom_metadata: {},
      tags: [],
      customRerunParam: [Object],
      hooks: [],
      product_map: [Object],
      integrations: [Object]
    },
    logs: []
  }
] to 25956:0
2026-01-05T19:07:51.854Z CLI info  [theekshanipramod_ixK9dR]  [ijoleqof62r9tkvxkk7jjkvbobljgrupdu2lx97e]  [2192d6a8-b008-44eb-8b51-9e2dc95ad35e]  [PRODUCTION] Making POST request to https://collector-observability.browserstack.com
2026-01-05T19:07:53.550Z CLI info [testhub:request-queue-handler]  [theekshanipramod_ixK9dR]  [ijoleqof62r9tkvxkk7jjkvbobljgrupdu2lx97e]  [2192d6a8-b008-44eb-8b51-9e2dc95ad35e]  Added the event {
  event_type: 'LogCreated',
  logs: [
    {
      testFrameworkName: 'TestNG',
      testFrameworkVersion: '7.9.0',
      testFrameworkState: 'LOG',
      timestamp: '2026-01-05T19:07:53.541Z',
      uuid: '4f75d4d8-4fc3-4117-8370-e10c590aaaa1',
      kind: 'TEST_LOG',
      message: '"Site Title: StackDemo"',
      level: 'INFO',
      test_run_uuid: '4f75d4d8-4fc3-4117-8370-e10c590aaaa1'
    }
  ]
} to 25956:0
2026-01-05T19:07:53.611Z CLI info [testhub:request-queue-handler]  [theekshanipramod_ixK9dR]  [ijoleqof62r9tkvxkk7jjkvbobljgrupdu2lx97e]  [2192d6a8-b008-44eb-8b51-9e2dc95ad35e]  Added the event {
  event_type: 'HookRunFinished',
  hook_run: {
    type: 'hook',
    hook_type: 'BEFORE_METHOD',
    framework: 'TestNG',
    uuid: '4f75d4d8-4fc3-4117-8370-e10c590aaaa1',
    name: 'setUp',
    result: 'passed',
    test_run_id: '620300c3-a041-4d06-be7b-bd2d7ce7d611',
    body: { lang: 'java', code: null },
    scope: 'Cross-Platform.com.browserstack.BStackDemoTest',
    custom_metadata: {},
    tags: [],
    scopes: [ 'Cross-Platform', 'com.browserstack.BStackDemoTest' ],
    file_name: 'testng-browserstack-master\\src\\test\\java\\com\\browserstack\\BStackDemoTest.java',
    vc_filepath: 'testng-browserstack-master\\src\\test\\java\\com\\browserstack\\BStackDemoTest.java',
    location: 'testng-browserstack-master\\src\\test\\java\\com\\browserstack\\BStackDemoTest.java',
    started_at: '2026-01-05T19:07:26.412Z',
    finished_at: '2026-01-05T19:07:53.607Z'
  },
  logs: []
} to 25956:0
2026-01-05T19:07:53.682Z CLI info [testhub:request-queue-handler]  [theekshanipramod_ixK9dR]  [ijoleqof62r9tkvxkk7jjkvbobljgrupdu2lx97e]  [2192d6a8-b008-44eb-8b51-9e2dc95ad35e]  Added the event {
  event_type: 'CBTSessionCreated',
  test_run: {
    uuid: '78ed2edf-8615-438c-85bb-cdf9d09ef74b',
    integrations: { browserstack: [Object] }
  }
} to 25956:0
2026-01-05T19:07:53.692Z CLI info [testhub:request-queue-handler]  [theekshanipramod_ixK9dR]  [ijoleqof62r9tkvxkk7jjkvbobljgrupdu2lx97e]  [2192d6a8-b008-44eb-8b51-9e2dc95ad35e]  Added the event {
  event_type: 'TestRunStarted',
  test_run: {
    type: 'test',
    framework: 'TestNG',
    uuid: '78ed2edf-8615-438c-85bb-cdf9d09ef74b',
    name: 'addProductToCart',
    body: {
      lang: 'java',
      code: 'public void com.browserstack.BStackDemoTest.addProductToCart() throws java.lang.Exception'
    },
    identifier: 'addProductToCart',
    scope: 'Cross-Platform.com.browserstack.BStackDemoTest',
    scopes: [ 'Cross-Platform', 'com.browserstack.BStackDemoTest' ],
    file_name: 'src\\test\\java\\com\\browserstack\\BStackDemoTest.java',
    vc_filepath: 'src\\test\\java\\com\\browserstack\\BStackDemoTest.java',
    location: 'src\\test\\java\\com\\browserstack\\BStackDemoTest.java',
    meta: {},
    result: 'pending',
    duration_in_ms: null,
    started_at: '2026-01-05T19:07:53.655Z',
    failure: undefined,
    failure_type: undefined,
    failure_reason: undefined,
    retry_of: null,
    custom_metadata: {},
    tags: [],
    customRerunParam: { rerun_name: 'BStackDemo-5' },
    hooks: [],
    product_map: {
      observability: true,
      accessibility: false,
      percy: false,
      automate: true,
      app_automate: false,
      lts: false
    },
    integrations: { browserstack: [Object] }
  },
  logs: []
} to 25956:0
2026-01-05T19:07:53.864Z CLI info [testhub:request-queue-handler]  [theekshanipramod_ixK9dR]  [ijoleqof62r9tkvxkk7jjkvbobljgrupdu2lx97e]  [2192d6a8-b008-44eb-8b51-9e2dc95ad35e]  Processing batch event [
  { event_type: 'LogCreated', logs: [ [Object] ] },
  {
    event_type: 'HookRunFinished',
    hook_run: {
      type: 'hook',
      hook_type: 'BEFORE_METHOD',
      framework: 'TestNG',
      uuid: '4f75d4d8-4fc3-4117-8370-e10c590aaaa1',
      name: 'setUp',
      result: 'passed',
      test_run_id: '620300c3-a041-4d06-be7b-bd2d7ce7d611',
      body: [Object],
      scope: 'Cross-Platform.com.browserstack.BStackDemoTest',
      custom_metadata: {},
      tags: [],
      scopes: [Array],
      file_name: 'testng-browserstack-master\\src\\test\\java\\com\\browserstack\\BStackDemoTest.java',
      vc_filepath: 'testng-browserstack-master\\src\\test\\java\\com\\browserstack\\BStackDemoTest.java',
      location: 'testng-browserstack-master\\src\\test\\java\\com\\browserstack\\BStackDemoTest.java',
      started_at: '2026-01-05T19:07:26.412Z',
      finished_at: '2026-01-05T19:07:53.607Z'
    },
    logs: []
  },
  {
    event_type: 'CBTSessionCreated',
    test_run: {
      uuid: '78ed2edf-8615-438c-85bb-cdf9d09ef74b',
      integrations: [Object]
    }
  },
  {
    event_type: 'TestRunStarted',
    test_run: {
      type: 'test',
      framework: 'TestNG',
      uuid: '78ed2edf-8615-438c-85bb-cdf9d09ef74b',
      name: 'addProductToCart',
      body: [Object],
      identifier: 'addProductToCart',
      scope: 'Cross-Platform.com.browserstack.BStackDemoTest',
      scopes: [Array],
      file_name: 'src\\test\\java\\com\\browserstack\\BStackDemoTest.java',
      vc_filepath: 'src\\test\\java\\com\\browserstack\\BStackDemoTest.java',
      location: 'src\\test\\java\\com\\browserstack\\BStackDemoTest.java',
      meta: {},
      result: 'pending',
      duration_in_ms: null,
      started_at: '2026-01-05T19:07:53.655Z',
      failure: undefined,
      failure_type: undefined,
      failure_reason: undefined,
      retry_of: null,
      custom_metadata: {},
      tags: [],
      customRerunParam: [Object],
      hooks: [],
      product_map: [Object],
      integrations: [Object]
    },
    logs: []
  }
] to 25956:0
2026-01-05T19:07:53.865Z CLI info  [theekshanipramod_ixK9dR]  [ijoleqof62r9tkvxkk7jjkvbobljgrupdu2lx97e]  [2192d6a8-b008-44eb-8b51-9e2dc95ad35e]  [PRODUCTION] Making POST request to https://collector-observability.browserstack.com
2026-01-05T19:07:54.735Z CLI info [testhub:request-queue-handler]  [theekshanipramod_ixK9dR]  [ijoleqof62r9tkvxkk7jjkvbobljgrupdu2lx97e]  [2192d6a8-b008-44eb-8b51-9e2dc95ad35e]  Added the event {
  event_type: 'LogCreated',
  logs: [
    {
      testFrameworkName: 'TestNG',
      testFrameworkVersion: '7.9.0',
      testFrameworkState: 'LOG',
      timestamp: '2026-01-05T19:07:54.730Z',
      uuid: '8d040183-0590-4933-9f7a-4b047688b3c4',
      kind: 'TEST_LOG',
      message: '"Site Title: StackDemo"',
      level: 'INFO',
      test_run_uuid: '8d040183-0590-4933-9f7a-4b047688b3c4'
    }
  ]
} to 25956:0
2026-01-05T19:07:54.812Z CLI info [testhub:request-queue-handler]  [theekshanipramod_ixK9dR]  [ijoleqof62r9tkvxkk7jjkvbobljgrupdu2lx97e]  [2192d6a8-b008-44eb-8b51-9e2dc95ad35e]  Added the event {
  event_type: 'HookRunFinished',
  hook_run: {
    type: 'hook',
    hook_type: 'BEFORE_METHOD',
    framework: 'TestNG',
    uuid: '8d040183-0590-4933-9f7a-4b047688b3c4',
    name: 'setUp',
    result: 'passed',
    test_run_id: 'ab1e8dd5-cf49-4c14-8e14-6731cd5005f9',
    body: { lang: 'java', code: null },
    scope: 'Cross-Platform.com.browserstack.BStackDemoTest',
    custom_metadata: {},
    tags: [],
    scopes: [ 'Cross-Platform', 'com.browserstack.BStackDemoTest' ],
    file_name: 'testng-browserstack-master\\src\\test\\java\\com\\browserstack\\BStackDemoTest.java',
    vc_filepath: 'testng-browserstack-master\\src\\test\\java\\com\\browserstack\\BStackDemoTest.java',
    location: 'testng-browserstack-master\\src\\test\\java\\com\\browserstack\\BStackDemoTest.java',
    started_at: '2026-01-05T19:07:26.412Z',
    finished_at: '2026-01-05T19:07:54.798Z'
  },
  logs: []
} to 25956:0
2026-01-05T19:07:54.902Z CLI info [testhub:request-queue-handler]  [theekshanipramod_ixK9dR]  [ijoleqof62r9tkvxkk7jjkvbobljgrupdu2lx97e]  [2192d6a8-b008-44eb-8b51-9e2dc95ad35e]  Added the event {
  event_type: 'CBTSessionCreated',
  test_run: {
    uuid: 'c366835e-acdf-41dc-b480-a7126933c0bc',
    integrations: { browserstack: [Object] }
  }
} to 25956:0
2026-01-05T19:07:54.916Z CLI info [testhub:request-queue-handler]  [theekshanipramod_ixK9dR]  [ijoleqof62r9tkvxkk7jjkvbobljgrupdu2lx97e]  [2192d6a8-b008-44eb-8b51-9e2dc95ad35e]  Added the event {
  event_type: 'TestRunStarted',
  test_run: {
    type: 'test',
    framework: 'TestNG',
    uuid: 'c366835e-acdf-41dc-b480-a7126933c0bc',
    name: 'addProductToCart',
    body: {
      lang: 'java',
      code: 'public void com.browserstack.BStackDemoTest.addProductToCart() throws java.lang.Exception'
    },
    identifier: 'addProductToCart',
    scope: 'Cross-Platform.com.browserstack.BStackDemoTest',
    scopes: [ 'Cross-Platform', 'com.browserstack.BStackDemoTest' ],
    file_name: 'src\\test\\java\\com\\browserstack\\BStackDemoTest.java',
    vc_filepath: 'src\\test\\java\\com\\browserstack\\BStackDemoTest.java',
    location: 'src\\test\\java\\com\\browserstack\\BStackDemoTest.java',
    meta: {},
    result: 'pending',
    duration_in_ms: null,
    started_at: '2026-01-05T19:07:54.891Z',
    failure: undefined,
    failure_type: undefined,
    failure_reason: undefined,
    retry_of: null,
    custom_metadata: {},
    tags: [],
    customRerunParam: { rerun_name: 'BStackDemo-1' },
    hooks: [],
    product_map: {
      observability: true,
      accessibility: false,
      percy: false,
      automate: true,
      app_automate: false,
      lts: false
    },
    integrations: { browserstack: [Object] }
  },
  logs: []
} to 25956:0
2026-01-05T19:07:55.878Z CLI info [testhub:request-queue-handler]  [theekshanipramod_ixK9dR]  [ijoleqof62r9tkvxkk7jjkvbobljgrupdu2lx97e]  [2192d6a8-b008-44eb-8b51-9e2dc95ad35e]  Processing batch event [
  { event_type: 'LogCreated', logs: [ [Object] ] },
  {
    event_type: 'HookRunFinished',
    hook_run: {
      type: 'hook',
      hook_type: 'BEFORE_METHOD',
      framework: 'TestNG',
      uuid: '8d040183-0590-4933-9f7a-4b047688b3c4',
      name: 'setUp',
      result: 'passed',
      test_run_id: 'ab1e8dd5-cf49-4c14-8e14-6731cd5005f9',
      body: [Object],
      scope: 'Cross-Platform.com.browserstack.BStackDemoTest',
      custom_metadata: {},
      tags: [],
      scopes: [Array],
      file_name: 'testng-browserstack-master\\src\\test\\java\\com\\browserstack\\BStackDemoTest.java',
      vc_filepath: 'testng-browserstack-master\\src\\test\\java\\com\\browserstack\\BStackDemoTest.java',
      location: 'testng-browserstack-master\\src\\test\\java\\com\\browserstack\\BStackDemoTest.java',
      started_at: '2026-01-05T19:07:26.412Z',
      finished_at: '2026-01-05T19:07:54.798Z'
    },
    logs: []
  },
  {
    event_type: 'CBTSessionCreated',
    test_run: {
      uuid: 'c366835e-acdf-41dc-b480-a7126933c0bc',
      integrations: [Object]
    }
  },
  {
    event_type: 'TestRunStarted',
    test_run: {
      type: 'test',
      framework: 'TestNG',
      uuid: 'c366835e-acdf-41dc-b480-a7126933c0bc',
      name: 'addProductToCart',
      body: [Object],
      identifier: 'addProductToCart',
      scope: 'Cross-Platform.com.browserstack.BStackDemoTest',
      scopes: [Array],
      file_name: 'src\\test\\java\\com\\browserstack\\BStackDemoTest.java',
      vc_filepath: 'src\\test\\java\\com\\browserstack\\BStackDemoTest.java',
      location: 'src\\test\\java\\com\\browserstack\\BStackDemoTest.java',
      meta: {},
      result: 'pending',
      duration_in_ms: null,
      started_at: '2026-01-05T19:07:54.891Z',
      failure: undefined,
      failure_type: undefined,
      failure_reason: undefined,
      retry_of: null,
      custom_metadata: {},
      tags: [],
      customRerunParam: [Object],
      hooks: [],
      product_map: [Object],
      integrations: [Object]
    },
    logs: []
  }
] to 25956:0
2026-01-05T19:07:55.879Z CLI info  [theekshanipramod_ixK9dR]  [ijoleqof62r9tkvxkk7jjkvbobljgrupdu2lx97e]  [2192d6a8-b008-44eb-8b51-9e2dc95ad35e]  [PRODUCTION] Making POST request to https://collector-observability.browserstack.com
2026-01-05T19:07:55.945Z CLI warn [TEST REPORTING AND ANALYTICS:java:testng]  [theekshanipramod_ixK9dR]  [ijoleqof62r9tkvxkk7jjkvbobljgrupdu2lx97e]  [2192d6a8-b008-44eb-8b51-9e2dc95ad35e]  TestRunFinished: event={"test_hook_last_started":"BEFORE_METHOD","test_failure_type":null,"test_rerun_name":"BStackDemo-3","test_result_at":"2026-01-06T00:37:54.028574700","test_scope":"Cross-Platform.com.browserstack.BStackDemoTest","test_framework_name":"TestNG","test_tags":"","cbt_session_created":true,"test_started_at":"2026-01-06T00:37:43.858874600","platform_index":0,"test_failure":null,"test_framework_version":"7.9.0","test_logs":[],"test_scopes":["Cross-Platform","com.browserstack.BStackDemoTest"],"test_code":"public void com.browserstack.BStackDemoTest.addProductToCart() throws java.lang.Exception","test_id":"BStackDemo-3@3","test_uuid":"a19988c3-443f-40eb-b86e-d3fcdd25c1d0","test_ended_at":"2026-01-06T00:37:54.030591200","automate_session_name":"BStackDemo-33","test_hook_last_finished":"BEFORE_METHOD","test_session_name":"com.browserstack.BStackDemoTest-addProductToCart","test_hook_state":"sdk:hook:b446a5c9","custom_metadata":{},"test_failure_reason":null,"test_location":"src\\test\\java\\com\\browserstack\\BStackDemoTest.java","test_hooks_started":{"BEFORE_METHOD":[]},"test_file_path":"src\\test\\java\\com\\browserstack\\BStackDemoTest.java","test_result":"passed","test_hooks_finished":{"BEFORE_METHOD":[{"hook_name":"setUp","hook_result":"passed","test_file_path":"testng-browserstack-master\\src\\test\\java\\com\\browserstack\\BStackDemoTest.java","event_started_at":"2026-01-06T00:37:26.412989","hook_id":"18fd315e-296b-4976-82ca-244be039e45e","hook_logs":[],"logs":[],"key":"BEFORE_METHOD","custom_metadata":{},"event_ended_at":"2026-01-06T00:37:43.790539600","test_location":"testng-browserstack-master\\src\\test\\java\\com\\browserstack\\BStackDemoTest.java"}]},"hook_id":"18fd315e-296b-4976-82ca-244be039e45e","test_meta":{},"isBrowserstackAutomationSession":true,"test_name":"addProductToCart","logs":[]}
2026-01-05T19:07:55.946Z CLI info [testhub:request-queue-handler]  [theekshanipramod_ixK9dR]  [ijoleqof62r9tkvxkk7jjkvbobljgrupdu2lx97e]  [2192d6a8-b008-44eb-8b51-9e2dc95ad35e]  Added the event {
  event_type: 'TestRunFinished',
  test_run: {
    type: 'test',
    framework: 'TestNG',
    uuid: 'a19988c3-443f-40eb-b86e-d3fcdd25c1d0',
    name: 'addProductToCart',
    body: {
      lang: 'java',
      code: 'public void com.browserstack.BStackDemoTest.addProductToCart() throws java.lang.Exception'
    },
    identifier: 'addProductToCart',
    scope: 'Cross-Platform.com.browserstack.BStackDemoTest',
    scopes: [ 'Cross-Platform', 'com.browserstack.BStackDemoTest' ],
    file_name: 'src\\test\\java\\com\\browserstack\\BStackDemoTest.java',
    vc_filepath: 'src\\test\\java\\com\\browserstack\\BStackDemoTest.java',
    location: 'src\\test\\java\\com\\browserstack\\BStackDemoTest.java',
    meta: {},
    result: 'passed',
    duration_in_ms: 10172,
    started_at: '2026-01-05T19:07:43.858Z',
    finished_at: '2026-01-05T19:07:54.030Z',
    failure: null,
    failure_type: null,
    failure_reason: null,
    retry_of: null,
    custom_metadata: {},
    tags: [],
    customRerunParam: { rerun_name: 'BStackDemo-3' },
    hooks: [ '18fd315e-296b-4976-82ca-244be039e45e' ],
    product_map: {
      observability: true,
      accessibility: false,
      percy: false,
      automate: true,
      app_automate: false,
      lts: false
    }
  },
  logs: []
} to 25956:0
2026-01-05T19:07:56.010Z CLI info [testhub:request-queue-handler]  [theekshanipramod_ixK9dR]  [ijoleqof62r9tkvxkk7jjkvbobljgrupdu2lx97e]  [2192d6a8-b008-44eb-8b51-9e2dc95ad35e]  Added the event {
  event_type: 'HookRunStarted',
  hook_run: {
    type: 'hook',
    hook_type: 'AFTER_METHOD',
    framework: 'TestNG',
    uuid: 'cb33e30f-cd56-4a6a-bf1c-ba8c235c15e4',
    name: 'tearDown',
    result: 'pending',
    test_run_id: 'a19988c3-443f-40eb-b86e-d3fcdd25c1d0',
    body: { lang: 'java', code: null },
    scope: 'Cross-Platform.com.browserstack.BStackDemoTest',
    custom_metadata: {},
    tags: [],
    scopes: [ 'Cross-Platform', 'com.browserstack.BStackDemoTest' ],
    file_name: 'testng-browserstack-master\\src\\test\\java\\com\\browserstack\\BStackDemoTest.java',
    vc_filepath: 'testng-browserstack-master\\src\\test\\java\\com\\browserstack\\BStackDemoTest.java',
    location: 'testng-browserstack-master\\src\\test\\java\\com\\browserstack\\BStackDemoTest.java',
    started_at: '2026-01-05T19:07:55.995Z'
  },
  logs: []
} to 25956:0
2026-01-05T19:07:57.881Z CLI info [testhub:request-queue-handler]  [theekshanipramod_ixK9dR]  [ijoleqof62r9tkvxkk7jjkvbobljgrupdu2lx97e]  [2192d6a8-b008-44eb-8b51-9e2dc95ad35e]  Processing batch event [
  {
    event_type: 'TestRunFinished',
    test_run: {
      type: 'test',
      framework: 'TestNG',
      uuid: 'a19988c3-443f-40eb-b86e-d3fcdd25c1d0',
      name: 'addProductToCart',
      body: [Object],
      identifier: 'addProductToCart',
      scope: 'Cross-Platform.com.browserstack.BStackDemoTest',
      scopes: [Array],
      file_name: 'src\\test\\java\\com\\browserstack\\BStackDemoTest.java',
      vc_filepath: 'src\\test\\java\\com\\browserstack\\BStackDemoTest.java',
      location: 'src\\test\\java\\com\\browserstack\\BStackDemoTest.java',
      meta: {},
      result: 'passed',
      duration_in_ms: 10172,
      started_at: '2026-01-05T19:07:43.858Z',
      finished_at: '2026-01-05T19:07:54.030Z',
      failure: null,
      failure_type: null,
      failure_reason: null,
      retry_of: null,
      custom_metadata: {},
      tags: [],
      customRerunParam: [Object],
      hooks: [Array],
      product_map: [Object]
    },
    logs: []
  },
  {
    event_type: 'HookRunStarted',
    hook_run: {
      type: 'hook',
      hook_type: 'AFTER_METHOD',
      framework: 'TestNG',
      uuid: 'cb33e30f-cd56-4a6a-bf1c-ba8c235c15e4',
      name: 'tearDown',
      result: 'pending',
      test_run_id: 'a19988c3-443f-40eb-b86e-d3fcdd25c1d0',
      body: [Object],
      scope: 'Cross-Platform.com.browserstack.BStackDemoTest',
      custom_metadata: {},
      tags: [],
      scopes: [Array],
      file_name: 'testng-browserstack-master\\src\\test\\java\\com\\browserstack\\BStackDemoTest.java',
      vc_filepath: 'testng-browserstack-master\\src\\test\\java\\com\\browserstack\\BStackDemoTest.java',
      location: 'testng-browserstack-master\\src\\test\\java\\com\\browserstack\\BStackDemoTest.java',
      started_at: '2026-01-05T19:07:55.995Z'
    },
    logs: []
  }
] to 25956:0
2026-01-05T19:07:57.883Z CLI info  [theekshanipramod_ixK9dR]  [ijoleqof62r9tkvxkk7jjkvbobljgrupdu2lx97e]  [2192d6a8-b008-44eb-8b51-9e2dc95ad35e]  [PRODUCTION] Making POST request to https://collector-observability.browserstack.com
2026-01-05T19:07:57.912Z CLI info [testhub:request-queue-handler]  [theekshanipramod_ixK9dR]  [ijoleqof62r9tkvxkk7jjkvbobljgrupdu2lx97e]  [2192d6a8-b008-44eb-8b51-9e2dc95ad35e]  Added the event {
  event_type: 'HookRunFinished',
  hook_run: {
    type: 'hook',
    hook_type: 'AFTER_METHOD',
    framework: 'TestNG',
    uuid: 'cb33e30f-cd56-4a6a-bf1c-ba8c235c15e4',
    name: 'tearDown',
    result: 'passed',
    test_run_id: 'a19988c3-443f-40eb-b86e-d3fcdd25c1d0',
    body: { lang: 'java', code: null },
    scope: 'Cross-Platform.com.browserstack.BStackDemoTest',
    custom_metadata: {},
    tags: [],
    scopes: [ 'Cross-Platform', 'com.browserstack.BStackDemoTest' ],
    file_name: 'testng-browserstack-master\\src\\test\\java\\com\\browserstack\\BStackDemoTest.java',
    vc_filepath: 'testng-browserstack-master\\src\\test\\java\\com\\browserstack\\BStackDemoTest.java',
    location: 'testng-browserstack-master\\src\\test\\java\\com\\browserstack\\BStackDemoTest.java',
    started_at: '2026-01-05T19:07:55.995Z',
    finished_at: '2026-01-05T19:07:57.912Z'
  },
  logs: []
} to 25956:0
2026-01-05T19:07:59.882Z CLI info [testhub:request-queue-handler]  [theekshanipramod_ixK9dR]  [ijoleqof62r9tkvxkk7jjkvbobljgrupdu2lx97e]  [2192d6a8-b008-44eb-8b51-9e2dc95ad35e]  Processing batch event [
  {
    event_type: 'HookRunFinished',
    hook_run: {
      type: 'hook',
      hook_type: 'AFTER_METHOD',
      framework: 'TestNG',
      uuid: 'cb33e30f-cd56-4a6a-bf1c-ba8c235c15e4',
      name: 'tearDown',
      result: 'passed',
      test_run_id: 'a19988c3-443f-40eb-b86e-d3fcdd25c1d0',
      body: [Object],
      scope: 'Cross-Platform.com.browserstack.BStackDemoTest',
      custom_metadata: {},
      tags: [],
      scopes: [Array],
      file_name: 'testng-browserstack-master\\src\\test\\java\\com\\browserstack\\BStackDemoTest.java',
      vc_filepath: 'testng-browserstack-master\\src\\test\\java\\com\\browserstack\\BStackDemoTest.java',
      location: 'testng-browserstack-master\\src\\test\\java\\com\\browserstack\\BStackDemoTest.java',
      started_at: '2026-01-05T19:07:55.995Z',
      finished_at: '2026-01-05T19:07:57.912Z'
    },
    logs: []
  }
] to 25956:0
2026-01-05T19:07:59.883Z CLI info  [theekshanipramod_ixK9dR]  [ijoleqof62r9tkvxkk7jjkvbobljgrupdu2lx97e]  [2192d6a8-b008-44eb-8b51-9e2dc95ad35e]  [PRODUCTION] Making POST request to https://collector-observability.browserstack.com
2026-01-05T19:08:00.247Z CLI warn [TEST REPORTING AND ANALYTICS:java:testng]  [theekshanipramod_ixK9dR]  [ijoleqof62r9tkvxkk7jjkvbobljgrupdu2lx97e]  [2192d6a8-b008-44eb-8b51-9e2dc95ad35e]  TestRunFinished: event={"test_hook_last_started":"BEFORE_METHOD","test_failure_type":null,"test_rerun_name":"BStackDemo-0","test_result_at":"2026-01-06T00:37:58.280422900","test_scope":"Cross-Platform.com.browserstack.BStackDemoTest","test_framework_name":"TestNG","test_tags":"","cbt_session_created":true,"test_started_at":"2026-01-06T00:37:46.865655800","platform_index":0,"test_failure":null,"test_framework_version":"7.9.0","test_logs":[],"test_scopes":["Cross-Platform","com.browserstack.BStackDemoTest"],"test_code":"public void com.browserstack.BStackDemoTest.addProductToCart() throws java.lang.Exception","test_id":"BStackDemo-0@0","test_uuid":"7c9ea10f-936e-400a-9bf4-f03d2054f4f4","test_ended_at":"2026-01-06T00:37:58.280422900","automate_session_name":"BStackDemo-00","test_hook_last_finished":"BEFORE_METHOD","test_session_name":"com.browserstack.BStackDemoTest-addProductToCart","test_hook_state":"sdk:hook:cdc93578","custom_metadata":{},"test_failure_reason":null,"test_location":"src\\test\\java\\com\\browserstack\\BStackDemoTest.java","test_hooks_started":{"BEFORE_METHOD":[]},"test_file_path":"src\\test\\java\\com\\browserstack\\BStackDemoTest.java","test_result":"passed","test_hooks_finished":{"BEFORE_METHOD":[{"hook_name":"setUp","hook_result":"passed","test_file_path":"testng-browserstack-master\\src\\test\\java\\com\\browserstack\\BStackDemoTest.java","event_started_at":"2026-01-06T00:37:26.412989","hook_id":"26da9de4-45f4-4652-b586-08d02b21073d","hook_logs":[],"logs":[],"key":"BEFORE_METHOD","custom_metadata":{},"event_ended_at":"2026-01-06T00:37:46.801321800","test_location":"testng-browserstack-master\\src\\test\\java\\com\\browserstack\\BStackDemoTest.java"}]},"hook_id":"26da9de4-45f4-4652-b586-08d02b21073d","test_meta":{},"isBrowserstackAutomationSession":true,"test_name":"addProductToCart","logs":[]}
2026-01-05T19:08:00.248Z CLI info [testhub:request-queue-handler]  [theekshanipramod_ixK9dR]  [ijoleqof62r9tkvxkk7jjkvbobljgrupdu2lx97e]  [2192d6a8-b008-44eb-8b51-9e2dc95ad35e]  Added the event {
  event_type: 'TestRunFinished',
  test_run: {
    type: 'test',
    framework: 'TestNG',
    uuid: '7c9ea10f-936e-400a-9bf4-f03d2054f4f4',
    name: 'addProductToCart',
    body: {
      lang: 'java',
      code: 'public void com.browserstack.BStackDemoTest.addProductToCart() throws java.lang.Exception'
    },
    identifier: 'addProductToCart',
    scope: 'Cross-Platform.com.browserstack.BStackDemoTest',
    scopes: [ 'Cross-Platform', 'com.browserstack.BStackDemoTest' ],
    file_name: 'src\\test\\java\\com\\browserstack\\BStackDemoTest.java',
    vc_filepath: 'src\\test\\java\\com\\browserstack\\BStackDemoTest.java',
    location: 'src\\test\\java\\com\\browserstack\\BStackDemoTest.java',
    meta: {},
    result: 'passed',
    duration_in_ms: 11415,
    started_at: '2026-01-05T19:07:46.865Z',
    finished_at: '2026-01-05T19:07:58.280Z',
    failure: null,
    failure_type: null,
    failure_reason: null,
    retry_of: null,
    custom_metadata: {},
    tags: [],
    customRerunParam: { rerun_name: 'BStackDemo-0' },
    hooks: [ '26da9de4-45f4-4652-b586-08d02b21073d' ],
    product_map: {
      observability: true,
      accessibility: false,
      percy: false,
      automate: true,
      app_automate: false,
      lts: false
    }
  },
  logs: []
} to 25956:0
2026-01-05T19:08:00.305Z CLI info [testhub:request-queue-handler]  [theekshanipramod_ixK9dR]  [ijoleqof62r9tkvxkk7jjkvbobljgrupdu2lx97e]  [2192d6a8-b008-44eb-8b51-9e2dc95ad35e]  Added the event {
  event_type: 'HookRunStarted',
  hook_run: {
    type: 'hook',
    hook_type: 'AFTER_METHOD',
    framework: 'TestNG',
    uuid: '3569e2b1-0e90-4293-9006-97000a089e2f',
    name: 'tearDown',
    result: 'pending',
    test_run_id: '7c9ea10f-936e-400a-9bf4-f03d2054f4f4',
    body: { lang: 'java', code: null },
    scope: 'Cross-Platform.com.browserstack.BStackDemoTest',
    custom_metadata: {},
    tags: [],
    scopes: [ 'Cross-Platform', 'com.browserstack.BStackDemoTest' ],
    file_name: 'testng-browserstack-master\\src\\test\\java\\com\\browserstack\\BStackDemoTest.java',
    vc_filepath: 'testng-browserstack-master\\src\\test\\java\\com\\browserstack\\BStackDemoTest.java',
    location: 'testng-browserstack-master\\src\\test\\java\\com\\browserstack\\BStackDemoTest.java',
    started_at: '2026-01-05T19:08:00.297Z'
  },
  logs: []
} to 25956:0
2026-01-05T19:08:01.886Z CLI info [testhub:request-queue-handler]  [theekshanipramod_ixK9dR]  [ijoleqof62r9tkvxkk7jjkvbobljgrupdu2lx97e]  [2192d6a8-b008-44eb-8b51-9e2dc95ad35e]  Processing batch event [
  {
    event_type: 'TestRunFinished',
    test_run: {
      type: 'test',
      framework: 'TestNG',
      uuid: '7c9ea10f-936e-400a-9bf4-f03d2054f4f4',
      name: 'addProductToCart',
      body: [Object],
      identifier: 'addProductToCart',
      scope: 'Cross-Platform.com.browserstack.BStackDemoTest',
      scopes: [Array],
      file_name: 'src\\test\\java\\com\\browserstack\\BStackDemoTest.java',
      vc_filepath: 'src\\test\\java\\com\\browserstack\\BStackDemoTest.java',
      location: 'src\\test\\java\\com\\browserstack\\BStackDemoTest.java',
      meta: {},
      result: 'passed',
      duration_in_ms: 11415,
      started_at: '2026-01-05T19:07:46.865Z',
      finished_at: '2026-01-05T19:07:58.280Z',
      failure: null,
      failure_type: null,
      failure_reason: null,
      retry_of: null,
      custom_metadata: {},
      tags: [],
      customRerunParam: [Object],
      hooks: [Array],
      product_map: [Object]
    },
    logs: []
  },
  {
    event_type: 'HookRunStarted',
    hook_run: {
      type: 'hook',
      hook_type: 'AFTER_METHOD',
      framework: 'TestNG',
      uuid: '3569e2b1-0e90-4293-9006-97000a089e2f',
      name: 'tearDown',
      result: 'pending',
      test_run_id: '7c9ea10f-936e-400a-9bf4-f03d2054f4f4',
      body: [Object],
      scope: 'Cross-Platform.com.browserstack.BStackDemoTest',
      custom_metadata: {},
      tags: [],
      scopes: [Array],
      file_name: 'testng-browserstack-master\\src\\test\\java\\com\\browserstack\\BStackDemoTest.java',
      vc_filepath: 'testng-browserstack-master\\src\\test\\java\\com\\browserstack\\BStackDemoTest.java',
      location: 'testng-browserstack-master\\src\\test\\java\\com\\browserstack\\BStackDemoTest.java',
      started_at: '2026-01-05T19:08:00.297Z'
    },
    logs: []
  }
] to 25956:0
2026-01-05T19:08:01.888Z CLI info  [theekshanipramod_ixK9dR]  [ijoleqof62r9tkvxkk7jjkvbobljgrupdu2lx97e]  [2192d6a8-b008-44eb-8b51-9e2dc95ad35e]  [PRODUCTION] Making POST request to https://collector-observability.browserstack.com
2026-01-05T19:08:02.039Z CLI info [testhub:request-queue-handler]  [theekshanipramod_ixK9dR]  [ijoleqof62r9tkvxkk7jjkvbobljgrupdu2lx97e]  [2192d6a8-b008-44eb-8b51-9e2dc95ad35e]  Added the event {
  event_type: 'HookRunFinished',
  hook_run: {
    type: 'hook',
    hook_type: 'AFTER_METHOD',
    framework: 'TestNG',
    uuid: '3569e2b1-0e90-4293-9006-97000a089e2f',
    name: 'tearDown',
    result: 'passed',
    test_run_id: '7c9ea10f-936e-400a-9bf4-f03d2054f4f4',
    body: { lang: 'java', code: null },
    scope: 'Cross-Platform.com.browserstack.BStackDemoTest',
    custom_metadata: {},
    tags: [],
    scopes: [ 'Cross-Platform', 'com.browserstack.BStackDemoTest' ],
    file_name: 'testng-browserstack-master\\src\\test\\java\\com\\browserstack\\BStackDemoTest.java',
    vc_filepath: 'testng-browserstack-master\\src\\test\\java\\com\\browserstack\\BStackDemoTest.java',
    location: 'testng-browserstack-master\\src\\test\\java\\com\\browserstack\\BStackDemoTest.java',
    started_at: '2026-01-05T19:08:00.297Z',
    finished_at: '2026-01-05T19:08:02.039Z'
  },
  logs: []
} to 25956:0
2026-01-05T19:08:03.900Z CLI info [testhub:request-queue-handler]  [theekshanipramod_ixK9dR]  [ijoleqof62r9tkvxkk7jjkvbobljgrupdu2lx97e]  [2192d6a8-b008-44eb-8b51-9e2dc95ad35e]  Processing batch event [
  {
    event_type: 'HookRunFinished',
    hook_run: {
      type: 'hook',
      hook_type: 'AFTER_METHOD',
      framework: 'TestNG',
      uuid: '3569e2b1-0e90-4293-9006-97000a089e2f',
      name: 'tearDown',
      result: 'passed',
      test_run_id: '7c9ea10f-936e-400a-9bf4-f03d2054f4f4',
      body: [Object],
      scope: 'Cross-Platform.com.browserstack.BStackDemoTest',
      custom_metadata: {},
      tags: [],
      scopes: [Array],
      file_name: 'testng-browserstack-master\\src\\test\\java\\com\\browserstack\\BStackDemoTest.java',
      vc_filepath: 'testng-browserstack-master\\src\\test\\java\\com\\browserstack\\BStackDemoTest.java',
      location: 'testng-browserstack-master\\src\\test\\java\\com\\browserstack\\BStackDemoTest.java',
      started_at: '2026-01-05T19:08:00.297Z',
      finished_at: '2026-01-05T19:08:02.039Z'
    },
    logs: []
  }
] to 25956:0
2026-01-05T19:08:03.901Z CLI info  [theekshanipramod_ixK9dR]  [ijoleqof62r9tkvxkk7jjkvbobljgrupdu2lx97e]  [2192d6a8-b008-44eb-8b51-9e2dc95ad35e]  [PRODUCTION] Making POST request to https://collector-observability.browserstack.com
2026-01-05T19:08:04.804Z CLI warn [TEST REPORTING AND ANALYTICS:java:testng]  [theekshanipramod_ixK9dR]  [ijoleqof62r9tkvxkk7jjkvbobljgrupdu2lx97e]  [2192d6a8-b008-44eb-8b51-9e2dc95ad35e]  TestRunFinished: event={"test_hook_last_started":"BEFORE_METHOD","test_failure_type":null,"test_rerun_name":"BStackDemo-4","test_result_at":"2026-01-06T00:38:03.085703500","test_scope":"Cross-Platform.com.browserstack.BStackDemoTest","test_framework_name":"TestNG","test_tags":"","cbt_session_created":true,"test_started_at":"2026-01-06T00:37:50.849236400","platform_index":0,"test_failure":null,"test_framework_version":"7.9.0","test_logs":[],"test_scopes":["Cross-Platform","com.browserstack.BStackDemoTest"],"test_code":"public void com.browserstack.BStackDemoTest.addProductToCart() throws java.lang.Exception","test_id":"BStackDemo-4@4","test_uuid":"365bc7ee-6313-4bd0-b580-fbeb82a35f65","test_ended_at":"2026-01-06T00:38:03.085703500","automate_session_name":"BStackDemo-44","test_hook_last_finished":"BEFORE_METHOD","test_session_name":"com.browserstack.BStackDemoTest-addProductToCart","test_hook_state":"sdk:hook:1da93f40","custom_metadata":{},"test_failure_reason":null,"test_location":"src\\test\\java\\com\\browserstack\\BStackDemoTest.java","test_hooks_started":{"BEFORE_METHOD":[]},"test_file_path":"src\\test\\java\\com\\browserstack\\BStackDemoTest.java","test_result":"passed","test_hooks_finished":{"BEFORE_METHOD":[{"hook_name":"setUp","hook_result":"passed","test_file_path":"testng-browserstack-master\\src\\test\\java\\com\\browserstack\\BStackDemoTest.java","event_started_at":"2026-01-06T00:37:26.412989","hook_id":"ee10a541-57bd-437b-826f-0f7e03c8332a","hook_logs":[],"logs":[],"key":"BEFORE_METHOD","custom_metadata":{},"event_ended_at":"2026-01-06T00:37:50.794344200","test_location":"testng-browserstack-master\\src\\test\\java\\com\\browserstack\\BStackDemoTest.java"}]},"hook_id":"ee10a541-57bd-437b-826f-0f7e03c8332a","test_meta":{},"isBrowserstackAutomationSession":true,"test_name":"addProductToCart","logs":[]}
2026-01-05T19:08:04.805Z CLI info [testhub:request-queue-handler]  [theekshanipramod_ixK9dR]  [ijoleqof62r9tkvxkk7jjkvbobljgrupdu2lx97e]  [2192d6a8-b008-44eb-8b51-9e2dc95ad35e]  Added the event {
  event_type: 'TestRunFinished',
  test_run: {
    type: 'test',
    framework: 'TestNG',
    uuid: '365bc7ee-6313-4bd0-b580-fbeb82a35f65',
    name: 'addProductToCart',
    body: {
      lang: 'java',
      code: 'public void com.browserstack.BStackDemoTest.addProductToCart() throws java.lang.Exception'
    },
    identifier: 'addProductToCart',
    scope: 'Cross-Platform.com.browserstack.BStackDemoTest',
    scopes: [ 'Cross-Platform', 'com.browserstack.BStackDemoTest' ],
    file_name: 'src\\test\\java\\com\\browserstack\\BStackDemoTest.java',
    vc_filepath: 'src\\test\\java\\com\\browserstack\\BStackDemoTest.java',
    location: 'src\\test\\java\\com\\browserstack\\BStackDemoTest.java',
    meta: {},
    result: 'passed',
    duration_in_ms: 12236,
    started_at: '2026-01-05T19:07:50.849Z',
    finished_at: '2026-01-05T19:08:03.085Z',
    failure: null,
    failure_type: null,
    failure_reason: null,
    retry_of: null,
    custom_metadata: {},
    tags: [],
    customRerunParam: { rerun_name: 'BStackDemo-4' },
    hooks: [ 'ee10a541-57bd-437b-826f-0f7e03c8332a' ],
    product_map: {
      observability: true,
      accessibility: false,
      percy: false,
      automate: true,
      app_automate: false,
      lts: false
    }
  },
  logs: []
} to 25956:0
2026-01-05T19:08:04.875Z CLI info [testhub:request-queue-handler]  [theekshanipramod_ixK9dR]  [ijoleqof62r9tkvxkk7jjkvbobljgrupdu2lx97e]  [2192d6a8-b008-44eb-8b51-9e2dc95ad35e]  Added the event {
  event_type: 'HookRunStarted',
  hook_run: {
    type: 'hook',
    hook_type: 'AFTER_METHOD',
    framework: 'TestNG',
    uuid: '59d58db6-64d5-4472-bd8c-54b8f3c2fce7',
    name: 'tearDown',
    result: 'pending',
    test_run_id: '365bc7ee-6313-4bd0-b580-fbeb82a35f65',
    body: { lang: 'java', code: null },
    scope: 'Cross-Platform.com.browserstack.BStackDemoTest',
    custom_metadata: {},
    tags: [],
    scopes: [ 'Cross-Platform', 'com.browserstack.BStackDemoTest' ],
    file_name: 'testng-browserstack-master\\src\\test\\java\\com\\browserstack\\BStackDemoTest.java',
    vc_filepath: 'testng-browserstack-master\\src\\test\\java\\com\\browserstack\\BStackDemoTest.java',
    location: 'testng-browserstack-master\\src\\test\\java\\com\\browserstack\\BStackDemoTest.java',
    started_at: '2026-01-05T19:08:04.862Z'
  },
  logs: []
} to 25956:0
2026-01-05T19:08:05.916Z CLI info [testhub:request-queue-handler]  [theekshanipramod_ixK9dR]  [ijoleqof62r9tkvxkk7jjkvbobljgrupdu2lx97e]  [2192d6a8-b008-44eb-8b51-9e2dc95ad35e]  Processing batch event [
  {
    event_type: 'TestRunFinished',
    test_run: {
      type: 'test',
      framework: 'TestNG',
      uuid: '365bc7ee-6313-4bd0-b580-fbeb82a35f65',
      name: 'addProductToCart',
      body: [Object],
      identifier: 'addProductToCart',
      scope: 'Cross-Platform.com.browserstack.BStackDemoTest',
      scopes: [Array],
      file_name: 'src\\test\\java\\com\\browserstack\\BStackDemoTest.java',
      vc_filepath: 'src\\test\\java\\com\\browserstack\\BStackDemoTest.java',
      location: 'src\\test\\java\\com\\browserstack\\BStackDemoTest.java',
      meta: {},
      result: 'passed',
      duration_in_ms: 12236,
      started_at: '2026-01-05T19:07:50.849Z',
      finished_at: '2026-01-05T19:08:03.085Z',
      failure: null,
      failure_type: null,
      failure_reason: null,
      retry_of: null,
      custom_metadata: {},
      tags: [],
      customRerunParam: [Object],
      hooks: [Array],
      product_map: [Object]
    },
    logs: []
  },
  {
    event_type: 'HookRunStarted',
    hook_run: {
      type: 'hook',
      hook_type: 'AFTER_METHOD',
      framework: 'TestNG',
      uuid: '59d58db6-64d5-4472-bd8c-54b8f3c2fce7',
      name: 'tearDown',
      result: 'pending',
      test_run_id: '365bc7ee-6313-4bd0-b580-fbeb82a35f65',
      body: [Object],
      scope: 'Cross-Platform.com.browserstack.BStackDemoTest',
      custom_metadata: {},
      tags: [],
      scopes: [Array],
      file_name: 'testng-browserstack-master\\src\\test\\java\\com\\browserstack\\BStackDemoTest.java',
      vc_filepath: 'testng-browserstack-master\\src\\test\\java\\com\\browserstack\\BStackDemoTest.java',
      location: 'testng-browserstack-master\\src\\test\\java\\com\\browserstack\\BStackDemoTest.java',
      started_at: '2026-01-05T19:08:04.862Z'
    },
    logs: []
  }
] to 25956:0
2026-01-05T19:08:05.916Z CLI info  [theekshanipramod_ixK9dR]  [ijoleqof62r9tkvxkk7jjkvbobljgrupdu2lx97e]  [2192d6a8-b008-44eb-8b51-9e2dc95ad35e]  [PRODUCTION] Making POST request to https://collector-observability.browserstack.com
2026-01-05T19:08:06.546Z CLI info [testhub:request-queue-handler]  [theekshanipramod_ixK9dR]  [ijoleqof62r9tkvxkk7jjkvbobljgrupdu2lx97e]  [2192d6a8-b008-44eb-8b51-9e2dc95ad35e]  Added the event {
  event_type: 'HookRunFinished',
  hook_run: {
    type: 'hook',
    hook_type: 'AFTER_METHOD',
    framework: 'TestNG',
    uuid: '59d58db6-64d5-4472-bd8c-54b8f3c2fce7',
    name: 'tearDown',
    result: 'passed',
    test_run_id: '365bc7ee-6313-4bd0-b580-fbeb82a35f65',
    body: { lang: 'java', code: null },
    scope: 'Cross-Platform.com.browserstack.BStackDemoTest',
    custom_metadata: {},
    tags: [],
    scopes: [ 'Cross-Platform', 'com.browserstack.BStackDemoTest' ],
    file_name: 'testng-browserstack-master\\src\\test\\java\\com\\browserstack\\BStackDemoTest.java',
    vc_filepath: 'testng-browserstack-master\\src\\test\\java\\com\\browserstack\\BStackDemoTest.java',
    location: 'testng-browserstack-master\\src\\test\\java\\com\\browserstack\\BStackDemoTest.java',
    started_at: '2026-01-05T19:08:04.862Z',
    finished_at: '2026-01-05T19:08:06.539Z'
  },
  logs: []
} to 25956:0
2026-01-05T19:08:06.822Z CLI warn [TEST REPORTING AND ANALYTICS:java:testng]  [theekshanipramod_ixK9dR]  [ijoleqof62r9tkvxkk7jjkvbobljgrupdu2lx97e]  [2192d6a8-b008-44eb-8b51-9e2dc95ad35e]  TestRunFinished: event={"test_hook_last_started":"BEFORE_METHOD","test_failure_type":null,"test_rerun_name":"BStackDemo-5","test_result_at":"2026-01-06T00:38:04.206574700","test_scope":"Cross-Platform.com.browserstack.BStackDemoTest","test_framework_name":"TestNG","test_tags":"","cbt_session_created":true,"test_started_at":"2026-01-06T00:37:53.655394400","platform_index":0,"test_failure":null,"test_framework_version":"7.9.0","test_logs":[],"test_scopes":["Cross-Platform","com.browserstack.BStackDemoTest"],"test_code":"public void com.browserstack.BStackDemoTest.addProductToCart() throws java.lang.Exception","test_id":"BStackDemo-5@5","test_uuid":"78ed2edf-8615-438c-85bb-cdf9d09ef74b","test_ended_at":"2026-01-06T00:38:04.206574700","automate_session_name":"BStackDemo-55","test_hook_last_finished":"BEFORE_METHOD","test_session_name":"com.browserstack.BStackDemoTest-addProductToCart","test_hook_state":"sdk:hook:196e4aa8","custom_metadata":{},"test_failure_reason":null,"test_location":"src\\test\\java\\com\\browserstack\\BStackDemoTest.java","test_hooks_started":{"BEFORE_METHOD":[]},"test_file_path":"src\\test\\java\\com\\browserstack\\BStackDemoTest.java","test_result":"passed","test_hooks_finished":{"BEFORE_METHOD":[{"hook_name":"setUp","hook_result":"passed","test_file_path":"testng-browserstack-master\\src\\test\\java\\com\\browserstack\\BStackDemoTest.java","event_started_at":"2026-01-06T00:37:26.412989","hook_id":"4f75d4d8-4fc3-4117-8370-e10c590aaaa1","hook_logs":[],"logs":[],"key":"BEFORE_METHOD","custom_metadata":{},"event_ended_at":"2026-01-06T00:37:53.607661","test_location":"testng-browserstack-master\\src\\test\\java\\com\\browserstack\\BStackDemoTest.java"}]},"hook_id":"4f75d4d8-4fc3-4117-8370-e10c590aaaa1","test_meta":{},"isBrowserstackAutomationSession":true,"test_name":"addProductToCart","logs":[]}
2026-01-05T19:08:06.823Z CLI info [testhub:request-queue-handler]  [theekshanipramod_ixK9dR]  [ijoleqof62r9tkvxkk7jjkvbobljgrupdu2lx97e]  [2192d6a8-b008-44eb-8b51-9e2dc95ad35e]  Added the event {
  event_type: 'TestRunFinished',
  test_run: {
    type: 'test',
    framework: 'TestNG',
    uuid: '78ed2edf-8615-438c-85bb-cdf9d09ef74b',
    name: 'addProductToCart',
    body: {
      lang: 'java',
      code: 'public void com.browserstack.BStackDemoTest.addProductToCart() throws java.lang.Exception'
    },
    identifier: 'addProductToCart',
    scope: 'Cross-Platform.com.browserstack.BStackDemoTest',
    scopes: [ 'Cross-Platform', 'com.browserstack.BStackDemoTest' ],
    file_name: 'src\\test\\java\\com\\browserstack\\BStackDemoTest.java',
    vc_filepath: 'src\\test\\java\\com\\browserstack\\BStackDemoTest.java',
    location: 'src\\test\\java\\com\\browserstack\\BStackDemoTest.java',
    meta: {},
    result: 'passed',
    duration_in_ms: 10551,
    started_at: '2026-01-05T19:07:53.655Z',
    finished_at: '2026-01-05T19:08:04.206Z',
    failure: null,
    failure_type: null,
    failure_reason: null,
    retry_of: null,
    custom_metadata: {},
    tags: [],
    customRerunParam: { rerun_name: 'BStackDemo-5' },
    hooks: [ '4f75d4d8-4fc3-4117-8370-e10c590aaaa1' ],
    product_map: {
      observability: true,
      accessibility: false,
      percy: false,
      automate: true,
      app_automate: false,
      lts: false
    }
  },
  logs: []
} to 25956:0
2026-01-05T19:08:06.889Z CLI info [testhub:request-queue-handler]  [theekshanipramod_ixK9dR]  [ijoleqof62r9tkvxkk7jjkvbobljgrupdu2lx97e]  [2192d6a8-b008-44eb-8b51-9e2dc95ad35e]  Added the event {
  event_type: 'HookRunStarted',
  hook_run: {
    type: 'hook',
    hook_type: 'AFTER_METHOD',
    framework: 'TestNG',
    uuid: '6961d220-6386-41e0-96d6-a3c3fe933726',
    name: 'tearDown',
    result: 'pending',
    test_run_id: '78ed2edf-8615-438c-85bb-cdf9d09ef74b',
    body: { lang: 'java', code: null },
    scope: 'Cross-Platform.com.browserstack.BStackDemoTest',
    custom_metadata: {},
    tags: [],
    scopes: [ 'Cross-Platform', 'com.browserstack.BStackDemoTest' ],
    file_name: 'testng-browserstack-master\\src\\test\\java\\com\\browserstack\\BStackDemoTest.java',
    vc_filepath: 'testng-browserstack-master\\src\\test\\java\\com\\browserstack\\BStackDemoTest.java',
    location: 'testng-browserstack-master\\src\\test\\java\\com\\browserstack\\BStackDemoTest.java',
    started_at: '2026-01-05T19:08:06.879Z'
  },
  logs: []
} to 25956:0
2026-01-05T19:08:07.441Z CLI warn [TEST REPORTING AND ANALYTICS:java:testng]  [theekshanipramod_ixK9dR]  [ijoleqof62r9tkvxkk7jjkvbobljgrupdu2lx97e]  [2192d6a8-b008-44eb-8b51-9e2dc95ad35e]  TestRunFinished: event={"test_hook_last_started":"BEFORE_METHOD","test_failure_type":null,"test_rerun_name":"BStackDemo-1","test_result_at":"2026-01-06T00:38:05.737401900","test_scope":"Cross-Platform.com.browserstack.BStackDemoTest","test_framework_name":"TestNG","test_tags":"","cbt_session_created":true,"test_started_at":"2026-01-06T00:37:54.891431300","platform_index":0,"test_failure":null,"test_framework_version":"7.9.0","test_logs":[],"test_scopes":["Cross-Platform","com.browserstack.BStackDemoTest"],"test_code":"public void com.browserstack.BStackDemoTest.addProductToCart() throws java.lang.Exception","test_id":"BStackDemo-1@1","test_uuid":"c366835e-acdf-41dc-b480-a7126933c0bc","test_ended_at":"2026-01-06T00:38:05.737401900","automate_session_name":"BStackDemo-11","test_hook_last_finished":"BEFORE_METHOD","test_session_name":"com.browserstack.BStackDemoTest-addProductToCart","test_hook_state":"sdk:hook:18d42ba9","custom_metadata":{},"test_failure_reason":null,"test_location":"src\\test\\java\\com\\browserstack\\BStackDemoTest.java","test_hooks_started":{"BEFORE_METHOD":[]},"test_file_path":"src\\test\\java\\com\\browserstack\\BStackDemoTest.java","test_result":"passed","test_hooks_finished":{"BEFORE_METHOD":[{"hook_name":"setUp","hook_result":"passed","test_file_path":"testng-browserstack-master\\src\\test\\java\\com\\browserstack\\BStackDemoTest.java","event_started_at":"2026-01-06T00:37:26.412989","hook_id":"8d040183-0590-4933-9f7a-4b047688b3c4","hook_logs":[],"logs":[],"key":"BEFORE_METHOD","custom_metadata":{},"event_ended_at":"2026-01-06T00:37:54.798378100","test_location":"testng-browserstack-master\\src\\test\\java\\com\\browserstack\\BStackDemoTest.java"}]},"hook_id":"8d040183-0590-4933-9f7a-4b047688b3c4","test_meta":{},"isBrowserstackAutomationSession":true,"test_name":"addProductToCart","logs":[]}
2026-01-05T19:08:07.444Z CLI info [testhub:request-queue-handler]  [theekshanipramod_ixK9dR]  [ijoleqof62r9tkvxkk7jjkvbobljgrupdu2lx97e]  [2192d6a8-b008-44eb-8b51-9e2dc95ad35e]  Added the event {
  event_type: 'TestRunFinished',
  test_run: {
    type: 'test',
    framework: 'TestNG',
    uuid: 'c366835e-acdf-41dc-b480-a7126933c0bc',
    name: 'addProductToCart',
    body: {
      lang: 'java',
      code: 'public void com.browserstack.BStackDemoTest.addProductToCart() throws java.lang.Exception'
    },
    identifier: 'addProductToCart',
    scope: 'Cross-Platform.com.browserstack.BStackDemoTest',
    scopes: [ 'Cross-Platform', 'com.browserstack.BStackDemoTest' ],
    file_name: 'src\\test\\java\\com\\browserstack\\BStackDemoTest.java',
    vc_filepath: 'src\\test\\java\\com\\browserstack\\BStackDemoTest.java',
    location: 'src\\test\\java\\com\\browserstack\\BStackDemoTest.java',
    meta: {},
    result: 'passed',
    duration_in_ms: 10846,
    started_at: '2026-01-05T19:07:54.891Z',
    finished_at: '2026-01-05T19:08:05.737Z',
    failure: null,
    failure_type: null,
    failure_reason: null,
    retry_of: null,
    custom_metadata: {},
    tags: [],
    customRerunParam: { rerun_name: 'BStackDemo-1' },
    hooks: [ '8d040183-0590-4933-9f7a-4b047688b3c4' ],
    product_map: {
      observability: true,
      accessibility: false,
      percy: false,
      automate: true,
      app_automate: false,
      lts: false
    }
  },
  logs: []
} to 25956:0
2026-01-05T19:08:07.500Z CLI info [testhub:request-queue-handler]  [theekshanipramod_ixK9dR]  [ijoleqof62r9tkvxkk7jjkvbobljgrupdu2lx97e]  [2192d6a8-b008-44eb-8b51-9e2dc95ad35e]  Added the event {
  event_type: 'HookRunStarted',
  hook_run: {
    type: 'hook',
    hook_type: 'AFTER_METHOD',
    framework: 'TestNG',
    uuid: '57ceb5b6-545d-471a-82fd-58bf64986971',
    name: 'tearDown',
    result: 'pending',
    test_run_id: 'c366835e-acdf-41dc-b480-a7126933c0bc',
    body: { lang: 'java', code: null },
    scope: 'Cross-Platform.com.browserstack.BStackDemoTest',
    custom_metadata: {},
    tags: [],
    scopes: [ 'Cross-Platform', 'com.browserstack.BStackDemoTest' ],
    file_name: 'testng-browserstack-master\\src\\test\\java\\com\\browserstack\\BStackDemoTest.java',
    vc_filepath: 'testng-browserstack-master\\src\\test\\java\\com\\browserstack\\BStackDemoTest.java',
    location: 'testng-browserstack-master\\src\\test\\java\\com\\browserstack\\BStackDemoTest.java',
    started_at: '2026-01-05T19:08:07.494Z'
  },
  logs: []
} to 25956:0
2026-01-05T19:08:07.924Z CLI info [testhub:request-queue-handler]  [theekshanipramod_ixK9dR]  [ijoleqof62r9tkvxkk7jjkvbobljgrupdu2lx97e]  [2192d6a8-b008-44eb-8b51-9e2dc95ad35e]  Processing batch event [
  {
    event_type: 'HookRunFinished',
    hook_run: {
      type: 'hook',
      hook_type: 'AFTER_METHOD',
      framework: 'TestNG',
      uuid: '59d58db6-64d5-4472-bd8c-54b8f3c2fce7',
      name: 'tearDown',
      result: 'passed',
      test_run_id: '365bc7ee-6313-4bd0-b580-fbeb82a35f65',
      body: [Object],
      scope: 'Cross-Platform.com.browserstack.BStackDemoTest',
      custom_metadata: {},
      tags: [],
      scopes: [Array],
      file_name: 'testng-browserstack-master\\src\\test\\java\\com\\browserstack\\BStackDemoTest.java',
      vc_filepath: 'testng-browserstack-master\\src\\test\\java\\com\\browserstack\\BStackDemoTest.java',
      location: 'testng-browserstack-master\\src\\test\\java\\com\\browserstack\\BStackDemoTest.java',
      started_at: '2026-01-05T19:08:04.862Z',
      finished_at: '2026-01-05T19:08:06.539Z'
    },
    logs: []
  },
  {
    event_type: 'TestRunFinished',
    test_run: {
      type: 'test',
      framework: 'TestNG',
      uuid: '78ed2edf-8615-438c-85bb-cdf9d09ef74b',
      name: 'addProductToCart',
      body: [Object],
      identifier: 'addProductToCart',
      scope: 'Cross-Platform.com.browserstack.BStackDemoTest',
      scopes: [Array],
      file_name: 'src\\test\\java\\com\\browserstack\\BStackDemoTest.java',
      vc_filepath: 'src\\test\\java\\com\\browserstack\\BStackDemoTest.java',
      location: 'src\\test\\java\\com\\browserstack\\BStackDemoTest.java',
      meta: {},
      result: 'passed',
      duration_in_ms: 10551,
      started_at: '2026-01-05T19:07:53.655Z',
      finished_at: '2026-01-05T19:08:04.206Z',
      failure: null,
      failure_type: null,
      failure_reason: null,
      retry_of: null,
      custom_metadata: {},
      tags: [],
      customRerunParam: [Object],
      hooks: [Array],
      product_map: [Object]
    },
    logs: []
  },
  {
    event_type: 'HookRunStarted',
    hook_run: {
      type: 'hook',
      hook_type: 'AFTER_METHOD',
      framework: 'TestNG',
      uuid: '6961d220-6386-41e0-96d6-a3c3fe933726',
      name: 'tearDown',
      result: 'pending',
      test_run_id: '78ed2edf-8615-438c-85bb-cdf9d09ef74b',
      body: [Object],
      scope: 'Cross-Platform.com.browserstack.BStackDemoTest',
      custom_metadata: {},
      tags: [],
      scopes: [Array],
      file_name: 'testng-browserstack-master\\src\\test\\java\\com\\browserstack\\BStackDemoTest.java',
      vc_filepath: 'testng-browserstack-master\\src\\test\\java\\com\\browserstack\\BStackDemoTest.java',
      location: 'testng-browserstack-master\\src\\test\\java\\com\\browserstack\\BStackDemoTest.java',
      started_at: '2026-01-05T19:08:06.879Z'
    },
    logs: []
  },
  {
    event_type: 'TestRunFinished',
    test_run: {
      type: 'test',
      framework: 'TestNG',
      uuid: 'c366835e-acdf-41dc-b480-a7126933c0bc',
      name: 'addProductToCart',
      body: [Object],
      identifier: 'addProductToCart',
      scope: 'Cross-Platform.com.browserstack.BStackDemoTest',
      scopes: [Array],
      file_name: 'src\\test\\java\\com\\browserstack\\BStackDemoTest.java',
      vc_filepath: 'src\\test\\java\\com\\browserstack\\BStackDemoTest.java',
      location: 'src\\test\\java\\com\\browserstack\\BStackDemoTest.java',
      meta: {},
      result: 'passed',
      duration_in_ms: 10846,
      started_at: '2026-01-05T19:07:54.891Z',
      finished_at: '2026-01-05T19:08:05.737Z',
      failure: null,
      failure_type: null,
      failure_reason: null,
      retry_of: null,
      custom_metadata: {},
      tags: [],
      customRerunParam: [Object],
      hooks: [Array],
      product_map: [Object]
    },
    logs: []
  },
  {
    event_type: 'HookRunStarted',
    hook_run: {
      type: 'hook',
      hook_type: 'AFTER_METHOD',
      framework: 'TestNG',
      uuid: '57ceb5b6-545d-471a-82fd-58bf64986971',
      name: 'tearDown',
      result: 'pending',
      test_run_id: 'c366835e-acdf-41dc-b480-a7126933c0bc',
      body: [Object],
      scope: 'Cross-Platform.com.browserstack.BStackDemoTest',
      custom_metadata: {},
      tags: [],
      scopes: [Array],
      file_name: 'testng-browserstack-master\\src\\test\\java\\com\\browserstack\\BStackDemoTest.java',
      vc_filepath: 'testng-browserstack-master\\src\\test\\java\\com\\browserstack\\BStackDemoTest.java',
      location: 'testng-browserstack-master\\src\\test\\java\\com\\browserstack\\BStackDemoTest.java',
      started_at: '2026-01-05T19:08:07.494Z'
    },
    logs: []
  }
] to 25956:0
2026-01-05T19:08:07.925Z CLI info  [theekshanipramod_ixK9dR]  [ijoleqof62r9tkvxkk7jjkvbobljgrupdu2lx97e]  [2192d6a8-b008-44eb-8b51-9e2dc95ad35e]  [PRODUCTION] Making POST request to https://collector-observability.browserstack.com
2026-01-05T19:08:08.829Z CLI info [testhub:request-queue-handler]  [theekshanipramod_ixK9dR]  [ijoleqof62r9tkvxkk7jjkvbobljgrupdu2lx97e]  [2192d6a8-b008-44eb-8b51-9e2dc95ad35e]  Added the event {
  event_type: 'HookRunFinished',
  hook_run: {
    type: 'hook',
    hook_type: 'AFTER_METHOD',
    framework: 'TestNG',
    uuid: '6961d220-6386-41e0-96d6-a3c3fe933726',
    name: 'tearDown',
    result: 'passed',
    test_run_id: '78ed2edf-8615-438c-85bb-cdf9d09ef74b',
    body: { lang: 'java', code: null },
    scope: 'Cross-Platform.com.browserstack.BStackDemoTest',
    custom_metadata: {},
    tags: [],
    scopes: [ 'Cross-Platform', 'com.browserstack.BStackDemoTest' ],
    file_name: 'testng-browserstack-master\\src\\test\\java\\com\\browserstack\\BStackDemoTest.java',
    vc_filepath: 'testng-browserstack-master\\src\\test\\java\\com\\browserstack\\BStackDemoTest.java',
    location: 'testng-browserstack-master\\src\\test\\java\\com\\browserstack\\BStackDemoTest.java',
    started_at: '2026-01-05T19:08:06.879Z',
    finished_at: '2026-01-05T19:08:08.821Z'
  },
  logs: []
} to 25956:0
2026-01-05T19:08:09.194Z CLI info [testhub:request-queue-handler]  [theekshanipramod_ixK9dR]  [ijoleqof62r9tkvxkk7jjkvbobljgrupdu2lx97e]  [2192d6a8-b008-44eb-8b51-9e2dc95ad35e]  Added the event {
  event_type: 'HookRunFinished',
  hook_run: {
    type: 'hook',
    hook_type: 'AFTER_METHOD',
    framework: 'TestNG',
    uuid: '57ceb5b6-545d-471a-82fd-58bf64986971',
    name: 'tearDown',
    result: 'passed',
    test_run_id: 'c366835e-acdf-41dc-b480-a7126933c0bc',
    body: { lang: 'java', code: null },
    scope: 'Cross-Platform.com.browserstack.BStackDemoTest',
    custom_metadata: {},
    tags: [],
    scopes: [ 'Cross-Platform', 'com.browserstack.BStackDemoTest' ],
    file_name: 'testng-browserstack-master\\src\\test\\java\\com\\browserstack\\BStackDemoTest.java',
    vc_filepath: 'testng-browserstack-master\\src\\test\\java\\com\\browserstack\\BStackDemoTest.java',
    location: 'testng-browserstack-master\\src\\test\\java\\com\\browserstack\\BStackDemoTest.java',
    started_at: '2026-01-05T19:08:07.494Z',
    finished_at: '2026-01-05T19:08:09.188Z'
  },
  logs: []
} to 25956:0
2026-01-05T19:08:09.927Z CLI info [testhub:request-queue-handler]  [theekshanipramod_ixK9dR]  [ijoleqof62r9tkvxkk7jjkvbobljgrupdu2lx97e]  [2192d6a8-b008-44eb-8b51-9e2dc95ad35e]  Processing batch event [
  {
    event_type: 'HookRunFinished',
    hook_run: {
      type: 'hook',
      hook_type: 'AFTER_METHOD',
      framework: 'TestNG',
      uuid: '6961d220-6386-41e0-96d6-a3c3fe933726',
      name: 'tearDown',
      result: 'passed',
      test_run_id: '78ed2edf-8615-438c-85bb-cdf9d09ef74b',
      body: [Object],
      scope: 'Cross-Platform.com.browserstack.BStackDemoTest',
      custom_metadata: {},
      tags: [],
      scopes: [Array],
      file_name: 'testng-browserstack-master\\src\\test\\java\\com\\browserstack\\BStackDemoTest.java',
      vc_filepath: 'testng-browserstack-master\\src\\test\\java\\com\\browserstack\\BStackDemoTest.java',
      location: 'testng-browserstack-master\\src\\test\\java\\com\\browserstack\\BStackDemoTest.java',
      started_at: '2026-01-05T19:08:06.879Z',
      finished_at: '2026-01-05T19:08:08.821Z'
    },
    logs: []
  },
  {
    event_type: 'HookRunFinished',
    hook_run: {
      type: 'hook',
      hook_type: 'AFTER_METHOD',
      framework: 'TestNG',
      uuid: '57ceb5b6-545d-471a-82fd-58bf64986971',
      name: 'tearDown',
      result: 'passed',
      test_run_id: 'c366835e-acdf-41dc-b480-a7126933c0bc',
      body: [Object],
      scope: 'Cross-Platform.com.browserstack.BStackDemoTest',
      custom_metadata: {},
      tags: [],
      scopes: [Array],
      file_name: 'testng-browserstack-master\\src\\test\\java\\com\\browserstack\\BStackDemoTest.java',
      vc_filepath: 'testng-browserstack-master\\src\\test\\java\\com\\browserstack\\BStackDemoTest.java',
      location: 'testng-browserstack-master\\src\\test\\java\\com\\browserstack\\BStackDemoTest.java',
      started_at: '2026-01-05T19:08:07.494Z',
      finished_at: '2026-01-05T19:08:09.188Z'
    },
    logs: []
  }
] to 25956:0
2026-01-05T19:08:09.928Z CLI info  [theekshanipramod_ixK9dR]  [ijoleqof62r9tkvxkk7jjkvbobljgrupdu2lx97e]  [2192d6a8-b008-44eb-8b51-9e2dc95ad35e]  [PRODUCTION] Making POST request to https://collector-observability.browserstack.com
2026-01-05T19:08:36.698Z CLI info [testhub:request-queue-handler]  [theekshanipramod_ixK9dR]  [ijoleqof62r9tkvxkk7jjkvbobljgrupdu2lx97e]  [2192d6a8-b008-44eb-8b51-9e2dc95ad35e]  Added the event {
  event_type: 'LogCreated',
  logs: [
    {
      testFrameworkName: 'TestNG',
      testFrameworkVersion: '7.9.0',
      testFrameworkState: 'LOG',
      timestamp: '2026-01-05T19:08:36.694Z',
      uuid: '86cf381c-9ef3-4f29-816c-eb3a44de5693',
      kind: 'TEST_LOG',
      message: '"Site Title: StackDemo"',
      level: 'INFO',
      test_run_uuid: '86cf381c-9ef3-4f29-816c-eb3a44de5693'
    }
  ]
} to 25956:0
2026-01-05T19:08:36.753Z CLI info [testhub:request-queue-handler]  [theekshanipramod_ixK9dR]  [ijoleqof62r9tkvxkk7jjkvbobljgrupdu2lx97e]  [2192d6a8-b008-44eb-8b51-9e2dc95ad35e]  Added the event {
  event_type: 'HookRunFinished',
  hook_run: {
    type: 'hook',
    hook_type: 'BEFORE_METHOD',
    framework: 'TestNG',
    uuid: '86cf381c-9ef3-4f29-816c-eb3a44de5693',
    name: 'setUp',
    result: 'passed',
    test_run_id: 'db60376e-b4fd-443c-a04d-46190cd787e0',
    body: { lang: 'java', code: null },
    scope: 'Cross-Platform.com.browserstack.BStackDemoTest',
    custom_metadata: {},
    tags: [],
    scopes: [ 'Cross-Platform', 'com.browserstack.BStackDemoTest' ],
    file_name: 'testng-browserstack-master\\src\\test\\java\\com\\browserstack\\BStackDemoTest.java',
    vc_filepath: 'testng-browserstack-master\\src\\test\\java\\com\\browserstack\\BStackDemoTest.java',
    location: 'testng-browserstack-master\\src\\test\\java\\com\\browserstack\\BStackDemoTest.java',
    started_at: '2026-01-05T19:07:26.412Z',
    finished_at: '2026-01-05T19:08:36.744Z'
  },
  logs: []
} to 25956:0
2026-01-05T19:08:36.813Z CLI info [testhub:request-queue-handler]  [theekshanipramod_ixK9dR]  [ijoleqof62r9tkvxkk7jjkvbobljgrupdu2lx97e]  [2192d6a8-b008-44eb-8b51-9e2dc95ad35e]  Added the event {
  event_type: 'CBTSessionCreated',
  test_run: {
    uuid: 'a465a701-5b3a-41b6-82d9-c6f682e27e65',
    integrations: { browserstack: [Object] }
  }
} to 25956:0
2026-01-05T19:08:36.822Z CLI info [testhub:request-queue-handler]  [theekshanipramod_ixK9dR]  [ijoleqof62r9tkvxkk7jjkvbobljgrupdu2lx97e]  [2192d6a8-b008-44eb-8b51-9e2dc95ad35e]  Added the event {
  event_type: 'TestRunStarted',
  test_run: {
    type: 'test',
    framework: 'TestNG',
    uuid: 'a465a701-5b3a-41b6-82d9-c6f682e27e65',
    name: 'addProductToCart',
    body: {
      lang: 'java',
      code: 'public void com.browserstack.BStackDemoTest.addProductToCart() throws java.lang.Exception'
    },
    identifier: 'addProductToCart',
    scope: 'Cross-Platform.com.browserstack.BStackDemoTest',
    scopes: [ 'Cross-Platform', 'com.browserstack.BStackDemoTest' ],
    file_name: 'src\\test\\java\\com\\browserstack\\BStackDemoTest.java',
    vc_filepath: 'src\\test\\java\\com\\browserstack\\BStackDemoTest.java',
    location: 'src\\test\\java\\com\\browserstack\\BStackDemoTest.java',
    meta: {},
    result: 'pending',
    duration_in_ms: null,
    started_at: '2026-01-05T19:08:36.792Z',
    failure: undefined,
    failure_type: undefined,
    failure_reason: undefined,
    retry_of: null,
    custom_metadata: {},
    tags: [],
    customRerunParam: { rerun_name: 'BStackDemo-2' },
    hooks: [],
    product_map: {
      observability: true,
      accessibility: false,
      percy: false,
      automate: true,
      app_automate: false,
      lts: false
    },
    integrations: { browserstack: [Object] }
  },
  logs: []
} to 25956:0
2026-01-05T19:08:38.054Z CLI info [testhub:request-queue-handler]  [theekshanipramod_ixK9dR]  [ijoleqof62r9tkvxkk7jjkvbobljgrupdu2lx97e]  [2192d6a8-b008-44eb-8b51-9e2dc95ad35e]  Processing batch event [
  { event_type: 'LogCreated', logs: [ [Object] ] },
  {
    event_type: 'HookRunFinished',
    hook_run: {
      type: 'hook',
      hook_type: 'BEFORE_METHOD',
      framework: 'TestNG',
      uuid: '86cf381c-9ef3-4f29-816c-eb3a44de5693',
      name: 'setUp',
      result: 'passed',
      test_run_id: 'db60376e-b4fd-443c-a04d-46190cd787e0',
      body: [Object],
      scope: 'Cross-Platform.com.browserstack.BStackDemoTest',
      custom_metadata: {},
      tags: [],
      scopes: [Array],
      file_name: 'testng-browserstack-master\\src\\test\\java\\com\\browserstack\\BStackDemoTest.java',
      vc_filepath: 'testng-browserstack-master\\src\\test\\java\\com\\browserstack\\BStackDemoTest.java',
      location: 'testng-browserstack-master\\src\\test\\java\\com\\browserstack\\BStackDemoTest.java',
      started_at: '2026-01-05T19:07:26.412Z',
      finished_at: '2026-01-05T19:08:36.744Z'
    },
    logs: []
  },
  {
    event_type: 'CBTSessionCreated',
    test_run: {
      uuid: 'a465a701-5b3a-41b6-82d9-c6f682e27e65',
      integrations: [Object]
    }
  },
  {
    event_type: 'TestRunStarted',
    test_run: {
      type: 'test',
      framework: 'TestNG',
      uuid: 'a465a701-5b3a-41b6-82d9-c6f682e27e65',
      name: 'addProductToCart',
      body: [Object],
      identifier: 'addProductToCart',
      scope: 'Cross-Platform.com.browserstack.BStackDemoTest',
      scopes: [Array],
      file_name: 'src\\test\\java\\com\\browserstack\\BStackDemoTest.java',
      vc_filepath: 'src\\test\\java\\com\\browserstack\\BStackDemoTest.java',
      location: 'src\\test\\java\\com\\browserstack\\BStackDemoTest.java',
      meta: {},
      result: 'pending',
      duration_in_ms: null,
      started_at: '2026-01-05T19:08:36.792Z',
      failure: undefined,
      failure_type: undefined,
      failure_reason: undefined,
      retry_of: null,
      custom_metadata: {},
      tags: [],
      customRerunParam: [Object],
      hooks: [],
      product_map: [Object],
      integrations: [Object]
    },
    logs: []
  }
] to 25956:0
2026-01-05T19:08:38.055Z CLI info  [theekshanipramod_ixK9dR]  [ijoleqof62r9tkvxkk7jjkvbobljgrupdu2lx97e]  [2192d6a8-b008-44eb-8b51-9e2dc95ad35e]  [PRODUCTION] Making POST request to https://collector-observability.browserstack.com
2026-01-05T19:08:48.422Z CLI warn [TEST REPORTING AND ANALYTICS:java:testng]  [theekshanipramod_ixK9dR]  [ijoleqof62r9tkvxkk7jjkvbobljgrupdu2lx97e]  [2192d6a8-b008-44eb-8b51-9e2dc95ad35e]  TestRunFinished: event={"test_hook_last_started":"BEFORE_METHOD","test_failure_type":null,"test_rerun_name":"BStackDemo-2","test_result_at":"2026-01-06T00:38:46.481895900","test_scope":"Cross-Platform.com.browserstack.BStackDemoTest","test_framework_name":"TestNG","test_tags":"","cbt_session_created":true,"test_started_at":"2026-01-06T00:38:36.792652700","platform_index":0,"test_failure":null,"test_framework_version":"7.9.0","test_logs":[],"test_scopes":["Cross-Platform","com.browserstack.BStackDemoTest"],"test_code":"public void com.browserstack.BStackDemoTest.addProductToCart() throws java.lang.Exception","test_id":"BStackDemo-2@2","test_uuid":"a465a701-5b3a-41b6-82d9-c6f682e27e65","test_ended_at":"2026-01-06T00:38:46.481895900","automate_session_name":"BStackDemo-22","test_hook_last_finished":"BEFORE_METHOD","test_session_name":"com.browserstack.BStackDemoTest-addProductToCart","test_hook_state":"sdk:hook:a542b3f4","custom_metadata":{},"test_failure_reason":null,"test_location":"src\\test\\java\\com\\browserstack\\BStackDemoTest.java","test_hooks_started":{"BEFORE_METHOD":[]},"test_file_path":"src\\test\\java\\com\\browserstack\\BStackDemoTest.java","test_result":"passed","test_hooks_finished":{"BEFORE_METHOD":[{"hook_name":"setUp","hook_result":"passed","test_file_path":"testng-browserstack-master\\src\\test\\java\\com\\browserstack\\BStackDemoTest.java","event_started_at":"2026-01-06T00:37:26.412989","hook_id":"86cf381c-9ef3-4f29-816c-eb3a44de5693","hook_logs":[],"logs":[],"key":"BEFORE_METHOD","custom_metadata":{},"event_ended_at":"2026-01-06T00:38:36.744168900","test_location":"testng-browserstack-master\\src\\test\\java\\com\\browserstack\\BStackDemoTest.java"}]},"hook_id":"86cf381c-9ef3-4f29-816c-eb3a44de5693","test_meta":{},"isBrowserstackAutomationSession":true,"test_name":"addProductToCart","logs":[]}
2026-01-05T19:08:48.423Z CLI info [testhub:request-queue-handler]  [theekshanipramod_ixK9dR]  [ijoleqof62r9tkvxkk7jjkvbobljgrupdu2lx97e]  [2192d6a8-b008-44eb-8b51-9e2dc95ad35e]  Added the event {
  event_type: 'TestRunFinished',
  test_run: {
    type: 'test',
    framework: 'TestNG',
    uuid: 'a465a701-5b3a-41b6-82d9-c6f682e27e65',
    name: 'addProductToCart',
    body: {
      lang: 'java',
      code: 'public void com.browserstack.BStackDemoTest.addProductToCart() throws java.lang.Exception'
    },
    identifier: 'addProductToCart',
    scope: 'Cross-Platform.com.browserstack.BStackDemoTest',
    scopes: [ 'Cross-Platform', 'com.browserstack.BStackDemoTest' ],
    file_name: 'src\\test\\java\\com\\browserstack\\BStackDemoTest.java',
    vc_filepath: 'src\\test\\java\\com\\browserstack\\BStackDemoTest.java',
    location: 'src\\test\\java\\com\\browserstack\\BStackDemoTest.java',
    meta: {},
    result: 'passed',
    duration_in_ms: 9689,
    started_at: '2026-01-05T19:08:36.792Z',
    finished_at: '2026-01-05T19:08:46.481Z',
    failure: null,
    failure_type: null,
    failure_reason: null,
    retry_of: null,
    custom_metadata: {},
    tags: [],
    customRerunParam: { rerun_name: 'BStackDemo-2' },
    hooks: [ '86cf381c-9ef3-4f29-816c-eb3a44de5693' ],
    product_map: {
      observability: true,
      accessibility: false,
      percy: false,
      automate: true,
      app_automate: false,
      lts: false
    }
  },
  logs: []
} to 25956:0
2026-01-05T19:08:48.484Z CLI info [testhub:request-queue-handler]  [theekshanipramod_ixK9dR]  [ijoleqof62r9tkvxkk7jjkvbobljgrupdu2lx97e]  [2192d6a8-b008-44eb-8b51-9e2dc95ad35e]  Added the event {
  event_type: 'HookRunStarted',
  hook_run: {
    type: 'hook',
    hook_type: 'AFTER_METHOD',
    framework: 'TestNG',
    uuid: 'aa06613d-b19c-4383-847d-6b38c92cb81e',
    name: 'tearDown',
    result: 'pending',
    test_run_id: 'a465a701-5b3a-41b6-82d9-c6f682e27e65',
    body: { lang: 'java', code: null },
    scope: 'Cross-Platform.com.browserstack.BStackDemoTest',
    custom_metadata: {},
    tags: [],
    scopes: [ 'Cross-Platform', 'com.browserstack.BStackDemoTest' ],
    file_name: 'testng-browserstack-master\\src\\test\\java\\com\\browserstack\\BStackDemoTest.java',
    vc_filepath: 'testng-browserstack-master\\src\\test\\java\\com\\browserstack\\BStackDemoTest.java',
    location: 'testng-browserstack-master\\src\\test\\java\\com\\browserstack\\BStackDemoTest.java',
    started_at: '2026-01-05T19:08:48.478Z'
  },
  logs: []
} to 25956:0
2026-01-05T19:08:50.084Z CLI info [testhub:request-queue-handler]  [theekshanipramod_ixK9dR]  [ijoleqof62r9tkvxkk7jjkvbobljgrupdu2lx97e]  [2192d6a8-b008-44eb-8b51-9e2dc95ad35e]  Processing batch event [
  {
    event_type: 'TestRunFinished',
    test_run: {
      type: 'test',
      framework: 'TestNG',
      uuid: 'a465a701-5b3a-41b6-82d9-c6f682e27e65',
      name: 'addProductToCart',
      body: [Object],
      identifier: 'addProductToCart',
      scope: 'Cross-Platform.com.browserstack.BStackDemoTest',
      scopes: [Array],
      file_name: 'src\\test\\java\\com\\browserstack\\BStackDemoTest.java',
      vc_filepath: 'src\\test\\java\\com\\browserstack\\BStackDemoTest.java',
      location: 'src\\test\\java\\com\\browserstack\\BStackDemoTest.java',
      meta: {},
      result: 'passed',
      duration_in_ms: 9689,
      started_at: '2026-01-05T19:08:36.792Z',
      finished_at: '2026-01-05T19:08:46.481Z',
      failure: null,
      failure_type: null,
      failure_reason: null,
      retry_of: null,
      custom_metadata: {},
      tags: [],
      customRerunParam: [Object],
      hooks: [Array],
      product_map: [Object]
    },
    logs: []
  },
  {
    event_type: 'HookRunStarted',
    hook_run: {
      type: 'hook',
      hook_type: 'AFTER_METHOD',
      framework: 'TestNG',
      uuid: 'aa06613d-b19c-4383-847d-6b38c92cb81e',
      name: 'tearDown',
      result: 'pending',
      test_run_id: 'a465a701-5b3a-41b6-82d9-c6f682e27e65',
      body: [Object],
      scope: 'Cross-Platform.com.browserstack.BStackDemoTest',
      custom_metadata: {},
      tags: [],
      scopes: [Array],
      file_name: 'testng-browserstack-master\\src\\test\\java\\com\\browserstack\\BStackDemoTest.java',
      vc_filepath: 'testng-browserstack-master\\src\\test\\java\\com\\browserstack\\BStackDemoTest.java',
      location: 'testng-browserstack-master\\src\\test\\java\\com\\browserstack\\BStackDemoTest.java',
      started_at: '2026-01-05T19:08:48.478Z'
    },
    logs: []
  }
] to 25956:0
2026-01-05T19:08:50.085Z CLI info  [theekshanipramod_ixK9dR]  [ijoleqof62r9tkvxkk7jjkvbobljgrupdu2lx97e]  [2192d6a8-b008-44eb-8b51-9e2dc95ad35e]  [PRODUCTION] Making POST request to https://collector-observability.browserstack.com
2026-01-05T19:08:50.168Z CLI info [testhub:request-queue-handler]  [theekshanipramod_ixK9dR]  [ijoleqof62r9tkvxkk7jjkvbobljgrupdu2lx97e]  [2192d6a8-b008-44eb-8b51-9e2dc95ad35e]  Added the event {
  event_type: 'HookRunFinished',
  hook_run: {
    type: 'hook',
    hook_type: 'AFTER_METHOD',
    framework: 'TestNG',
    uuid: 'aa06613d-b19c-4383-847d-6b38c92cb81e',
    name: 'tearDown',
    result: 'passed',
    test_run_id: 'a465a701-5b3a-41b6-82d9-c6f682e27e65',
    body: { lang: 'java', code: null },
    scope: 'Cross-Platform.com.browserstack.BStackDemoTest',
    custom_metadata: {},
    tags: [],
    scopes: [ 'Cross-Platform', 'com.browserstack.BStackDemoTest' ],
    file_name: 'testng-browserstack-master\\src\\test\\java\\com\\browserstack\\BStackDemoTest.java',
    vc_filepath: 'testng-browserstack-master\\src\\test\\java\\com\\browserstack\\BStackDemoTest.java',
    location: 'testng-browserstack-master\\src\\test\\java\\com\\browserstack\\BStackDemoTest.java',
    started_at: '2026-01-05T19:08:48.478Z',
    finished_at: '2026-01-05T19:08:50.160Z'
  },
  logs: []
} to 25956:0
2026-01-05T19:08:52.094Z CLI info [testhub:request-queue-handler]  [theekshanipramod_ixK9dR]  [ijoleqof62r9tkvxkk7jjkvbobljgrupdu2lx97e]  [2192d6a8-b008-44eb-8b51-9e2dc95ad35e]  Processing batch event [
  {
    event_type: 'HookRunFinished',
    hook_run: {
      type: 'hook',
      hook_type: 'AFTER_METHOD',
      framework: 'TestNG',
      uuid: 'aa06613d-b19c-4383-847d-6b38c92cb81e',
      name: 'tearDown',
      result: 'passed',
      test_run_id: 'a465a701-5b3a-41b6-82d9-c6f682e27e65',
      body: [Object],
      scope: 'Cross-Platform.com.browserstack.BStackDemoTest',
      custom_metadata: {},
      tags: [],
      scopes: [Array],
      file_name: 'testng-browserstack-master\\src\\test\\java\\com\\browserstack\\BStackDemoTest.java',
      vc_filepath: 'testng-browserstack-master\\src\\test\\java\\com\\browserstack\\BStackDemoTest.java',
      location: 'testng-browserstack-master\\src\\test\\java\\com\\browserstack\\BStackDemoTest.java',
      started_at: '2026-01-05T19:08:48.478Z',
      finished_at: '2026-01-05T19:08:50.160Z'
    },
    logs: []
  }
] to 25956:0
2026-01-05T19:08:52.095Z CLI info  [theekshanipramod_ixK9dR]  [ijoleqof62r9tkvxkk7jjkvbobljgrupdu2lx97e]  [2192d6a8-b008-44eb-8b51-9e2dc95ad35e]  [PRODUCTION] Making POST request to https://collector-observability.browserstack.com
2026-01-05T19:08:53.056Z CLI info  [theekshanipramod_ixK9dR]  [ijoleqof62r9tkvxkk7jjkvbobljgrupdu2lx97e]  [2192d6a8-b008-44eb-8b51-9e2dc95ad35e]  [PRODUCTION] Making PUT request to https://collector-observability.browserstack.com
2026-01-05T19:08:54.385Z CLI info [testhub:module]  [theekshanipramod_ixK9dR]  [ijoleqof62r9tkvxkk7jjkvbobljgrupdu2lx97e]  [2192d6a8-b008-44eb-8b51-9e2dc95ad35e]  stopBuild: ijoleqof62r9tkvxkk7jjkvbobljgrupdu2lx97e request={"finished_at":"2026-01-05T19:08:50.365Z","finished_metadata":[],"custom_metadata":{}} response={"data":""}
2026-01-05T19:08:54.389Z CLI info  [theekshanipramod_ixK9dR]  [ijoleqof62r9tkvxkk7jjkvbobljgrupdu2lx97e]  [2192d6a8-b008-44eb-8b51-9e2dc95ad35e]  [PRODUCTION] Making POST request to https://api.browserstack.com
2026-01-05T19:08:54.396Z CLI info [TEST REPORTING AND ANALYTICS:module]  [theekshanipramod_ixK9dR]  [ijoleqof62r9tkvxkk7jjkvbobljgrupdu2lx97e]  [2192d6a8-b008-44eb-8b51-9e2dc95ad35e]  Visit https://automation.browserstack.com/builds/ijoleqof62r9tkvxkk7jjkvbobljgrupdu2lx97e to view build report, insights, and many more debugging information all at one place!
2026-01-05T19:08:57.266Z CLI info  [theekshanipramod_ixK9dR]  [ijoleqof62r9tkvxkk7jjkvbobljgrupdu2lx97e]  [2192d6a8-b008-44eb-8b51-9e2dc95ad35e]  [PRODUCTION] Making GET request to https://api.browserstack.com
2026-01-05T19:08:57.926Z CLI info  [theekshanipramod_ixK9dR]  [ijoleqof62r9tkvxkk7jjkvbobljgrupdu2lx97e]  [2192d6a8-b008-44eb-8b51-9e2dc95ad35e]  [PRODUCTION] Making POST request to https://eds.browserstack.com
